#
# There is insufficient memory for the Java Runtime Environment to continue.
# Native memory allocation (mmap) failed to map 65536 bytes for Failed to commit metaspace.
# Possible reasons:
#   The system is out of physical RAM or swap space
#   The process is running with CompressedOops enabled, and the Java Heap may be blocking the growth of the native heap
# Possible solutions:
#   Reduce memory load on the system
#   Increase physical memory or swap space
#   Check if swap backing store is full
#   Decrease Java heap size (-Xmx/-Xms)
#   Decrease number of Java threads
#   Decrease Java thread stack sizes (-Xss)
#   Set larger code cache with -XX:ReservedCodeCacheSize=
#   JVM is running with Unscaled Compressed Oops mode in which the Java heap is
#     placed in the first 4GB address space. The Java Heap base address is the
#     maximum limit for the native heap growth. Please use -XX:HeapBaseMinAddress
#     to set the Java Heap base and to place the Java Heap above 4GB virtual address.
# This output file may be truncated or incomplete.
#
#  Out of Memory Error (virtualSpaceNode.cpp:110), pid=15260, tid=3704
#
# JRE version: Java(TM) SE Runtime Environment (17.0.9+11) (build 17.0.9+11-LTS-201)
# Java VM: Java HotSpot(TM) 64-Bit Server VM (17.0.9+11-LTS-201, mixed mode, emulated-client, sharing, tiered, compressed oops, compressed class ptrs, g1 gc, windows-amd64)
# No core dump will be written. Minidumps are not enabled by default on client versions of Windows
#

---------------  S U M M A R Y ------------

Command Line: -XX:+ShowCodeDetailsInExceptionMessages -agentlib:jdwp=transport=dt_socket,suspend=y,address=localhost:59857 -Dcom.sun.management.jmxremote -Dcom.sun.management.jmxremote.port=58611 -Dcom.sun.management.jmxremote.authenticate=false -Dcom.sun.management.jmxremote.ssl=false -Djava.rmi.server.hostname=localhost -Dspring.jmx.enabled=true -Dmanagement.endpoints.jmx.exposure.include=* -Dspring.application.admin.enabled=true -XX:TieredStopAtLevel=1 -Dspring.boot.project.name=lichchieu-service -javaagent:C:\Users\anh12\eclipse\jee-2023-12\eclipse\configuration\org.eclipse.osgi\434\0\.cp\lib\javaagent-shaded.jar -Dfile.encoding=UTF-8 -Dstdout.encoding=UTF-8 -Dstderr.encoding=UTF-8 com.jpn2018.lichchieuservice.LichchieuServiceApplication --spring.output.ansi.enabled=always

Host: Intel(R) Core(TM) i5-4300U CPU @ 1.90GHz, 4 cores, 7G,  Windows 10 , 64 bit Build 19041 (10.0.19041.3636)
Time: Mon May 13 20:23:02 2024 SE Asia Standard Time elapsed time: 62.287483 seconds (0d 0h 1m 2s)

---------------  T H R E A D  ---------------

Current thread (0x000002585dc170b0):  JavaThread "restartedMain" [_thread_in_vm, id=3704, stack(0x000000d8d0800000,0x000000d8d0900000)]

Stack: [0x000000d8d0800000,0x000000d8d0900000]
Native frames: (J=compiled Java code, j=interpreted, Vv=VM code, C=native code)
V  [jvm.dll+0x678a4a]
V  [jvm.dll+0x7d9cfd]
V  [jvm.dll+0x7db60e]
V  [jvm.dll+0x7dbc73]
V  [jvm.dll+0x245e1f]
V  [jvm.dll+0x7d5a0b]
V  [jvm.dll+0x61ebc6]
V  [jvm.dll+0x1c01f7]
V  [jvm.dll+0x621530]
V  [jvm.dll+0x61f586]
V  [jvm.dll+0x630339]
V  [jvm.dll+0x629654]
V  [jvm.dll+0x37e5a1]
C  0x000002580d25f474

Java frames: (J=compiled Java code, j=interpreted, Vv=VM code)
j  org.springframework.aop.framework.AdvisedSupport.addAdvisorInternal(ILorg/springframework/aop/Advisor;)V+0
j  org.springframework.aop.framework.AdvisedSupport.addAdvisor(ILorg/springframework/aop/Advisor;)V+20
j  org.springframework.aop.framework.AdvisedSupport.addAdvice(ILorg/aopalliance/aop/Advice;)V+29
j  org.springframework.aop.framework.AdvisedSupport.addAdvice(Lorg/aopalliance/aop/Advice;)V+13
j  org.springframework.aop.scope.ScopedProxyFactoryBean.setBeanFactory(Lorg/springframework/beans/factory/BeanFactory;)V+169
j  org.springframework.cloud.context.scope.GenericScope$LockedScopedProxyFactoryBean.setBeanFactory(Lorg/springframework/beans/factory/BeanFactory;)V+2
j  org.springframework.beans.factory.support.AbstractAutowireCapableBeanFactory.invokeAwareMethods(Ljava/lang/String;Ljava/lang/Object;)V+71
j  org.springframework.beans.factory.support.AbstractAutowireCapableBeanFactory.initializeBean(Ljava/lang/String;Ljava/lang/Object;Lorg/springframework/beans/factory/support/RootBeanDefinition;)Ljava/lang/Object;+3
j  org.springframework.beans.factory.support.AbstractAutowireCapableBeanFactory.doCreateBean(Ljava/lang/String;Lorg/springframework/beans/factory/support/RootBeanDefinition;[Ljava/lang/Object;)Ljava/lang/Object;+228
j  org.springframework.beans.factory.support.AbstractAutowireCapableBeanFactory.createBean(Ljava/lang/String;Lorg/springframework/beans/factory/support/RootBeanDefinition;[Ljava/lang/Object;)Ljava/lang/Object;+153
j  org.springframework.beans.factory.support.AbstractBeanFactory.lambda$doGetBean$0(Ljava/lang/String;Lorg/springframework/beans/factory/support/RootBeanDefinition;[Ljava/lang/Object;)Ljava/lang/Object;+4
j  org.springframework.beans.factory.support.AbstractBeanFactory$$Lambda$490+0x000002581930c908.getObject()Ljava/lang/Object;+16
j  org.springframework.beans.factory.support.DefaultSingletonBeanRegistry.getSingleton(Ljava/lang/String;Lorg/springframework/beans/factory/ObjectFactory;)Ljava/lang/Object;+114
J 3721 c1 org.springframework.beans.factory.support.AbstractBeanFactory.doGetBean(Ljava/lang/String;Ljava/lang/Class;[Ljava/lang/Object;Z)Ljava/lang/Object; (740 bytes) @ 0x000002580dad6fec [0x000002580dad69c0+0x000000000000062c]
j  org.springframework.beans.factory.support.AbstractBeanFactory.getTypeForFactoryBean(Ljava/lang/String;Lorg/springframework/beans/factory/support/RootBeanDefinition;Z)Lorg/springframework/core/ResolvableType;+41
J 3934 c1 org.springframework.beans.factory.support.AbstractAutowireCapableBeanFactory.getTypeForFactoryBean(Ljava/lang/String;Lorg/springframework/beans/factory/support/RootBeanDefinition;Z)Lorg/springframework/core/ResolvableType; (362 bytes) @ 0x000002580db3d564 [0x000002580db3c920+0x0000000000000c44]
J 4241 c1 org.springframework.beans.factory.support.AbstractBeanFactory.getType(Ljava/lang/String;Z)Ljava/lang/Class; (246 bytes) @ 0x000002580dbe5114 [0x000002580dbe4de0+0x0000000000000334]
J 4416 c1 org.springframework.beans.factory.support.DefaultListableBeanFactory.findAnnotationOnBean(Ljava/lang/String;Ljava/lang/Class;Z)Ljava/lang/annotation/Annotation; (174 bytes) @ 0x000002580d937f24 [0x000002580d937ec0+0x0000000000000064]
J 5254 c1 org.springframework.beans.factory.support.DefaultListableBeanFactory.findAnnotationOnBean(Ljava/lang/String;Ljava/lang/Class;)Ljava/lang/annotation/Annotation; (8 bytes) @ 0x000002580dbf8f7c [0x000002580dbf8f20+0x000000000000005c]
j  org.springframework.beans.factory.support.DefaultListableBeanFactory.getBeanNamesForAnnotation(Ljava/lang/Class;)[Ljava/lang/String;+73
j  org.springframework.context.support.AbstractApplicationContext.getBeanNamesForAnnotation(Ljava/lang/Class;)[Ljava/lang/String;+9
j  org.springframework.beans.factory.BeanFactoryUtils.beanNamesForAnnotationIncludingAncestors(Lorg/springframework/beans/factory/ListableBeanFactory;Ljava/lang/Class;)[Ljava/lang/String;+8
j  org.springframework.boot.actuate.endpoint.annotation.EndpointDiscoverer.createEndpointBeans()Ljava/util/Collection;+14
j  org.springframework.boot.actuate.endpoint.annotation.EndpointDiscoverer.discoverEndpoints()Ljava/util/Collection;+1
j  org.springframework.boot.actuate.endpoint.annotation.EndpointDiscoverer.getEndpoints()Ljava/util/Collection;+9
j  org.springframework.boot.actuate.autoconfigure.endpoint.web.ServletEndpointManagementContextConfiguration$WebMvcServletEndpointManagementContextConfiguration.servletEndpointRegistrar(Lorg/springframework/boot/actuate/autoconfigure/endpoint/web/WebEndpointProperties;Lorg/springframework/boot/actuate/endpoint/web/annotation/ServletEndpointsSupplier;Lorg/springframework/boot/autoconfigure/web/servlet/DispatcherServletPath;)Lorg/springframework/boot/actuate/endpoint/web/ServletEndpointRegistrar;+15
v  ~StubRoutines::call_stub
J 5218  jdk.internal.reflect.NativeMethodAccessorImpl.invoke0(Ljava/lang/reflect/Method;Ljava/lang/Object;[Ljava/lang/Object;)Ljava/lang/Object; java.base@17.0.9 (0 bytes) @ 0x000002580dc088a7 [0x000002580dc08820+0x0000000000000087]
J 5217 c1 jdk.internal.reflect.NativeMethodAccessorImpl.invoke(Ljava/lang/Object;[Ljava/lang/Object;)Ljava/lang/Object; java.base@17.0.9 (137 bytes) @ 0x000002580dc07ffc [0x000002580dc07d00+0x00000000000002fc]
J 4427 c1 jdk.internal.reflect.DelegatingMethodAccessorImpl.invoke(Ljava/lang/Object;[Ljava/lang/Object;)Ljava/lang/Object; java.base@17.0.9 (10 bytes) @ 0x000002580d93457c [0x000002580d934520+0x000000000000005c]
J 4462 c1 java.lang.reflect.Method.invoke(Ljava/lang/Object;[Ljava/lang/Object;)Ljava/lang/Object; java.base@17.0.9 (65 bytes) @ 0x000002580d921c04 [0x000002580d921ae0+0x0000000000000124]
j  org.springframework.beans.factory.support.SimpleInstantiationStrategy.instantiate(Lorg/springframework/beans/factory/support/RootBeanDefinition;Ljava/lang/String;Lorg/springframework/beans/factory/BeanFactory;Ljava/lang/Object;Ljava/lang/reflect/Method;[Ljava/lang/Object;)Ljava/lang/Object;+30
j  org.springframework.beans.factory.support.ConstructorResolver.instantiate(Ljava/lang/String;Lorg/springframework/beans/factory/support/RootBeanDefinition;Ljava/lang/Object;Ljava/lang/reflect/Method;[Ljava/lang/Object;)Ljava/lang/Object;+18
j  org.springframework.beans.factory.support.ConstructorResolver.instantiateUsingFactoryMethod(Ljava/lang/String;Lorg/springframework/beans/factory/support/RootBeanDefinition;[Ljava/lang/Object;)Lorg/springframework/beans/BeanWrapper;+1438
j  org.springframework.beans.factory.support.AbstractAutowireCapableBeanFactory.instantiateUsingFactoryMethod(Ljava/lang/String;Lorg/springframework/beans/factory/support/RootBeanDefinition;[Ljava/lang/Object;)Lorg/springframework/beans/BeanWrapper;+11
j  org.springframework.beans.factory.support.AbstractAutowireCapableBeanFactory.createBeanInstance(Ljava/lang/String;Lorg/springframework/beans/factory/support/RootBeanDefinition;[Ljava/lang/Object;)Lorg/springframework/beans/BeanWrapper;+89
j  org.springframework.beans.factory.support.AbstractAutowireCapableBeanFactory.doCreateBean(Ljava/lang/String;Lorg/springframework/beans/factory/support/RootBeanDefinition;[Ljava/lang/Object;)Ljava/lang/Object;+34
j  org.springframework.beans.factory.support.AbstractAutowireCapableBeanFactory.createBean(Ljava/lang/String;Lorg/springframework/beans/factory/support/RootBeanDefinition;[Ljava/lang/Object;)Ljava/lang/Object;+153
j  org.springframework.beans.factory.support.AbstractBeanFactory.lambda$doGetBean$0(Ljava/lang/String;Lorg/springframework/beans/factory/support/RootBeanDefinition;[Ljava/lang/Object;)Ljava/lang/Object;+4
j  org.springframework.beans.factory.support.AbstractBeanFactory$$Lambda$490+0x000002581930c908.getObject()Ljava/lang/Object;+16
j  org.springframework.beans.factory.support.DefaultSingletonBeanRegistry.getSingleton(Ljava/lang/String;Lorg/springframework/beans/factory/ObjectFactory;)Ljava/lang/Object;+114
J 3721 c1 org.springframework.beans.factory.support.AbstractBeanFactory.doGetBean(Ljava/lang/String;Ljava/lang/Class;[Ljava/lang/Object;Z)Ljava/lang/Object; (740 bytes) @ 0x000002580dad6fec [0x000002580dad69c0+0x000000000000062c]
J 3425 c1 org.springframework.beans.factory.support.AbstractBeanFactory.getBean(Ljava/lang/String;Ljava/lang/Class;)Ljava/lang/Object; (9 bytes) @ 0x000002580da58404 [0x000002580da583a0+0x0000000000000064]
j  org.springframework.boot.web.servlet.ServletContextInitializerBeans.getOrderedBeansOfType(Lorg/springframework/beans/factory/ListableBeanFactory;Ljava/lang/Class;Ljava/util/Set;)Ljava/util/List;+69
j  org.springframework.boot.web.servlet.ServletContextInitializerBeans.getOrderedBeansOfType(Lorg/springframework/beans/factory/ListableBeanFactory;Ljava/lang/Class;)Ljava/util/List;+6
j  org.springframework.boot.web.servlet.ServletContextInitializerBeans.addServletContextInitializerBeans(Lorg/springframework/beans/factory/ListableBeanFactory;)V+32
j  org.springframework.boot.web.servlet.ServletContextInitializerBeans.<init>(Lorg/springframework/beans/factory/ListableBeanFactory;[Ljava/lang/Class;)V+49
j  org.springframework.boot.web.servlet.context.ServletWebServerApplicationContext.getServletContextInitializerBeans()Ljava/util/Collection;+12
j  org.springframework.boot.web.servlet.context.ServletWebServerApplicationContext.selfInitialize(Ljakarta/servlet/ServletContext;)V+19
j  org.springframework.boot.web.servlet.context.ServletWebServerApplicationContext$$Lambda$897+0x000002581959d830.onStartup(Ljakarta/servlet/ServletContext;)V+5
j  org.springframework.boot.web.embedded.tomcat.TomcatStarter.onStartup(Ljava/util/Set;Ljakarta/servlet/ServletContext;)V+28
j  org.apache.catalina.core.StandardContext.startInternal()V+1048
j  org.apache.catalina.util.LifecycleBase.start()V+210
j  org.apache.catalina.core.ContainerBase$StartChild.call()Ljava/lang/Void;+4
j  org.apache.catalina.core.ContainerBase$StartChild.call()Ljava/lang/Object;+1
j  java.util.concurrent.FutureTask.run()V+39 java.base@17.0.9
j  org.apache.tomcat.util.threads.InlineExecutorService.execute(Ljava/lang/Runnable;)V+38
j  java.util.concurrent.AbstractExecutorService.submit(Ljava/util/concurrent/Callable;)Ljava/util/concurrent/Future;+20 java.base@17.0.9
j  org.apache.catalina.core.ContainerBase.startInternal()V+116
j  org.apache.catalina.core.StandardHost.startInternal()V+177
j  org.apache.catalina.util.LifecycleBase.start()V+210
j  org.apache.catalina.core.ContainerBase$StartChild.call()Ljava/lang/Void;+4
j  org.apache.catalina.core.ContainerBase$StartChild.call()Ljava/lang/Object;+1
j  java.util.concurrent.FutureTask.run()V+39 java.base@17.0.9
j  org.apache.tomcat.util.threads.InlineExecutorService.execute(Ljava/lang/Runnable;)V+38
j  java.util.concurrent.AbstractExecutorService.submit(Ljava/util/concurrent/Callable;)Ljava/util/concurrent/Future;+20 java.base@17.0.9
j  org.apache.catalina.core.ContainerBase.startInternal()V+116
j  org.apache.catalina.core.StandardEngine.startInternal()V+38
j  org.apache.catalina.util.LifecycleBase.start()V+210
j  org.apache.catalina.core.StandardService.startInternal()V+63
j  org.apache.catalina.util.LifecycleBase.start()V+210
j  org.apache.catalina.core.StandardServer.startInternal()V+94
j  org.apache.catalina.util.LifecycleBase.start()V+210
j  org.apache.catalina.startup.Tomcat.start()V+9
j  org.springframework.boot.web.embedded.tomcat.TomcatWebServer.initialize()V+55
j  org.springframework.boot.web.embedded.tomcat.TomcatWebServer.<init>(Lorg/apache/catalina/startup/Tomcat;ZLorg/springframework/boot/web/server/Shutdown;)V+66
j  org.springframework.boot.web.embedded.tomcat.TomcatServletWebServerFactory.getTomcatWebServer(Lorg/apache/catalina/startup/Tomcat;)Lorg/springframework/boot/web/embedded/tomcat/TomcatWebServer;+21
j  org.springframework.boot.web.embedded.tomcat.TomcatServletWebServerFactory.getWebServer([Lorg/springframework/boot/web/servlet/ServletContextInitializer;)Lorg/springframework/boot/web/server/WebServer;+212
j  org.springframework.boot.web.servlet.context.ServletWebServerApplicationContext.createWebServer()V+67
j  org.springframework.boot.web.servlet.context.ServletWebServerApplicationContext.onRefresh()V+5
j  org.springframework.context.support.AbstractApplicationContext.refresh()V+85
j  org.springframework.boot.web.servlet.context.ServletWebServerApplicationContext.refresh()V+1
j  org.springframework.boot.SpringApplication.refresh(Lorg/springframework/context/ConfigurableApplicationContext;)V+1
j  org.springframework.boot.SpringApplication.refreshContext(Lorg/springframework/context/ConfigurableApplicationContext;)V+16
j  org.springframework.boot.SpringApplication.run([Ljava/lang/String;)Lorg/springframework/context/ConfigurableApplicationContext;+110
j  org.springframework.boot.SpringApplication.run([Ljava/lang/Class;[Ljava/lang/String;)Lorg/springframework/context/ConfigurableApplicationContext;+9
j  org.springframework.boot.SpringApplication.run(Ljava/lang/Class;[Ljava/lang/String;)Lorg/springframework/context/ConfigurableApplicationContext;+9
j  com.jpn2018.lichchieuservice.LichchieuServiceApplication.main([Ljava/lang/String;)V+3
v  ~StubRoutines::call_stub
j  jdk.internal.reflect.NativeMethodAccessorImpl.invoke0(Ljava/lang/reflect/Method;Ljava/lang/Object;[Ljava/lang/Object;)Ljava/lang/Object;+0 java.base@17.0.9
j  jdk.internal.reflect.NativeMethodAccessorImpl.invoke(Ljava/lang/Object;[Ljava/lang/Object;)Ljava/lang/Object;+133 java.base@17.0.9
j  jdk.internal.reflect.DelegatingMethodAccessorImpl.invoke(Ljava/lang/Object;[Ljava/lang/Object;)Ljava/lang/Object;+6 java.base@17.0.9
j  java.lang.reflect.Method.invoke(Ljava/lang/Object;[Ljava/lang/Object;)Ljava/lang/Object;+59 java.base@17.0.9
j  org.springframework.boot.devtools.restart.RestartLauncher.run()V+47
v  ~StubRoutines::call_stub

---------------  P R O C E S S  ---------------

Threads class SMR info:
_java_thread_list=0x000002585e908a00, length=24, elements={
0x00000258041f3a50, 0x000002581785fdc0, 0x0000025817865310, 0x0000025817874750,
0x0000025817876390, 0x0000025817876e60, 0x0000025817879740, 0x000002581787a010,
0x00000258178ab7e0, 0x000002581784bc30, 0x0000025817b98d10, 0x0000025817bb8b70,
0x0000025817bb9060, 0x000002585d840240, 0x000002585d902660, 0x000002585d8ef660,
0x000002585d8da8b0, 0x000002585dbf7f10, 0x000002585dc14430, 0x000002585dab0b60,
0x000002585dc17ad0, 0x000002585dc16ba0, 0x000002585dc170b0, 0x000002585dc16180
}

Java Threads: ( => current thread )
  0x00000258041f3a50 JavaThread "main" [_thread_blocked, id=15340, stack(0x000000d8ce600000,0x000000d8ce700000)]
  0x000002581785fdc0 JavaThread "Reference Handler" daemon [_thread_blocked, id=12496, stack(0x000000d8ced00000,0x000000d8cee00000)]
  0x0000025817865310 JavaThread "Finalizer" daemon [_thread_blocked, id=7744, stack(0x000000d8cee00000,0x000000d8cef00000)]
  0x0000025817874750 JavaThread "Signal Dispatcher" daemon [_thread_blocked, id=14388, stack(0x000000d8cef00000,0x000000d8cf000000)]
  0x0000025817876390 JavaThread "Attach Listener" daemon [_thread_blocked, id=14360, stack(0x000000d8cf000000,0x000000d8cf100000)]
  0x0000025817876e60 JavaThread "Service Thread" daemon [_thread_blocked, id=14348, stack(0x000000d8cf100000,0x000000d8cf200000)]
  0x0000025817879740 JavaThread "Monitor Deflation Thread" daemon [_thread_blocked, id=14392, stack(0x000000d8cf200000,0x000000d8cf300000)]
  0x000002581787a010 JavaThread "C1 CompilerThread0" daemon [_thread_blocked, id=14400, stack(0x000000d8cf300000,0x000000d8cf400000)]
  0x00000258178ab7e0 JavaThread "Sweeper thread" daemon [_thread_blocked, id=2056, stack(0x000000d8cf400000,0x000000d8cf500000)]
  0x000002581784bc30 JavaThread "Common-Cleaner" daemon [_thread_blocked, id=13948, stack(0x000000d8cf500000,0x000000d8cf600000)]
  0x0000025817b98d10 JavaThread "JDWP Transport Listener: dt_socket" daemon [_thread_blocked, id=5672, stack(0x000000d8cf700000,0x000000d8cf800000)]
  0x0000025817bb8b70 JavaThread "JDWP Event Helper Thread" daemon [_thread_blocked, id=6356, stack(0x000000d8cf800000,0x000000d8cf900000)]
  0x0000025817bb9060 JavaThread "JDWP Command Reader" daemon [_thread_in_native, id=5944, stack(0x000000d8cf900000,0x000000d8cfa00000)]
  0x000002585d840240 JavaThread "Notification Thread" daemon [_thread_blocked, id=2036, stack(0x000000d8cfd00000,0x000000d8cfe00000)]
  0x000002585d902660 JavaThread "RMI TCP Accept-0" daemon [_thread_in_native, id=11504, stack(0x000000d8cfe00000,0x000000d8cff00000)]
  0x000002585d8ef660 JavaThread "RMI TCP Accept-58611" daemon [_thread_in_native, id=14188, stack(0x000000d8cff00000,0x000000d8d0000000)]
  0x000002585d8da8b0 JavaThread "RMI TCP Accept-0" daemon [_thread_in_native, id=12268, stack(0x000000d8d0000000,0x000000d8d0100000)]
  0x000002585dbf7f10 JavaThread "RMI TCP Connection(idle)" daemon [_thread_blocked, id=11380, stack(0x000000d8d0200000,0x000000d8d0300000)]
  0x000002585dc14430 JavaThread "RMI TCP Connection(2)-127.0.0.1" daemon [_thread_in_native, id=15312, stack(0x000000d8d0300000,0x000000d8d0400000)]
  0x000002585dab0b60 JavaThread "RMI Scheduler(0)" daemon [_thread_blocked, id=468, stack(0x000000d8d0400000,0x000000d8d0500000)]
  0x000002585dc17ad0 JavaThread "JMX server connection timeout 24" daemon [_thread_blocked, id=3252, stack(0x000000d8d0500000,0x000000d8d0600000)]
  0x000002585dc16ba0 JavaThread "Thread-0" [_thread_blocked, id=12216, stack(0x000000d8d0700000,0x000000d8d0800000)]
=>0x000002585dc170b0 JavaThread "restartedMain" [_thread_in_vm, id=3704, stack(0x000000d8d0800000,0x000000d8d0900000)]
  0x000002585dc16180 JavaThread "Keep-Alive-Timer" daemon [_thread_blocked, id=15212, stack(0x000000d8d0b00000,0x000000d8d0c00000)]

Other Threads:
  0x0000025817859700 VMThread "VM Thread" [stack: 0x000000d8cec00000,0x000000d8ced00000] [id=3292]
  0x000002585d8dad90 WatcherThread [stack: 0x000000d8d0100000,0x000000d8d0200000] [id=7748]
  0x000002580424c0c0 GCTaskThread "GC Thread#0" [stack: 0x000000d8ce700000,0x000000d8ce800000] [id=10808]
  0x000002585d7de500 GCTaskThread "GC Thread#1" [stack: 0x000000d8cf600000,0x000000d8cf700000] [id=6928]
  0x000002585d7de7c0 GCTaskThread "GC Thread#2" [stack: 0x000000d8cfa00000,0x000000d8cfb00000] [id=2868]
  0x000002585d8409c0 GCTaskThread "GC Thread#3" [stack: 0x000000d8cfb00000,0x000000d8cfc00000] [id=14500]
  0x000002580425cc60 ConcurrentGCThread "G1 Main Marker" [stack: 0x000000d8ce800000,0x000000d8ce900000] [id=9064]
  0x000002580425d580 ConcurrentGCThread "G1 Conc#0" [stack: 0x000000d8ce900000,0x000000d8cea00000] [id=1736]
  0x00000258042ad1f0 ConcurrentGCThread "G1 Refine#0" [stack: 0x000000d8cea00000,0x000000d8ceb00000] [id=1740]
  0x000002585d840c80 ConcurrentGCThread "G1 Refine#1" [stack: 0x000000d8cfc00000,0x000000d8cfd00000] [id=14752]
  0x00000258042ae2d0 ConcurrentGCThread "G1 Service" [stack: 0x000000d8ceb00000,0x000000d8cec00000] [id=5396]

Threads with active compile tasks:

VM state: not at safepoint (normal execution)

VM Mutex/Monitor currently owned by a thread:  ([mutex/lock_event])
[0x00000258041ede50] Metaspace_lock - owner thread: 0x000002585dc170b0

Heap address: 0x0000000081600000, size: 2026 MB, Compressed Oops mode: 32-bit

CDS archive(s) mapped at: [0x0000025818000000-0x0000025818bd0000-0x0000025818bd0000), size 12386304, SharedBaseAddress: 0x0000025818000000, ArchiveRelocationMode: 1.
Compressed class space mapped at: 0x0000025819000000-0x0000025859000000, reserved size: 1073741824
Narrow klass base: 0x0000025818000000, Narrow klass shift: 0, Narrow klass range: 0x100000000

GC Precious Log:
 CPUs: 4 total, 4 available
 Memory: 8097M
 Large Page Support: Disabled
 NUMA Support: Disabled
 Compressed Oops: Enabled (32-bit)
 Heap Region Size: 1M
 Heap Min Capacity: 8M
 Heap Initial Capacity: 128M
 Heap Max Capacity: 2026M
 Pre-touch: Disabled
 Parallel Workers: 4
 Concurrent Workers: 1
 Concurrent Refinement Workers: 4
 Periodic GC: Disabled

Heap:
 garbage-first heap   total 70656K, used 41497K [0x0000000081600000, 0x0000000100000000)
  region size 1024K, 9 young (9216K), 2 survivors (2048K)
 Metaspace       used 44033K, committed 44480K, reserved 1114112K
  class space    used 6059K, committed 6272K, reserved 1048576K

Heap Regions: E=young(eden), S=young(survivor), O=old, HS=humongous(starts), HC=humongous(continues), CS=collection set, F=free, OA=open archive, CA=closed archive, TAMS=top-at-mark-start (previous, next)
|   0|0x0000000081600000, 0x0000000081700000, 0x0000000081700000|100%|HS|  |TAMS 0x0000000081700000, 0x0000000081600000| Complete 
|   1|0x0000000081700000, 0x0000000081800000, 0x0000000081800000|100%|HS|  |TAMS 0x0000000081800000, 0x0000000081700000| Complete 
|   2|0x0000000081800000, 0x0000000081900000, 0x0000000081900000|100%| O|  |TAMS 0x0000000081900000, 0x0000000081800000| Untracked 
|   3|0x0000000081900000, 0x0000000081a00000, 0x0000000081a00000|100%| O|  |TAMS 0x0000000081a00000, 0x0000000081900000| Untracked 
|   4|0x0000000081a00000, 0x0000000081b00000, 0x0000000081b00000|100%| O|  |TAMS 0x0000000081b00000, 0x0000000081a00000| Untracked 
|   5|0x0000000081b00000, 0x0000000081c00000, 0x0000000081c00000|100%| O|  |TAMS 0x0000000081c00000, 0x0000000081b00000| Untracked 
|   6|0x0000000081c00000, 0x0000000081d00000, 0x0000000081d00000|100%| O|  |TAMS 0x0000000081d00000, 0x0000000081c00000| Untracked 
|   7|0x0000000081d00000, 0x0000000081e00000, 0x0000000081e00000|100%| O|  |TAMS 0x0000000081e00000, 0x0000000081d00000| Untracked 
|   8|0x0000000081e00000, 0x0000000081f00000, 0x0000000081f00000|100%| O|  |TAMS 0x0000000081f00000, 0x0000000081e00000| Untracked 
|   9|0x0000000081f00000, 0x0000000082000000, 0x0000000082000000|100%| O|  |TAMS 0x0000000082000000, 0x0000000081f00000| Untracked 
|  10|0x0000000082000000, 0x0000000082100000, 0x0000000082100000|100%| O|  |TAMS 0x0000000082100000, 0x0000000082000000| Untracked 
|  11|0x0000000082100000, 0x0000000082200000, 0x0000000082200000|100%| O|  |TAMS 0x0000000082200000, 0x0000000082100000| Untracked 
|  12|0x0000000082200000, 0x0000000082300000, 0x0000000082300000|100%| O|  |TAMS 0x0000000082300000, 0x0000000082200000| Untracked 
|  13|0x0000000082300000, 0x0000000082400000, 0x0000000082400000|100%| O|  |TAMS 0x0000000082400000, 0x0000000082300000| Untracked 
|  14|0x0000000082400000, 0x0000000082500000, 0x0000000082500000|100%| O|  |TAMS 0x0000000082500000, 0x0000000082400000| Untracked 
|  15|0x0000000082500000, 0x0000000082600000, 0x0000000082600000|100%| O|  |TAMS 0x0000000082600000, 0x0000000082500000| Untracked 
|  16|0x0000000082600000, 0x0000000082700000, 0x0000000082700000|100%| O|  |TAMS 0x0000000082700000, 0x0000000082600000| Untracked 
|  17|0x0000000082700000, 0x0000000082800000, 0x0000000082800000|100%| O|  |TAMS 0x0000000082800000, 0x0000000082700000| Untracked 
|  18|0x0000000082800000, 0x0000000082900000, 0x0000000082900000|100%| O|  |TAMS 0x0000000082900000, 0x0000000082800000| Untracked 
|  19|0x0000000082900000, 0x0000000082a00000, 0x0000000082a00000|100%| O|  |TAMS 0x0000000082a00000, 0x0000000082900000| Untracked 
|  20|0x0000000082a00000, 0x0000000082b00000, 0x0000000082b00000|100%| O|  |TAMS 0x0000000082b00000, 0x0000000082a00000| Untracked 
|  21|0x0000000082b00000, 0x0000000082c00000, 0x0000000082c00000|100%| O|  |TAMS 0x0000000082c00000, 0x0000000082b00000| Untracked 
|  22|0x0000000082c00000, 0x0000000082d00000, 0x0000000082d00000|100%| O|  |TAMS 0x0000000082d00000, 0x0000000082c00000| Untracked 
|  23|0x0000000082d00000, 0x0000000082e00000, 0x0000000082e00000|100%| O|  |TAMS 0x0000000082e00000, 0x0000000082d00000| Untracked 
|  24|0x0000000082e00000, 0x0000000082f00000, 0x0000000082f00000|100%| O|  |TAMS 0x0000000082f00000, 0x0000000082e00000| Untracked 
|  25|0x0000000082f00000, 0x0000000083000000, 0x0000000083000000|100%| O|  |TAMS 0x0000000083000000, 0x0000000082f00000| Untracked 
|  26|0x0000000083000000, 0x0000000083100000, 0x0000000083100000|100%| O|  |TAMS 0x0000000083000000, 0x0000000083000000| Untracked 
|  27|0x0000000083100000, 0x0000000083200000, 0x0000000083200000|100%| O|  |TAMS 0x0000000083200000, 0x0000000083100000| Untracked 
|  28|0x0000000083200000, 0x0000000083300000, 0x0000000083300000|100%| O|  |TAMS 0x0000000083300000, 0x0000000083200000| Untracked 
|  29|0x0000000083300000, 0x0000000083400000, 0x0000000083400000|100%| O|  |TAMS 0x0000000083400000, 0x0000000083300000| Untracked 
|  30|0x0000000083400000, 0x0000000083500000, 0x0000000083500000|100%| O|  |TAMS 0x0000000083500000, 0x0000000083400000| Untracked 
|  31|0x0000000083500000, 0x0000000083600000, 0x0000000083600000|100%| O|  |TAMS 0x0000000083600000, 0x0000000083500000| Untracked 
|  32|0x0000000083600000, 0x0000000083700000, 0x0000000083700000|100%| O|  |TAMS 0x0000000083615800, 0x0000000083600000| Untracked 
|  33|0x0000000083700000, 0x000000008375d600, 0x0000000083800000| 36%| O|  |TAMS 0x0000000083700000, 0x0000000083700000| Untracked 
|  34|0x0000000083800000, 0x0000000083800000, 0x0000000083900000|  0%| F|  |TAMS 0x0000000083800000, 0x0000000083800000| Untracked 
|  35|0x0000000083900000, 0x0000000083900000, 0x0000000083a00000|  0%| F|  |TAMS 0x0000000083900000, 0x0000000083900000| Untracked 
|  36|0x0000000083a00000, 0x0000000083a00000, 0x0000000083b00000|  0%| F|  |TAMS 0x0000000083a00000, 0x0000000083a00000| Untracked 
|  37|0x0000000083b00000, 0x0000000083b00000, 0x0000000083c00000|  0%| F|  |TAMS 0x0000000083b00000, 0x0000000083b00000| Untracked 
|  38|0x0000000083c00000, 0x0000000083c00000, 0x0000000083d00000|  0%| F|  |TAMS 0x0000000083c00000, 0x0000000083c00000| Untracked 
|  39|0x0000000083d00000, 0x0000000083d00000, 0x0000000083e00000|  0%| F|  |TAMS 0x0000000083d00000, 0x0000000083d00000| Untracked 
|  40|0x0000000083e00000, 0x0000000083e00000, 0x0000000083f00000|  0%| F|  |TAMS 0x0000000083e00000, 0x0000000083e00000| Untracked 
|  41|0x0000000083f00000, 0x0000000083f00000, 0x0000000084000000|  0%| F|  |TAMS 0x0000000083f00000, 0x0000000083f00000| Untracked 
|  42|0x0000000084000000, 0x0000000084000000, 0x0000000084100000|  0%| F|  |TAMS 0x0000000084000000, 0x0000000084000000| Untracked 
|  43|0x0000000084100000, 0x0000000084100000, 0x0000000084200000|  0%| F|  |TAMS 0x0000000084100000, 0x0000000084100000| Untracked 
|  44|0x0000000084200000, 0x0000000084200000, 0x0000000084300000|  0%| F|  |TAMS 0x0000000084200000, 0x0000000084200000| Untracked 
|  45|0x0000000084300000, 0x0000000084300000, 0x0000000084400000|  0%| F|  |TAMS 0x0000000084300000, 0x0000000084300000| Untracked 
|  46|0x0000000084400000, 0x0000000084429068, 0x0000000084500000| 16%| S|CS|TAMS 0x0000000084400000, 0x0000000084400000| Complete 
|  47|0x0000000084500000, 0x0000000084600000, 0x0000000084600000|100%| S|CS|TAMS 0x0000000084500000, 0x0000000084500000| Complete 
|  48|0x0000000084600000, 0x0000000084600000, 0x0000000084700000|  0%| F|  |TAMS 0x0000000084600000, 0x0000000084600000| Untracked 
|  49|0x0000000084700000, 0x0000000084700000, 0x0000000084800000|  0%| F|  |TAMS 0x0000000084700000, 0x0000000084700000| Untracked 
|  50|0x0000000084800000, 0x0000000084800000, 0x0000000084900000|  0%| F|  |TAMS 0x0000000084800000, 0x0000000084800000| Untracked 
|  51|0x0000000084900000, 0x0000000084900000, 0x0000000084a00000|  0%| F|  |TAMS 0x0000000084900000, 0x0000000084900000| Untracked 
|  52|0x0000000084a00000, 0x0000000084a00000, 0x0000000084b00000|  0%| F|  |TAMS 0x0000000084a00000, 0x0000000084a00000| Untracked 
|  53|0x0000000084b00000, 0x0000000084b00000, 0x0000000084c00000|  0%| F|  |TAMS 0x0000000084b00000, 0x0000000084b00000| Untracked 
|  54|0x0000000084c00000, 0x0000000084c00000, 0x0000000084d00000|  0%| F|  |TAMS 0x0000000084c00000, 0x0000000084c00000| Untracked 
|  55|0x0000000084d00000, 0x0000000084d00000, 0x0000000084e00000|  0%| F|  |TAMS 0x0000000084d00000, 0x0000000084d00000| Untracked 
|  56|0x0000000084e00000, 0x0000000084e00000, 0x0000000084f00000|  0%| F|  |TAMS 0x0000000084e00000, 0x0000000084e00000| Untracked 
|  57|0x0000000084f00000, 0x0000000084f00000, 0x0000000085000000|  0%| F|  |TAMS 0x0000000084f00000, 0x0000000084f00000| Untracked 
|  58|0x0000000085000000, 0x0000000085000000, 0x0000000085100000|  0%| F|  |TAMS 0x0000000085000000, 0x0000000085000000| Untracked 
|  59|0x0000000085100000, 0x0000000085100000, 0x0000000085200000|  0%| F|  |TAMS 0x0000000085100000, 0x0000000085100000| Untracked 
|  60|0x0000000085200000, 0x0000000085200000, 0x0000000085300000|  0%| F|  |TAMS 0x0000000085200000, 0x0000000085200000| Untracked 
|  97|0x0000000087700000, 0x0000000087700000, 0x0000000087800000|  0%| F|  |TAMS 0x0000000087700000, 0x0000000087700000| Untracked 
|  98|0x0000000087800000, 0x00000000878d2840, 0x0000000087900000| 82%| E|  |TAMS 0x0000000087800000, 0x0000000087800000| Complete 
|  99|0x0000000087900000, 0x0000000087a00000, 0x0000000087a00000|100%| E|CS|TAMS 0x0000000087900000, 0x0000000087900000| Complete 
| 100|0x0000000087a00000, 0x0000000087b00000, 0x0000000087b00000|100%| E|CS|TAMS 0x0000000087a00000, 0x0000000087a00000| Complete 
| 101|0x0000000087b00000, 0x0000000087c00000, 0x0000000087c00000|100%| E|CS|TAMS 0x0000000087b00000, 0x0000000087b00000| Complete 
| 102|0x0000000087c00000, 0x0000000087d00000, 0x0000000087d00000|100%| E|CS|TAMS 0x0000000087c00000, 0x0000000087c00000| Complete 
| 126|0x0000000089400000, 0x0000000089500000, 0x0000000089500000|100%| E|CS|TAMS 0x0000000089400000, 0x0000000089400000| Complete 
| 127|0x0000000089500000, 0x0000000089600000, 0x0000000089600000|100%| E|CS|TAMS 0x0000000089500000, 0x0000000089500000| Complete 

Card table byte_map: [0x0000025810b00000,0x0000025810f00000] _byte_map_base: 0x00000258106f5000

Marking Bits (Prev, Next): (CMBitMap*) 0x000002580424c630, (CMBitMap*) 0x000002580424c5f0
 Prev Bits: [0x00000258132b0000, 0x0000025815258000)
 Next Bits: [0x0000025811300000, 0x00000258132a8000)

Polling page: 0x000002580d230000

Metaspace:

Usage:
  Non-class:     37.08 MB used.
      Class:      5.92 MB used.
       Both:     43.00 MB used.

Virtual space:
  Non-class space:       64.00 MB reserved,      37.31 MB ( 58%) committed,  1 nodes.
      Class space:        1.00 GB reserved,       6.12 MB ( <1%) committed,  1 nodes.
             Both:        1.06 GB reserved,      43.44 MB (  4%) committed. 

Chunk freelists:
   Non-Class:  9.73 MB
       Class:  9.86 MB
        Both:  19.59 MB

MaxMetaspaceSize: unlimited
CompressedClassSpaceSize: 1.00 GB
Initial GC threshold: 21.00 MB
Current GC threshold: 72.12 MB
CDS: on
MetaspaceReclaimPolicy: balanced
 - commit_granule_bytes: 65536.
 - commit_granule_words: 8192.
 - virtual_space_node_default_size: 8388608.
 - enlarge_chunks_in_place: 1.
 - new_chunks_are_fully_committed: 0.
 - uncommit_free_chunks: 1.
 - use_allocation_guard: 0.
 - handle_deallocations: 1.


Internal statistics:

num_allocs_failed_limit: 8.
num_arena_births: 648.
num_arena_deaths: 70.
num_vsnodes_births: 2.
num_vsnodes_deaths: 0.
num_space_committed: 695.
num_space_uncommitted: 0.
num_chunks_returned_to_freelist: 89.
num_chunks_taken_from_freelist: 2223.
num_chunk_merges: 29.
num_chunk_splits: 1541.
num_chunks_enlarged: 1168.
num_inconsistent_stats: 0.

CodeCache: size=49152Kb used=10550Kb max_used=10934Kb free=38601Kb
 bounds [0x000002580d250000, 0x000002580dd30000, 0x0000025810250000]
 total_blobs=5804 nmethods=5249 adapters=482
 compilation: enabled
              stopped_count=0, restarted_count=0
 full_count=0

Compilation events (20 events):
Event: 61.784 Thread 0x000002581787a010 5245   !   1       sun.rmi.server.LoaderHandler::getClassAnnotation (234 bytes)
Event: 61.790 Thread 0x000002581787a010 nmethod 5245 0x000002580dbfc710 code [0x000002580dbfca80, 0x000002580dbfda98]
Event: 61.879 Thread 0x000002581787a010 5246       1       sun.reflect.generics.parser.SignatureParser::parseIdentifier (13 bytes)
Event: 61.879 Thread 0x000002581787a010 nmethod 5246 0x000002580dbfc310 code [0x000002580dbfc4c0, 0x000002580dbfc5d8]
Event: 61.899 Thread 0x000002581787a010 5247       1       org.springframework.core.SerializableTypeWrapper$MethodInvokeTypeProvider::getType (57 bytes)
Event: 61.900 Thread 0x000002581787a010 nmethod 5247 0x000002580dbfb890 code [0x000002580dbfbaa0, 0x000002580dbfbfc8]
Event: 61.903 Thread 0x000002581787a010 5248       1       org.springframework.web.context.support.GenericWebApplicationContext::getServletContext (5 bytes)
Event: 61.903 Thread 0x000002581787a010 nmethod 5248 0x000002580dbfb590 code [0x000002580dbfb720, 0x000002580dbfb7f8]
Event: 61.958 Thread 0x000002581787a010 5249       1       sun.reflect.generics.scope.AbstractScope::getRecvr (5 bytes)
Event: 61.958 Thread 0x000002581787a010 nmethod 5249 0x000002580dbfb290 code [0x000002580dbfb420, 0x000002580dbfb4f8]
Event: 62.006 Thread 0x000002581787a010 5250       1       org.aspectj.weaver.TypeVariable::getFirstBound (78 bytes)
Event: 62.007 Thread 0x000002581787a010 nmethod 5250 0x000002580dbfad10 code [0x000002580dbfaee0, 0x000002580dbfb1b8]
Event: 62.007 Thread 0x000002581787a010 5251       1       sun.reflect.generics.reflectiveObjects.TypeVariableImpl::getBounds (34 bytes)
Event: 62.007 Thread 0x000002581787a010 nmethod 5251 0x000002580dbfa810 code [0x000002580dbfa9c0, 0x000002580dbfac58]
Event: 62.008 Thread 0x000002581787a010 5252   !   1       org.aspectj.weaver.ReferenceType::getSuperclass (170 bytes)
Event: 62.009 Thread 0x000002581787a010 nmethod 5252 0x000002580dbf9910 code [0x000002580dbf9bc0, 0x000002580dbfa418]
Event: 62.012 Thread 0x000002581787a010 5253       1       org.springframework.core.MethodParameter::getParameterAnnotations (97 bytes)
Event: 62.013 Thread 0x000002581787a010 nmethod 5253 0x000002580dbf9110 code [0x000002580dbf9300, 0x000002580dbf96b8]
Event: 62.064 Thread 0x000002581787a010 5254       1       org.springframework.beans.factory.support.DefaultListableBeanFactory::findAnnotationOnBean (8 bytes)
Event: 62.064 Thread 0x000002581787a010 nmethod 5254 0x000002580dbf8d90 code [0x000002580dbf8f20, 0x000002580dbf9028]

GC Heap History (20 events):
Event: 44.752 GC heap before
{Heap before GC invocations=16 (full 0):
 garbage-first heap   total 61440K, used 48960K [0x0000000081600000, 0x0000000100000000)
  region size 1024K, 28 young (28672K), 3 survivors (3072K)
 Metaspace       used 34903K, committed 35392K, reserved 1114112K
  class space    used 4784K, committed 4992K, reserved 1048576K
}
Event: 44.761 GC heap after
{Heap after GC invocations=17 (full 0):
 garbage-first heap   total 61440K, used 25593K [0x0000000081600000, 0x0000000100000000)
  region size 1024K, 3 young (3072K), 3 survivors (3072K)
 Metaspace       used 34903K, committed 35392K, reserved 1114112K
  class space    used 4784K, committed 4992K, reserved 1048576K
}
Event: 45.478 GC heap before
{Heap before GC invocations=17 (full 0):
 garbage-first heap   total 61440K, used 35833K [0x0000000081600000, 0x0000000100000000)
  region size 1024K, 14 young (14336K), 3 survivors (3072K)
 Metaspace       used 35653K, committed 36096K, reserved 1114112K
  class space    used 4900K, committed 5120K, reserved 1048576K
}
Event: 45.484 GC heap after
{Heap after GC invocations=18 (full 0):
 garbage-first heap   total 61440K, used 26464K [0x0000000081600000, 0x0000000100000000)
  region size 1024K, 3 young (3072K), 3 survivors (3072K)
 Metaspace       used 35653K, committed 36096K, reserved 1114112K
  class space    used 4900K, committed 5120K, reserved 1048576K
}
Event: 46.805 GC heap before
{Heap before GC invocations=19 (full 0):
 garbage-first heap   total 61440K, used 50016K [0x0000000081600000, 0x0000000100000000)
  region size 1024K, 26 young (26624K), 3 survivors (3072K)
 Metaspace       used 37679K, committed 38144K, reserved 1114112K
  class space    used 5145K, committed 5376K, reserved 1048576K
}
Event: 46.811 GC heap after
{Heap after GC invocations=20 (full 0):
 garbage-first heap   total 61440K, used 26960K [0x0000000081600000, 0x0000000100000000)
  region size 1024K, 2 young (2048K), 2 survivors (2048K)
 Metaspace       used 37679K, committed 38144K, reserved 1114112K
  class space    used 5145K, committed 5376K, reserved 1048576K
}
Event: 49.933 GC heap before
{Heap before GC invocations=20 (full 0):
 garbage-first heap   total 61440K, used 49488K [0x0000000081600000, 0x0000000100000000)
  region size 1024K, 25 young (25600K), 2 survivors (2048K)
 Metaspace       used 39060K, committed 39488K, reserved 1114112K
  class space    used 5383K, committed 5568K, reserved 1048576K
}
Event: 49.940 GC heap after
{Heap after GC invocations=21 (full 0):
 garbage-first heap   total 61440K, used 27992K [0x0000000081600000, 0x0000000100000000)
  region size 1024K, 3 young (3072K), 3 survivors (3072K)
 Metaspace       used 39060K, committed 39488K, reserved 1114112K
  class space    used 5383K, committed 5568K, reserved 1048576K
}
Event: 52.968 GC heap before
{Heap before GC invocations=21 (full 0):
 garbage-first heap   total 61440K, used 51544K [0x0000000081600000, 0x0000000100000000)
  region size 1024K, 25 young (25600K), 3 survivors (3072K)
 Metaspace       used 40271K, committed 40640K, reserved 1114112K
  class space    used 5508K, committed 5696K, reserved 1048576K
}
Event: 52.976 GC heap after
{Heap after GC invocations=22 (full 0):
 garbage-first heap   total 61440K, used 31833K [0x0000000081600000, 0x0000000100000000)
  region size 1024K, 4 young (4096K), 4 survivors (4096K)
 Metaspace       used 40271K, committed 40640K, reserved 1114112K
  class space    used 5508K, committed 5696K, reserved 1048576K
}
Event: 52.997 GC heap before
{Heap before GC invocations=22 (full 0):
 garbage-first heap   total 61440K, used 32857K [0x0000000081600000, 0x0000000100000000)
  region size 1024K, 6 young (6144K), 4 survivors (4096K)
 Metaspace       used 40271K, committed 40640K, reserved 1114112K
  class space    used 5508K, committed 5696K, reserved 1048576K
}
Event: 53.003 GC heap after
{Heap after GC invocations=23 (full 0):
 garbage-first heap   total 61440K, used 33127K [0x0000000081600000, 0x0000000100000000)
  region size 1024K, 2 young (2048K), 2 survivors (2048K)
 Metaspace       used 40271K, committed 40640K, reserved 1114112K
  class space    used 5508K, committed 5696K, reserved 1048576K
}
Event: 53.879 GC heap before
{Heap before GC invocations=24 (full 0):
 garbage-first heap   total 70656K, used 50535K [0x0000000081600000, 0x0000000100000000)
  region size 1024K, 16 young (16384K), 2 survivors (2048K)
 Metaspace       used 40400K, committed 40768K, reserved 1114112K
  class space    used 5527K, committed 5696K, reserved 1048576K
}
Event: 53.883 GC heap after
{Heap after GC invocations=25 (full 0):
 garbage-first heap   total 70656K, used 34014K [0x0000000081600000, 0x0000000100000000)
  region size 1024K, 2 young (2048K), 2 survivors (2048K)
 Metaspace       used 40400K, committed 40768K, reserved 1114112K
  class space    used 5527K, committed 5696K, reserved 1048576K
}
Event: 57.330 GC heap before
{Heap before GC invocations=25 (full 0):
 garbage-first heap   total 70656K, used 40158K [0x0000000081600000, 0x0000000100000000)
  region size 1024K, 9 young (9216K), 2 survivors (2048K)
 Metaspace       used 40850K, committed 41216K, reserved 1114112K
  class space    used 5575K, committed 5760K, reserved 1048576K
}
Event: 57.334 GC heap after
{Heap after GC invocations=26 (full 0):
 garbage-first heap   total 70656K, used 34874K [0x0000000081600000, 0x0000000100000000)
  region size 1024K, 3 young (3072K), 3 survivors (3072K)
 Metaspace       used 40850K, committed 41216K, reserved 1114112K
  class space    used 5575K, committed 5760K, reserved 1048576K
}
Event: 59.535 GC heap before
{Heap before GC invocations=27 (full 0):
 garbage-first heap   total 70656K, used 55354K [0x0000000081600000, 0x0000000100000000)
  region size 1024K, 24 young (24576K), 3 survivors (3072K)
 Metaspace       used 42656K, committed 43072K, reserved 1114112K
  class space    used 5823K, committed 6016K, reserved 1048576K
}
Event: 59.544 GC heap after
{Heap after GC invocations=28 (full 0):
 garbage-first heap   total 70656K, used 34250K [0x0000000081600000, 0x0000000100000000)
  region size 1024K, 3 young (3072K), 3 survivors (3072K)
 Metaspace       used 42656K, committed 43072K, reserved 1114112K
  class space    used 5823K, committed 6016K, reserved 1048576K
}
Event: 61.489 GC heap before
{Heap before GC invocations=28 (full 0):
 garbage-first heap   total 70656K, used 55754K [0x0000000081600000, 0x0000000100000000)
  region size 1024K, 24 young (24576K), 3 survivors (3072K)
 Metaspace       used 43798K, committed 44288K, reserved 1114112K
  class space    used 6009K, committed 6208K, reserved 1048576K
}
Event: 61.499 GC heap after
{Heap after GC invocations=29 (full 0):
 garbage-first heap   total 70656K, used 35353K [0x0000000081600000, 0x0000000100000000)
  region size 1024K, 2 young (2048K), 2 survivors (2048K)
 Metaspace       used 43798K, committed 44288K, reserved 1114112K
  class space    used 6009K, committed 6208K, reserved 1048576K
}

Deoptimization events (20 events):
Event: 62.004 Thread 0x000002585dc170b0 DEOPT PACKING pc=0x000002580d9b97d4 sp=0x000000d8d08fa0c0
Event: 62.004 Thread 0x000002585dc170b0 DEOPT UNPACKING pc=0x000002580d2a2b43 sp=0x000000d8d08f9670 mode 1
Event: 62.004 Thread 0x000002585dc170b0 DEOPT PACKING pc=0x000002580d9bad3c sp=0x000000d8d08fa230
Event: 62.004 Thread 0x000002585dc170b0 DEOPT UNPACKING pc=0x000002580d2a2b43 sp=0x000000d8d08f9800 mode 1
Event: 62.012 Thread 0x000002585dc170b0 DEOPT PACKING pc=0x000002580d579b4c sp=0x000000d8d08fbe20
Event: 62.012 Thread 0x000002585dc170b0 DEOPT UNPACKING pc=0x000002580d2a2b43 sp=0x000000d8d08fb398 mode 1
Event: 62.012 Thread 0x000002585dc170b0 DEOPT PACKING pc=0x000002580d579b4c sp=0x000000d8d08fbe20
Event: 62.012 Thread 0x000002585dc170b0 DEOPT UNPACKING pc=0x000002580d2a2b43 sp=0x000000d8d08fb398 mode 1
Event: 62.166 Thread 0x000002585dc170b0 DEOPT PACKING pc=0x000002580d579b4c sp=0x000000d8d08faba0
Event: 62.166 Thread 0x000002585dc170b0 DEOPT UNPACKING pc=0x000002580d2a2b43 sp=0x000000d8d08fa118 mode 1
Event: 62.167 Thread 0x000002585dc170b0 DEOPT PACKING pc=0x000002580d579b4c sp=0x000000d8d08fac10
Event: 62.167 Thread 0x000002585dc170b0 DEOPT UNPACKING pc=0x000002580d2a2b43 sp=0x000000d8d08fa188 mode 1
Event: 62.167 Thread 0x000002585dc170b0 DEOPT PACKING pc=0x000002580d579b4c sp=0x000000d8d08fac10
Event: 62.167 Thread 0x000002585dc170b0 DEOPT UNPACKING pc=0x000002580d2a2b43 sp=0x000000d8d08fa188 mode 1
Event: 62.167 Thread 0x000002585dc170b0 DEOPT PACKING pc=0x000002580d579b4c sp=0x000000d8d08fac10
Event: 62.167 Thread 0x000002585dc170b0 DEOPT UNPACKING pc=0x000002580d2a2b43 sp=0x000000d8d08fa188 mode 1
Event: 62.167 Thread 0x000002585dc170b0 DEOPT PACKING pc=0x000002580d5b4054 sp=0x000000d8d08fab40
Event: 62.167 Thread 0x000002585dc170b0 DEOPT UNPACKING pc=0x000002580d2a2b43 sp=0x000000d8d08fa070 mode 1
Event: 62.167 Thread 0x000002585dc170b0 DEOPT PACKING pc=0x000002580d934a04 sp=0x000000d8d08fac50
Event: 62.167 Thread 0x000002585dc170b0 DEOPT UNPACKING pc=0x000002580d2a2b43 sp=0x000000d8d08fa1a8 mode 1

Classes unloaded (20 events):
Event: 45.570 Thread 0x0000025817859700 Unloading class 0x00000258190d9c00 'java/lang/invoke/LambdaForm$MH+0x00000258190d9c00'
Event: 45.570 Thread 0x0000025817859700 Unloading class 0x00000258190d9400 'java/lang/invoke/LambdaForm$MH+0x00000258190d9400'
Event: 45.570 Thread 0x0000025817859700 Unloading class 0x00000258190d8c00 'jdk/internal/reflect/GeneratedSerializationConstructorAccessor6'
Event: 45.570 Thread 0x0000025817859700 Unloading class 0x00000258190c8400 'java/lang/invoke/LambdaForm$MH+0x00000258190c8400'
Event: 45.570 Thread 0x0000025817859700 Unloading class 0x00000258190c8000 'java/lang/invoke/LambdaForm$MH+0x00000258190c8000'
Event: 45.571 Thread 0x0000025817859700 Unloading class 0x00000258190c5c00 'java/lang/invoke/LambdaForm$MH+0x00000258190c5c00'
Event: 45.571 Thread 0x0000025817859700 Unloading class 0x00000258190c5800 'java/lang/invoke/LambdaForm$MH+0x00000258190c5800'
Event: 45.571 Thread 0x0000025817859700 Unloading class 0x00000258190c5400 'java/lang/invoke/LambdaForm$MH+0x00000258190c5400'
Event: 45.571 Thread 0x0000025817859700 Unloading class 0x00000258190c1800 'jdk/internal/reflect/GeneratedSerializationConstructorAccessor3'
Event: 45.571 Thread 0x0000025817859700 Unloading class 0x00000258190c1400 'jdk/internal/reflect/GeneratedSerializationConstructorAccessor2'
Event: 45.571 Thread 0x0000025817859700 Unloading class 0x00000258190c1000 'jdk/internal/reflect/GeneratedSerializationConstructorAccessor1'
Event: 45.571 Thread 0x0000025817859700 Unloading class 0x00000258190c0800 'java/lang/invoke/LambdaForm$DMH+0x00000258190c0800'
Event: 45.571 Thread 0x0000025817859700 Unloading class 0x00000258190c0000 'java/lang/invoke/LambdaForm$DMH+0x00000258190c0000'
Event: 45.571 Thread 0x0000025817859700 Unloading class 0x0000025819008400 'jdk/internal/reflect/GeneratedConstructorAccessor1'
Event: 53.111 Thread 0x0000025817859700 Unloading class 0x00000258192ac000 'java/lang/invoke/LambdaForm$DMH+0x00000258192ac000'
Event: 53.111 Thread 0x0000025817859700 Unloading class 0x000002581925c400 'java/lang/invoke/LambdaForm$DMH+0x000002581925c400'
Event: 53.111 Thread 0x0000025817859700 Unloading class 0x00000258191c4400 'java/lang/invoke/LambdaForm$MH+0x00000258191c4400'
Event: 53.111 Thread 0x0000025817859700 Unloading class 0x00000258190d9000 'jdk/internal/reflect/GeneratedSerializationConstructorAccessor7'
Event: 53.111 Thread 0x0000025817859700 Unloading class 0x00000258190d8800 'jdk/internal/reflect/GeneratedSerializationConstructorAccessor5'
Event: 53.111 Thread 0x0000025817859700 Unloading class 0x00000258190d8400 'jdk/internal/reflect/GeneratedSerializationConstructorAccessor4'

Classes redefined (0 events):
No events

Internal exceptions (20 events):
Event: 49.492 Thread 0x000002585dc170b0 Exception <a 'java/lang/NoSuchMethodError'{0x00000000841dd0c8}: 'void java.lang.invoke.DirectMethodHandle$Holder.invokeVirtual(java.lang.Object, java.lang.Object, int)'> (0x00000000841dd0c8) 
thrown [s\open\src\hotspot\share\interpreter\linkResolver.cpp, line 759]
Event: 49.493 Thread 0x000002585dc170b0 Exception <a 'java/lang/NoSuchMethodError'{0x00000000841e32c0}: 'void java.lang.invoke.DirectMethodHandle$Holder.invokeStatic(java.lang.Object, java.lang.Object, java.lang.Object, int, java.lang.Object)'> (0x00000000841e32c0) 
thrown [s\open\src\hotspot\share\interpreter\linkResolver.cpp, line 759]
Event: 49.530 Thread 0x000002585dc170b0 Exception <a 'java/lang/NoSuchMethodError'{0x00000000841ea808}: 'java.lang.Object java.lang.invoke.DirectMethodHandle$Holder.newInvokeSpecial(java.lang.Object, java.lang.Object, java.lang.Object, int)'> (0x00000000841ea808) 
thrown [s\open\src\hotspot\share\interpreter\linkResolver.cpp, line 759]
Event: 49.531 Thread 0x000002585dc170b0 Exception <a 'java/lang/NoSuchMethodError'{0x00000000841eeaf0}: 'java.lang.Object java.lang.invoke.DirectMethodHandle$Holder.invokeSpecial(java.lang.Object, java.lang.Object, java.lang.Object, java.lang.Object, int)'> (0x00000000841eeaf0) 
thrown [s\open\src\hotspot\share\interpreter\linkResolver.cpp, line 759]
Event: 49.531 Thread 0x000002585dc170b0 Exception <a 'java/lang/NoSuchMethodError'{0x00000000841f26b8}: 'java.lang.Object java.lang.invoke.Invokers$Holder.linkToTargetMethod(java.lang.Object, java.lang.Object, int, java.lang.Object)'> (0x00000000841f26b8) 
thrown [s\open\src\hotspot\share\interpreter\linkResolver.cpp, line 759]
Event: 53.819 Thread 0x000002585dc170b0 Exception <a 'sun/nio/fs/WindowsException'{0x0000000084ced388}> (0x0000000084ced388) 
thrown [s\open\src\hotspot\share\prims\jni.cpp, line 516]
Event: 53.844 Thread 0x000002585dc170b0 Exception <a 'sun/nio/fs/WindowsException'{0x0000000084cf2d90}> (0x0000000084cf2d90) 
thrown [s\open\src\hotspot\share\prims\jni.cpp, line 516]
Event: 53.846 Thread 0x000002585dc170b0 Exception <a 'sun/nio/fs/WindowsException'{0x0000000084cf3080}> (0x0000000084cf3080) 
thrown [s\open\src\hotspot\share\prims\jni.cpp, line 516]
Event: 53.851 Thread 0x000002585dc170b0 Exception <a 'sun/nio/fs/WindowsException'{0x0000000084cf3e50}> (0x0000000084cf3e50) 
thrown [s\open\src\hotspot\share\prims\jni.cpp, line 516]
Event: 53.851 Thread 0x000002585dc170b0 Exception <a 'sun/nio/fs/WindowsException'{0x0000000084cf41a8}> (0x0000000084cf41a8) 
thrown [s\open\src\hotspot\share\prims\jni.cpp, line 516]
Event: 53.971 Thread 0x000002585dc170b0 Exception <a 'java/lang/NoSuchMethodError'{0x000000008948de60}: 'java.lang.Object java.lang.invoke.DirectMethodHandle$Holder.invokeSpecial(java.lang.Object, java.lang.Object, long, java.lang.Object, java.lang.Object, java.lang.Object, java.lang.Object, java.lang.Object, java.lang.Object)'> (0x000000008948de60) 
thrown [s\open\src\hotspot\share\interpreter\linkResolver.cpp, line 759]
Event: 53.972 Thread 0x000002585dc170b0 Exception <a 'java/lang/NoSuchMethodError'{0x0000000089492988}: 'java.lang.Object java.lang.invoke.DelegatingMethodHandle$Holder.reinvoke_L(java.lang.Object, long, java.lang.Object, java.lang.Object, java.lang.Object, java.lang.Object, java.lang.Object, java.lang.Object)'> (0x0000000089492988) 
thrown [s\open\src\hotspot\share\interpreter\linkResolver.cpp, line 759]
Event: 57.244 Thread 0x000002585dc170b0 Exception <a 'java/io/FileNotFoundException'{0x0000000087aa8b20}> (0x0000000087aa8b20) 
thrown [s\open\src\hotspot\share\prims\jni.cpp, line 516]
Event: 58.168 Thread 0x000002585dc170b0 Exception <a 'java/lang/NoSuchMethodError'{0x0000000087c3f098}: 'int java.lang.invoke.DirectMethodHandle$Holder.invokeInterface(java.lang.Object, java.lang.Object, java.lang.Object, java.lang.Object)'> (0x0000000087c3f098) 
thrown [s\open\src\hotspot\share\interpreter\linkResolver.cpp, line 759]
Event: 58.786 Thread 0x000002585dc170b0 Exception <a 'sun/nio/fs/WindowsException'{0x0000000084d17b38}> (0x0000000084d17b38) 
thrown [s\open\src\hotspot\share\prims\jni.cpp, line 516]
Event: 58.854 Thread 0x000002585dc170b0 Exception <a 'java/lang/NoSuchMethodError'{0x0000000084d59d00}: 'int java.lang.invoke.DirectMethodHandle$Holder.invokeStaticInit(java.lang.Object, java.lang.Object, java.lang.Object, java.lang.Object)'> (0x0000000084d59d00) 
thrown [s\open\src\hotspot\share\interpreter\linkResolver.cpp, line 759]
Event: 61.251 Thread 0x000002585dc170b0 Exception <a 'java/lang/NoSuchMethodError'{0x00000000849af238}: 'java.lang.Object java.lang.invoke.DirectMethodHandle$Holder.invokeStaticInit(java.lang.Object, java.lang.Object, java.lang.Object, java.lang.Object)'> (0x00000000849af238) 
thrown [s\open\src\hotspot\share\interpreter\linkResolver.cpp, line 759]
Event: 61.254 Thread 0x000002585dc170b0 Exception <a 'java/lang/IncompatibleClassChangeError'{0x00000000849d9758}: Found class java.lang.Object, but interface was expected> (0x00000000849d9758) 
thrown [s\open\src\hotspot\share\interpreter\linkResolver.cpp, line 826]
Event: 61.255 Thread 0x000002585dc170b0 Exception <a 'java/lang/IncompatibleClassChangeError'{0x00000000849f47d0}: Found class java.lang.Object, but interface was expected> (0x00000000849f47d0) 
thrown [s\open\src\hotspot\share\interpreter\linkResolver.cpp, line 826]
Event: 61.326 Thread 0x000002585dc170b0 Exception <a 'java/lang/IncompatibleClassChangeError'{0x00000000848407d0}: Found class java.lang.Object, but interface was expected> (0x00000000848407d0) 
thrown [s\open\src\hotspot\share\interpreter\linkResolver.cpp, line 826]

VM Operations (20 events):
Event: 57.412 Executing VM operation: G1Concurrent
Event: 57.417 Executing VM operation: G1Concurrent done
Event: 57.443 Executing VM operation: G1Concurrent
Event: 57.443 Executing VM operation: G1Concurrent done
Event: 58.801 Executing VM operation: HandshakeAllThreads
Event: 58.801 Executing VM operation: HandshakeAllThreads done
Event: 58.801 Executing VM operation: Cleanup
Event: 58.801 Executing VM operation: Cleanup done
Event: 59.535 Executing VM operation: G1CollectForAllocation
Event: 59.544 Executing VM operation: G1CollectForAllocation done
Event: 61.489 Executing VM operation: G1CollectForAllocation
Event: 61.499 Executing VM operation: G1CollectForAllocation done
Event: 61.598 Executing VM operation: G1Concurrent
Event: 61.608 Executing VM operation: G1Concurrent done
Event: 61.649 Executing VM operation: G1Concurrent
Event: 61.721 Executing VM operation: G1Concurrent done
Event: 61.885 Executing VM operation: HandshakeAllThreads
Event: 61.885 Executing VM operation: HandshakeAllThreads done
Event: 61.887 Executing VM operation: HandshakeAllThreads
Event: 61.887 Executing VM operation: HandshakeAllThreads done

Events (20 events):
Event: 59.165 loading class javax/net/ssl/SSLPeerUnverifiedException done
Event: 59.165 loading class java/security/cert/CertificateParsingException
Event: 59.166 loading class java/security/cert/CertificateParsingException done
Event: 59.604 loading class java/net/ConnectException
Event: 59.605 loading class java/net/ConnectException done
Event: 59.605 loading class java/net/NoRouteToHostException
Event: 59.605 loading class java/net/NoRouteToHostException done
Event: 59.711 loading class java/util/zip/GZIPInputStream
Event: 59.712 loading class java/util/zip/GZIPInputStream done
Event: 59.849 loading class sun/reflect/generics/tree/IntSignature
Event: 59.849 loading class sun/reflect/generics/tree/IntSignature done
Event: 59.871 loading class java/lang/Enum$EnumDesc
Event: 59.873 loading class java/lang/Enum$EnumDesc done
Event: 59.998 Thread 0x000002585e12def0 Thread exited: 0x000002585e12def0
Event: 61.257 loading class java/util/stream/ReduceOps$1
Event: 61.315 loading class java/util/stream/ReduceOps$1 done
Event: 61.316 loading class java/util/stream/ReduceOps$1ReducingSink
Event: 61.317 loading class java/util/stream/ReduceOps$1ReducingSink done
Event: 61.612 loading class java/lang/invoke/DirectMethodHandle$Special
Event: 61.613 loading class java/lang/invoke/DirectMethodHandle$Special done


Dynamic libraries:
0x00007ff760570000 - 0x00007ff760580000 	C:\Program Files\Java\jdk-17\bin\javaw.exe
0x00007ff9aefb0000 - 0x00007ff9af1a8000 	C:\Windows\SYSTEM32\ntdll.dll
0x00007ff9ae1d0000 - 0x00007ff9ae28d000 	C:\Windows\System32\KERNEL32.DLL
0x00007ff9acbc0000 - 0x00007ff9aceb6000 	C:\Windows\System32\KERNELBASE.dll
0x00007ff9ac660000 - 0x00007ff9ac760000 	C:\Windows\System32\ucrtbase.dll
0x00007ff9a7fe0000 - 0x00007ff9a7ff9000 	C:\Program Files\Java\jdk-17\bin\jli.dll
0x00007ff9ad840000 - 0x00007ff9ad8f0000 	C:\Windows\System32\ADVAPI32.dll
0x00007ff9ad170000 - 0x00007ff9ad20e000 	C:\Windows\System32\msvcrt.dll
0x00007ff9ad420000 - 0x00007ff9ad4c0000 	C:\Windows\System32\sechost.dll
0x00007ff9ae0a0000 - 0x00007ff9ae1c3000 	C:\Windows\System32\RPCRT4.dll
0x00007ff9ac7b0000 - 0x00007ff9ac7d7000 	C:\Windows\System32\bcrypt.dll
0x00007ff9ad220000 - 0x00007ff9ad3bf000 	C:\Windows\System32\USER32.dll
0x00007ff9ac7e0000 - 0x00007ff9ac802000 	C:\Windows\System32\win32u.dll
0x00007ff9ae070000 - 0x00007ff9ae09b000 	C:\Windows\System32\GDI32.dll
0x00007ff9acec0000 - 0x00007ff9acfd7000 	C:\Windows\System32\gdi32full.dll
0x00007ff9ac810000 - 0x00007ff9ac8ad000 	C:\Windows\System32\msvcp_win.dll
0x00007ff99a7d0000 - 0x00007ff99a7eb000 	C:\Program Files\Java\jdk-17\bin\VCRUNTIME140.dll
0x00007ff998e00000 - 0x00007ff99909a000 	C:\Windows\WinSxS\amd64_microsoft.windows.common-controls_6595b64144ccf1df_6.0.19041.3636_none_60b6a03d71f818d5\COMCTL32.dll
0x00007ff9a0520000 - 0x00007ff9a052a000 	C:\Windows\SYSTEM32\VERSION.dll
0x00007ff9ad9a0000 - 0x00007ff9ad9d2000 	C:\Windows\System32\IMM32.DLL
0x00007ff9a8040000 - 0x00007ff9a804c000 	C:\Program Files\Java\jdk-17\bin\vcruntime140_1.dll
0x00007ff995e10000 - 0x00007ff995e9e000 	C:\Program Files\Java\jdk-17\bin\msvcp140.dll
0x00007ff944260000 - 0x00007ff944e41000 	C:\Program Files\Java\jdk-17\bin\server\jvm.dll
0x00007ff9aed30000 - 0x00007ff9aed38000 	C:\Windows\System32\PSAPI.DLL
0x00007ff9a7fd0000 - 0x00007ff9a7fd9000 	C:\Windows\SYSTEM32\WSOCK32.dll
0x00007ff9ae000000 - 0x00007ff9ae06b000 	C:\Windows\System32\WS2_32.dll
0x00007ff9a5890000 - 0x00007ff9a58b7000 	C:\Windows\SYSTEM32\WINMM.dll
0x00007ff9aa4b0000 - 0x00007ff9aa4c2000 	C:\Windows\SYSTEM32\kernel.appcore.dll
0x00007ff9a5420000 - 0x00007ff9a542a000 	C:\Program Files\Java\jdk-17\bin\jimage.dll
0x00007ff99bde0000 - 0x00007ff99bfc4000 	C:\Windows\SYSTEM32\DBGHELP.DLL
0x00007ff996920000 - 0x00007ff996954000 	C:\Windows\SYSTEM32\dbgcore.DLL
0x00007ff9ac920000 - 0x00007ff9ac9a2000 	C:\Windows\System32\bcryptPrimitives.dll
0x00007ff997920000 - 0x00007ff99795b000 	C:\Program Files\Java\jdk-17\bin\jdwp.dll
0x00007ff99f1e0000 - 0x00007ff99f1ee000 	C:\Program Files\Java\jdk-17\bin\instrument.dll
0x00007ff9987c0000 - 0x00007ff9987e5000 	C:\Program Files\Java\jdk-17\bin\java.dll
0x00007ff995bc0000 - 0x00007ff995c97000 	C:\Program Files\Java\jdk-17\bin\jsvml.dll
0x00007ff9ae2f0000 - 0x00007ff9aea5b000 	C:\Windows\System32\SHELL32.dll
0x00007ff9aa6b0000 - 0x00007ff9aae4e000 	C:\Windows\SYSTEM32\windows.storage.dll
0x00007ff9ad4e0000 - 0x00007ff9ad833000 	C:\Windows\System32\combase.dll
0x00007ff9abee0000 - 0x00007ff9abf0e000 	C:\Windows\SYSTEM32\Wldp.dll
0x00007ff9adac0000 - 0x00007ff9adb8d000 	C:\Windows\System32\OLEAUT32.dll
0x00007ff9aed40000 - 0x00007ff9aeded000 	C:\Windows\System32\SHCORE.dll
0x00007ff9ad110000 - 0x00007ff9ad165000 	C:\Windows\System32\shlwapi.dll
0x00007ff9ac590000 - 0x00007ff9ac5b3000 	C:\Windows\SYSTEM32\profapi.dll
0x00007ff9a56f0000 - 0x00007ff9a56fc000 	C:\Program Files\Java\jdk-17\bin\dt_socket.dll
0x00007ff9ab9c0000 - 0x00007ff9ab9fb000 	C:\Windows\SYSTEM32\IPHLPAPI.DLL
0x00007ff9abcc0000 - 0x00007ff9abd2a000 	C:\Windows\system32\mswsock.dll
0x00007ff9aba00000 - 0x00007ff9abacb000 	C:\Windows\SYSTEM32\DNSAPI.dll
0x00007ff9aea60000 - 0x00007ff9aea68000 	C:\Windows\System32\NSI.dll
0x00007ff9a3f40000 - 0x00007ff9a3f4a000 	C:\Windows\System32\rasadhlp.dll
0x00007ff9a3cd0000 - 0x00007ff9a3d50000 	C:\Windows\System32\fwpuclnt.dll
0x00007ff9975c0000 - 0x00007ff9975d8000 	C:\Program Files\Java\jdk-17\bin\zip.dll
0x00007ff997320000 - 0x00007ff997339000 	C:\Program Files\Java\jdk-17\bin\net.dll
0x00007ff9a5da0000 - 0x00007ff9a5eaa000 	C:\Windows\SYSTEM32\WINHTTP.dll
0x00007ff996300000 - 0x00007ff996316000 	C:\Program Files\Java\jdk-17\bin\nio.dll
0x00007ff99a6c0000 - 0x00007ff99a6ca000 	C:\Program Files\Java\jdk-17\bin\management.dll
0x00007ff998790000 - 0x00007ff99879b000 	C:\Program Files\Java\jdk-17\bin\management_ext.dll
0x00007ff95d830000 - 0x00007ff95d847000 	C:\Windows\system32\napinsp.dll
0x00007ff95d850000 - 0x00007ff95d86b000 	C:\Windows\system32\pnrpnsp.dll
0x00007ff990890000 - 0x00007ff9908a5000 	C:\Windows\system32\wshbth.dll
0x00007ff9a7fb0000 - 0x00007ff9a7fcd000 	C:\Windows\system32\NLAapi.dll
0x00007ff95d870000 - 0x00007ff95d882000 	C:\Windows\System32\winrnr.dll
0x00007ff9ac2a0000 - 0x00007ff9ac2b8000 	C:\Windows\SYSTEM32\CRYPTSP.dll
0x00007ff9ab600000 - 0x00007ff9ab634000 	C:\Windows\system32\rsaenh.dll
0x00007ff9ac550000 - 0x00007ff9ac57e000 	C:\Windows\SYSTEM32\USERENV.dll
0x00007ff9abe50000 - 0x00007ff9abe5c000 	C:\Windows\SYSTEM32\CRYPTBASE.dll
0x00007ff9a66f0000 - 0x00007ff9a6707000 	C:\Windows\SYSTEM32\dhcpcsvc6.DLL
0x00007ff9a67c0000 - 0x00007ff9a67dd000 	C:\Windows\SYSTEM32\dhcpcsvc.DLL
0x00007ff99a7c0000 - 0x00007ff99a7d0000 	C:\Program Files\Java\jdk-17\bin\verify.dll
0x00007ff99a710000 - 0x00007ff99a71e000 	C:\Program Files\Java\jdk-17\bin\sunmscapi.dll
0x00007ff9ac9b0000 - 0x00007ff9acb0e000 	C:\Windows\System32\CRYPT32.dll
0x00007ff9abf50000 - 0x00007ff9abf78000 	C:\Windows\SYSTEM32\ncrypt.dll
0x00007ff9abf10000 - 0x00007ff9abf4b000 	C:\Windows\SYSTEM32\NTASN1.dll

dbghelp: loaded successfully - version: 4.0.5 - missing functions: none
symbol engine: initialized successfully - sym options: 0x614 - pdb path: .;C:\Program Files\Java\jdk-17\bin;C:\Windows\SYSTEM32;C:\Windows\WinSxS\amd64_microsoft.windows.common-controls_6595b64144ccf1df_6.0.19041.3636_none_60b6a03d71f818d5;C:\Program Files\Java\jdk-17\bin\server

VM Arguments:
jvm_args: -XX:+ShowCodeDetailsInExceptionMessages -agentlib:jdwp=transport=dt_socket,suspend=y,address=localhost:59857 -Dcom.sun.management.jmxremote -Dcom.sun.management.jmxremote.port=58611 -Dcom.sun.management.jmxremote.authenticate=false -Dcom.sun.management.jmxremote.ssl=false -Djava.rmi.server.hostname=localhost -Dspring.jmx.enabled=true -Dmanagement.endpoints.jmx.exposure.include=* -Dspring.application.admin.enabled=true -XX:TieredStopAtLevel=1 -Dspring.boot.project.name=lichchieu-service -javaagent:C:\Users\anh12\eclipse\jee-2023-12\eclipse\configuration\org.eclipse.osgi\434\0\.cp\lib\javaagent-shaded.jar -Dfile.encoding=UTF-8 -Dstdout.encoding=UTF-8 -Dstderr.encoding=UTF-8 
java_command: com.jpn2018.lichchieuservice.LichchieuServiceApplication --spring.output.ansi.enabled=always
java_class_path (initial): D:\ptpmthdv\ms\lichchieu-service\target\classes;C:\Users\anh12\.m2\repository\org\springframework\boot\spring-boot-starter-actuator\3.2.4\spring-boot-starter-actuator-3.2.4.jar;C:\Users\anh12\.m2\repository\org\springframework\boot\spring-boot-starter\3.2.4\spring-boot-starter-3.2.4.jar;C:\Users\anh12\.m2\repository\org\springframework\boot\spring-boot-starter-logging\3.2.4\spring-boot-starter-logging-3.2.4.jar;C:\Users\anh12\.m2\repository\ch\qos\logback\logback-classic\1.4.14\logback-classic-1.4.14.jar;C:\Users\anh12\.m2\repository\ch\qos\logback\logback-core\1.4.14\logback-core-1.4.14.jar;C:\Users\anh12\.m2\repository\org\apache\logging\log4j\log4j-to-slf4j\2.21.1\log4j-to-slf4j-2.21.1.jar;C:\Users\anh12\.m2\repository\org\apache\logging\log4j\log4j-api\2.21.1\log4j-api-2.21.1.jar;C:\Users\anh12\.m2\repository\org\slf4j\jul-to-slf4j\2.0.12\jul-to-slf4j-2.0.12.jar;C:\Users\anh12\.m2\repository\jakarta\annotation\jakarta.annotation-api\2.1.1\jakarta.annotation-api-2.1.1.jar;C:\Users\anh12\.m2\repository\org\yaml\snakeyaml\2.2\snakeyaml-2.2.jar;C:\Users\anh12\.m2\repository\org\springframework\boot\spring-boot-actuator-autoconfigure\3.2.4\spring-boot-actuator-autoconfigure-3.2.4.jar;C:\Users\anh12\.m2\repository\org\springframework\boot\spring-boot-actuator\3.2.4\spring-boot-actuator-3.2.4.jar;C:\Users\anh12\.m2\repository\com\fasterxml\jackson\datatype\jackson-datatype-jsr310\2.15.4\jackson-datatype-jsr310-2.15.4.jar;C:\Users\anh12\.m2\repository\io\micrometer\micrometer-observation\1.12.4\micrometer-observation-1.12.4.jar;C:\Users\anh12\.m2\repository\io\micrometer\micrometer-commons\1.12.4\micrometer-commons-1.12.4.jar;C:\Users\anh12\.m2\repository\io\micrometer\micrometer-jakarta9\1.12.4\micrometer-jakarta9-1.12.4.jar;C:\Users\anh12\.m2\repository\io\micrometer\micrometer-core\1.12.4\micrometer-core-1.12.4.jar;C:\Users\anh12\.m2\repository\org\hdrhistogram\HdrHistogram\2.1.12\HdrHistogram-2.1.12.jar;C:\Users\anh12\.m2\repository\org\
Launcher Type: SUN_STANDARD

[Global flags]
     intx CICompilerCount                          = 3                                         {product} {ergonomic}
     uint ConcGCThreads                            = 1                                         {product} {ergonomic}
     uint G1ConcRefinementThreads                  = 4                                         {product} {ergonomic}
   size_t G1HeapRegionSize                         = 1048576                                   {product} {ergonomic}
    uintx GCDrainStackTargetSize                   = 64                                        {product} {ergonomic}
   size_t InitialHeapSize                          = 134217728                                 {product} {ergonomic}
     bool ManagementServer                         = true                                      {product} {command line}
   size_t MarkStackSize                            = 4194304                                   {product} {ergonomic}
   size_t MaxHeapSize                              = 2124414976                                {product} {ergonomic}
   size_t MaxNewSize                               = 1274019840                                {product} {ergonomic}
   size_t MinHeapDeltaBytes                        = 1048576                                   {product} {ergonomic}
   size_t MinHeapSize                              = 8388608                                   {product} {ergonomic}
    uintx NonProfiledCodeHeapSize                  = 0                                      {pd product} {ergonomic}
     bool ProfileInterpreter                       = false                                  {pd product} {command line}
    uintx ProfiledCodeHeapSize                     = 0                                      {pd product} {ergonomic}
     bool ShowCodeDetailsInExceptionMessages       = true                                   {manageable} {command line}
   size_t SoftMaxHeapSize                          = 2124414976                             {manageable} {ergonomic}
     intx TieredStopAtLevel                        = 1                                         {product} {command line}
     bool UseCompressedClassPointers               = true                           {product lp64_product} {ergonomic}
     bool UseCompressedOops                        = true                           {product lp64_product} {ergonomic}
     bool UseG1GC                                  = true                                      {product} {ergonomic}
     bool UseLargePagesIndividualAllocation        = false                                  {pd product} {ergonomic}

Logging:
Log output configuration:
 #0: stdout all=warning uptime,level,tags
 #1: stderr all=off uptime,level,tags

Environment Variables:
JAVA_HOME=C:\Program Files\Java\jdk-17
PATH=C:\Python312\Scripts\;C:\Python312\;C:\Program Files\Common Files\Oracle\Java\javapath;C:\Windows\system32;C:\Windows;C:\Windows\System32\Wbem;C:\Windows\System32\WindowsPowerShell\v1.0\;C:\Windows\System32\OpenSSH\;D:\tool\git\Git\cmd;C:\Program Files\nodejs\;C:\ProgramData\chocolatey\bin;D:\tool\maven\apache-maven-3.8.8\bin;D:\tool\maven\apache-maven-3.8.8\bin;D:\android-sdk\platform-tools;;C:\Program Files\Docker\Docker\resources\bin;C:\Users\anh12\AppData\Local\Microsoft\WindowsApps;D:\tool\vsc\Microsoft VS Code\bin;C:\Users\anh12\AppData\Roaming\npm;D:\tool\maven\apache-maven-3.8.8\bin;C:\Users\anh12\AppData\Local\Android\sdk\platform-tools;D:\android-sdk\platform-tools;
USERNAME=anh12
OS=Windows_NT
PROCESSOR_IDENTIFIER=Intel64 Family 6 Model 69 Stepping 1, GenuineIntel



---------------  S Y S T E M  ---------------

OS:
 Windows 10 , 64 bit Build 19041 (10.0.19041.3636)
OS uptime: 0 days 5:40 hours
Hyper-V role detected

CPU: total 4 (initial active 4) (2 cores per cpu, 2 threads per core) family 6 model 69 stepping 1 microcode 0x25, cx8, cmov, fxsr, ht, mmx, sse, sse2, sse3, ssse3, sse4.1, sse4.2, popcnt, lzcnt, tsc, tscinvbit, avx, avx2, aes, erms, clmul, bmi1, bmi2, fma, vzeroupper, clflush, hv

Memory: 4k page, system-wide physical 8097M (244M free)
TotalPageFile size 14031M (AvailPageFile size 0M)
current process WorkingSet (physical memory assigned to process): 181M, peak: 181M
current process commit charge ("private bytes"): 224M, peak: 243M

vm_info: Java HotSpot(TM) 64-Bit Server VM (17.0.9+11-LTS-201) for windows-amd64 JRE (17.0.9+11-LTS-201), built on Oct 10 2023 23:16:06 by "mach5one" with MS VC++ 17.1 (VS2022)

END.
