#
# There is insufficient memory for the Java Runtime Environment to continue.
# Native memory allocation (malloc) failed to allocate 32744 bytes for ChunkPool::allocate
# Possible reasons:
#   The system is out of physical RAM or swap space
#   The process is running with CompressedOops enabled, and the Java Heap may be blocking the growth of the native heap
# Possible solutions:
#   Reduce memory load on the system
#   Increase physical memory or swap space
#   Check if swap backing store is full
#   Decrease Java heap size (-Xmx/-Xms)
#   Decrease number of Java threads
#   Decrease Java thread stack sizes (-Xss)
#   Set larger code cache with -XX:ReservedCodeCacheSize=
#   JVM is running with Unscaled Compressed Oops mode in which the Java heap is
#     placed in the first 4GB address space. The Java Heap base address is the
#     maximum limit for the native heap growth. Please use -XX:HeapBaseMinAddress
#     to set the Java Heap base and to place the Java Heap above 4GB virtual address.
# This output file may be truncated or incomplete.
#
#  Out of Memory Error (arena.cpp:78), pid=5636, tid=5336
#
# JRE version: Java(TM) SE Runtime Environment (17.0.9+11) (build 17.0.9+11-LTS-201)
# Java VM: Java HotSpot(TM) 64-Bit Server VM (17.0.9+11-LTS-201, mixed mode, emulated-client, sharing, tiered, compressed oops, compressed class ptrs, g1 gc, windows-amd64)
# No core dump will be written. Minidumps are not enabled by default on client versions of Windows
#

---------------  S U M M A R Y ------------

Command Line: -XX:+ShowCodeDetailsInExceptionMessages -agentlib:jdwp=transport=dt_socket,suspend=y,address=localhost:60054 -Dcom.sun.management.jmxremote -Dcom.sun.management.jmxremote.port=59737 -Dcom.sun.management.jmxremote.authenticate=false -Dcom.sun.management.jmxremote.ssl=false -Djava.rmi.server.hostname=localhost -Dspring.jmx.enabled=true -Dmanagement.endpoints.jmx.exposure.include=* -Dspring.application.admin.enabled=true -XX:TieredStopAtLevel=1 -Dspring.boot.project.name=thanhvien-service -javaagent:C:\Users\anh12\eclipse\jee-2023-12\eclipse\configuration\org.eclipse.osgi\434\0\.cp\lib\javaagent-shaded.jar -Dfile.encoding=UTF-8 -Dstdout.encoding=UTF-8 -Dstderr.encoding=UTF-8 com.jpn2018.thanhvienservice.ThanhvienServiceApplication --spring.output.ansi.enabled=always

Host: Intel(R) Core(TM) i5-4300U CPU @ 1.90GHz, 4 cores, 7G,  Windows 10 , 64 bit Build 19041 (10.0.19041.3636)
Time: Mon May 13 20:23:02 2024 SE Asia Standard Time elapsed time: 17.361439 seconds (0d 0h 0m 17s)

---------------  T H R E A D  ---------------

Current thread (0x0000015fe5688330):  JavaThread "C1 CompilerThread0" daemon [_thread_in_native, id=5336, stack(0x000000502fa00000,0x000000502fb00000)]


Current CompileTask:
C1:  17361 1183       1       java.net.URLStreamHandler::parseURL (1201 bytes)

Stack: [0x000000502fa00000,0x000000502fb00000]
Native frames: (J=compiled Java code, j=interpreted, Vv=VM code, C=native code)
V  [jvm.dll+0x678a4a]
V  [jvm.dll+0x7d9cfd]
V  [jvm.dll+0x7db60e]
V  [jvm.dll+0x7dbc73]
V  [jvm.dll+0x245e1f]
V  [jvm.dll+0xaad50]
V  [jvm.dll+0xab09c]
V  [jvm.dll+0x17b081]
V  [jvm.dll+0x17dd0e]
V  [jvm.dll+0x17e317]
V  [jvm.dll+0x176100]
V  [jvm.dll+0x17551f]
V  [jvm.dll+0x17ee0b]
V  [jvm.dll+0x176788]
V  [jvm.dll+0x179ebf]
V  [jvm.dll+0x134e03]
V  [jvm.dll+0x13471f]
V  [jvm.dll+0x134958]
V  [jvm.dll+0x133df1]
V  [jvm.dll+0x135a8d]
V  [jvm.dll+0x2272de]
V  [jvm.dll+0x22548b]
V  [jvm.dll+0x78f58c]
V  [jvm.dll+0x78998a]
V  [jvm.dll+0x677875]
C  [ucrtbase.dll+0x21bb2]
C  [KERNEL32.DLL+0x17344]
C  [ntdll.dll+0x526b1]


---------------  P R O C E S S  ---------------

Threads class SMR info:
_java_thread_list=0x0000015fea64a2f0, length=20, elements={
0x0000015fd4001870, 0x0000015fe566dc50, 0x0000015fe56731a0, 0x0000015fe5682ac0,
0x0000015fe5684700, 0x0000015fe56870e0, 0x0000015fe56879b0, 0x0000015fe5688330,
0x0000015fe56b9b00, 0x0000015fe56fe330, 0x0000015fe59b34d0, 0x0000015fe59b5760,
0x0000015fe59b5c50, 0x0000015fea45fa00, 0x0000015fea5340d0, 0x0000015fea530df0,
0x0000015fea531790, 0x0000015fea61dd70, 0x0000015fea660610, 0x0000015fea660af0
}
_to_delete_list=0x0000015fea64ace0, length=19, elements={
0x0000015fd4001870, 0x0000015fe566dc50, 0x0000015fe56731a0, 0x0000015fe5682ac0,
0x0000015fe5684700, 0x0000015fe56870e0, 0x0000015fe56879b0, 0x0000015fe5688330,
0x0000015fe56b9b00, 0x0000015fe56fe330, 0x0000015fe59b34d0, 0x0000015fe59b5760,
0x0000015fe59b5c50, 0x0000015fea45fa00, 0x0000015fea5340d0, 0x0000015fea530df0,
0x0000015fea531790, 0x0000015fea61dd70, 0x0000015fea660610
}

Java Threads: ( => current thread )
  0x0000015fd4001870 JavaThread "main" [_thread_in_vm, id=2736, stack(0x000000502ed00000,0x000000502ee00000)]
  0x0000015fe566dc50 JavaThread "Reference Handler" daemon [_thread_blocked, id=8232, stack(0x000000502f400000,0x000000502f500000)]
  0x0000015fe56731a0 JavaThread "Finalizer" daemon [_thread_blocked, id=8372, stack(0x000000502f500000,0x000000502f600000)]
  0x0000015fe5682ac0 JavaThread "Signal Dispatcher" daemon [_thread_blocked, id=15292, stack(0x000000502f600000,0x000000502f700000)]
  0x0000015fe5684700 JavaThread "Attach Listener" daemon [_thread_blocked, id=6508, stack(0x000000502f700000,0x000000502f800000)]
  0x0000015fe56870e0 JavaThread "Service Thread" daemon [_thread_blocked, id=13244, stack(0x000000502f800000,0x000000502f900000)]
  0x0000015fe56879b0 JavaThread "Monitor Deflation Thread" daemon [_thread_blocked, id=3064, stack(0x000000502f900000,0x000000502fa00000)]
=>0x0000015fe5688330 JavaThread "C1 CompilerThread0" daemon [_thread_in_native, id=5336, stack(0x000000502fa00000,0x000000502fb00000)]
  0x0000015fe56b9b00 JavaThread "Sweeper thread" daemon [_thread_blocked, id=1508, stack(0x000000502fb00000,0x000000502fc00000)]
  0x0000015fe56fe330 JavaThread "Common-Cleaner" daemon [_thread_blocked, id=1112, stack(0x000000502fc00000,0x000000502fd00000)]
  0x0000015fe59b34d0 JavaThread "JDWP Transport Listener: dt_socket" daemon [_thread_blocked, id=6612, stack(0x000000502fe00000,0x000000502ff00000)]
  0x0000015fe59b5760 JavaThread "JDWP Event Helper Thread" daemon [_thread_blocked, id=6472, stack(0x000000502ff00000,0x0000005030000000)]
  0x0000015fe59b5c50 JavaThread "JDWP Command Reader" daemon [_thread_in_native, id=11600, stack(0x0000005030000000,0x0000005030100000)]
  0x0000015fea45fa00 JavaThread "Notification Thread" daemon [_thread_blocked, id=12792, stack(0x000000502fd00000,0x000000502fe00000)]
  0x0000015fea5340d0 JavaThread "RMI TCP Accept-0" daemon [_thread_in_native, id=15564, stack(0x0000005030400000,0x0000005030500000)]
  0x0000015fea530df0 JavaThread "RMI TCP Accept-59737" daemon [_thread_in_native, id=15572, stack(0x0000005030500000,0x0000005030600000)]
  0x0000015fea531790 JavaThread "RMI TCP Accept-0" daemon [_thread_in_native, id=15580, stack(0x0000005030600000,0x0000005030700000)]
  0x0000015fea61dd70 JavaThread "RMI TCP Connection(1)-127.0.0.1" daemon [_thread_in_native, id=15600, stack(0x0000005030800000,0x0000005030900000)]
  0x0000015fea660610 JavaThread "RMI Scheduler(0)" daemon [_thread_blocked, id=15616, stack(0x0000005030900000,0x0000005030a00000)]
  0x0000015fea660af0 JavaThread "RMI TCP Connection(2)-127.0.0.1" daemon [_thread_in_vm, id=15624, stack(0x0000005030a00000,0x0000005030b00000)]

Other Threads:
  0x0000015fe5667590 VMThread "VM Thread" [stack: 0x000000502f300000,0x000000502f400000] [id=9336]
  0x0000015fd40035c0 WatcherThread [stack: 0x0000005030700000,0x0000005030800000] [id=15584]
  0x0000015fd4059ee0 GCTaskThread "GC Thread#0" [stack: 0x000000502ee00000,0x000000502ef00000] [id=10936]
  0x0000015fe5bfdf30 GCTaskThread "GC Thread#1" [stack: 0x0000005030100000,0x0000005030200000] [id=15456]
  0x0000015fe5bfe1f0 GCTaskThread "GC Thread#2" [stack: 0x0000005030200000,0x0000005030300000] [id=15460]
  0x0000015fea4ad890 GCTaskThread "GC Thread#3" [stack: 0x0000005030300000,0x0000005030400000] [id=15468]
  0x0000015fd406aa80 ConcurrentGCThread "G1 Main Marker" [stack: 0x000000502ef00000,0x000000502f000000] [id=2972]
  0x0000015fd406b3a0 ConcurrentGCThread "G1 Conc#0" [stack: 0x000000502f000000,0x000000502f100000] [id=14000]
  0x0000015fd40bd100 ConcurrentGCThread "G1 Refine#0" [stack: 0x000000502f100000,0x000000502f200000] [id=1180]
  0x0000015fd40bda40 ConcurrentGCThread "G1 Service" [stack: 0x000000502f200000,0x000000502f300000] [id=4704]

Threads with active compile tasks:
C1 CompilerThread0    17623 1183       1       java.net.URLStreamHandler::parseURL (1201 bytes)

VM state: not at safepoint (normal execution)

VM Mutex/Monitor currently owned by a thread:  ([mutex/lock_event])
[0x0000015fd3ffb6d0] Metaspace_lock - owner thread: 0x0000015fea660af0

Heap address: 0x0000000081600000, size: 2026 MB, Compressed Oops mode: 32-bit

CDS archive(s) mapped at: [0x0000015f80000000-0x0000015f80bd0000-0x0000015f80bd0000), size 12386304, SharedBaseAddress: 0x0000015f80000000, ArchiveRelocationMode: 1.
Compressed class space mapped at: 0x0000015f81000000-0x0000015fc1000000, reserved size: 1073741824
Narrow klass base: 0x0000015f80000000, Narrow klass shift: 0, Narrow klass range: 0x100000000

GC Precious Log:
 CPUs: 4 total, 4 available
 Memory: 8097M
 Large Page Support: Disabled
 NUMA Support: Disabled
 Compressed Oops: Enabled (32-bit)
 Heap Region Size: 1M
 Heap Min Capacity: 8M
 Heap Initial Capacity: 128M
 Heap Max Capacity: 2026M
 Pre-touch: Disabled
 Parallel Workers: 4
 Concurrent Workers: 1
 Concurrent Refinement Workers: 4
 Periodic GC: Disabled

Heap:
 garbage-first heap   total 131072K, used 16092K [0x0000000081600000, 0x0000000100000000)
  region size 1024K, 8 young (8192K), 2 survivors (2048K)
 Metaspace       used 7149K, committed 7296K, reserved 1114112K
  class space    used 833K, committed 896K, reserved 1048576K

Heap Regions: E=young(eden), S=young(survivor), O=old, HS=humongous(starts), HC=humongous(continues), CS=collection set, F=free, OA=open archive, CA=closed archive, TAMS=top-at-mark-start (previous, next)
|   0|0x0000000081600000, 0x0000000081700000, 0x0000000081700000|100%|HS|  |TAMS 0x0000000081600000, 0x0000000081600000| Complete 
|   1|0x0000000081700000, 0x0000000081800000, 0x0000000081800000|100%|HS|  |TAMS 0x0000000081700000, 0x0000000081700000| Complete 
|   2|0x0000000081800000, 0x0000000081900000, 0x0000000081900000|100%| O|  |TAMS 0x0000000081800000, 0x0000000081800000| Untracked 
|   3|0x0000000081900000, 0x0000000081a00000, 0x0000000081a00000|100%| O|  |TAMS 0x0000000081900000, 0x0000000081900000| Untracked 
|   4|0x0000000081a00000, 0x0000000081b00000, 0x0000000081b00000|100%| O|  |TAMS 0x0000000081a00000, 0x0000000081a00000| Untracked 
|   5|0x0000000081b00000, 0x0000000081c00000, 0x0000000081c00000|100%| O|  |TAMS 0x0000000081b00000, 0x0000000081b00000| Untracked 
|   6|0x0000000081c00000, 0x0000000081d00000, 0x0000000081d00000|100%| O|  |TAMS 0x0000000081c00000, 0x0000000081c00000| Untracked 
|   7|0x0000000081d00000, 0x0000000081e00000, 0x0000000081e00000|100%| O|  |TAMS 0x0000000081d00000, 0x0000000081d00000| Untracked 
|   8|0x0000000081e00000, 0x0000000081f00000, 0x0000000081f00000|100%| O|  |TAMS 0x0000000081e00000, 0x0000000081e00000| Untracked 
|   9|0x0000000081f00000, 0x0000000081f37200, 0x0000000082000000| 21%| O|  |TAMS 0x0000000081f00000, 0x0000000081f00000| Untracked 
|  10|0x0000000082000000, 0x0000000082000000, 0x0000000082100000|  0%| F|  |TAMS 0x0000000082000000, 0x0000000082000000| Untracked 
|  11|0x0000000082100000, 0x0000000082100000, 0x0000000082200000|  0%| F|  |TAMS 0x0000000082100000, 0x0000000082100000| Untracked 
|  12|0x0000000082200000, 0x0000000082200000, 0x0000000082300000|  0%| F|  |TAMS 0x0000000082200000, 0x0000000082200000| Untracked 
|  13|0x0000000082300000, 0x0000000082300000, 0x0000000082400000|  0%| F|  |TAMS 0x0000000082300000, 0x0000000082300000| Untracked 
|  14|0x0000000082400000, 0x0000000082400000, 0x0000000082500000|  0%| F|  |TAMS 0x0000000082400000, 0x0000000082400000| Untracked 
|  15|0x0000000082500000, 0x0000000082500000, 0x0000000082600000|  0%| F|  |TAMS 0x0000000082500000, 0x0000000082500000| Untracked 
|  16|0x0000000082600000, 0x0000000082600000, 0x0000000082700000|  0%| F|  |TAMS 0x0000000082600000, 0x0000000082600000| Untracked 
|  17|0x0000000082700000, 0x0000000082700000, 0x0000000082800000|  0%| F|  |TAMS 0x0000000082700000, 0x0000000082700000| Untracked 
|  18|0x0000000082800000, 0x0000000082800000, 0x0000000082900000|  0%| F|  |TAMS 0x0000000082800000, 0x0000000082800000| Untracked 
|  19|0x0000000082900000, 0x0000000082900000, 0x0000000082a00000|  0%| F|  |TAMS 0x0000000082900000, 0x0000000082900000| Untracked 
|  20|0x0000000082a00000, 0x0000000082a00000, 0x0000000082b00000|  0%| F|  |TAMS 0x0000000082a00000, 0x0000000082a00000| Untracked 
|  21|0x0000000082b00000, 0x0000000082b00000, 0x0000000082c00000|  0%| F|  |TAMS 0x0000000082b00000, 0x0000000082b00000| Untracked 
|  22|0x0000000082c00000, 0x0000000082c00000, 0x0000000082d00000|  0%| F|  |TAMS 0x0000000082c00000, 0x0000000082c00000| Untracked 
|  23|0x0000000082d00000, 0x0000000082d00000, 0x0000000082e00000|  0%| F|  |TAMS 0x0000000082d00000, 0x0000000082d00000| Untracked 
|  24|0x0000000082e00000, 0x0000000082e00000, 0x0000000082f00000|  0%| F|  |TAMS 0x0000000082e00000, 0x0000000082e00000| Untracked 
|  25|0x0000000082f00000, 0x0000000082f00000, 0x0000000083000000|  0%| F|  |TAMS 0x0000000082f00000, 0x0000000082f00000| Untracked 
|  26|0x0000000083000000, 0x0000000083000000, 0x0000000083100000|  0%| F|  |TAMS 0x0000000083000000, 0x0000000083000000| Untracked 
|  27|0x0000000083100000, 0x0000000083100000, 0x0000000083200000|  0%| F|  |TAMS 0x0000000083100000, 0x0000000083100000| Untracked 
|  28|0x0000000083200000, 0x0000000083200000, 0x0000000083300000|  0%| F|  |TAMS 0x0000000083200000, 0x0000000083200000| Untracked 
|  29|0x0000000083300000, 0x0000000083300000, 0x0000000083400000|  0%| F|  |TAMS 0x0000000083300000, 0x0000000083300000| Untracked 
|  30|0x0000000083400000, 0x0000000083400000, 0x0000000083500000|  0%| F|  |TAMS 0x0000000083400000, 0x0000000083400000| Untracked 
|  31|0x0000000083500000, 0x0000000083500000, 0x0000000083600000|  0%| F|  |TAMS 0x0000000083500000, 0x0000000083500000| Untracked 
|  32|0x0000000083600000, 0x0000000083600000, 0x0000000083700000|  0%| F|  |TAMS 0x0000000083600000, 0x0000000083600000| Untracked 
|  33|0x0000000083700000, 0x0000000083700000, 0x0000000083800000|  0%| F|  |TAMS 0x0000000083700000, 0x0000000083700000| Untracked 
|  34|0x0000000083800000, 0x0000000083800000, 0x0000000083900000|  0%| F|  |TAMS 0x0000000083800000, 0x0000000083800000| Untracked 
|  35|0x0000000083900000, 0x0000000083900000, 0x0000000083a00000|  0%| F|  |TAMS 0x0000000083900000, 0x0000000083900000| Untracked 
|  36|0x0000000083a00000, 0x0000000083a00000, 0x0000000083b00000|  0%| F|  |TAMS 0x0000000083a00000, 0x0000000083a00000| Untracked 
|  37|0x0000000083b00000, 0x0000000083b00000, 0x0000000083c00000|  0%| F|  |TAMS 0x0000000083b00000, 0x0000000083b00000| Untracked 
|  38|0x0000000083c00000, 0x0000000083c00000, 0x0000000083d00000|  0%| F|  |TAMS 0x0000000083c00000, 0x0000000083c00000| Untracked 
|  39|0x0000000083d00000, 0x0000000083d00000, 0x0000000083e00000|  0%| F|  |TAMS 0x0000000083d00000, 0x0000000083d00000| Untracked 
|  40|0x0000000083e00000, 0x0000000083e00000, 0x0000000083f00000|  0%| F|  |TAMS 0x0000000083e00000, 0x0000000083e00000| Untracked 
|  41|0x0000000083f00000, 0x0000000083f00000, 0x0000000084000000|  0%| F|  |TAMS 0x0000000083f00000, 0x0000000083f00000| Untracked 
|  42|0x0000000084000000, 0x0000000084000000, 0x0000000084100000|  0%| F|  |TAMS 0x0000000084000000, 0x0000000084000000| Untracked 
|  43|0x0000000084100000, 0x0000000084100000, 0x0000000084200000|  0%| F|  |TAMS 0x0000000084100000, 0x0000000084100000| Untracked 
|  44|0x0000000084200000, 0x0000000084200000, 0x0000000084300000|  0%| F|  |TAMS 0x0000000084200000, 0x0000000084200000| Untracked 
|  45|0x0000000084300000, 0x0000000084300000, 0x0000000084400000|  0%| F|  |TAMS 0x0000000084300000, 0x0000000084300000| Untracked 
|  46|0x0000000084400000, 0x0000000084400000, 0x0000000084500000|  0%| F|  |TAMS 0x0000000084400000, 0x0000000084400000| Untracked 
|  47|0x0000000084500000, 0x0000000084500000, 0x0000000084600000|  0%| F|  |TAMS 0x0000000084500000, 0x0000000084500000| Untracked 
|  48|0x0000000084600000, 0x0000000084600000, 0x0000000084700000|  0%| F|  |TAMS 0x0000000084600000, 0x0000000084600000| Untracked 
|  49|0x0000000084700000, 0x0000000084700000, 0x0000000084800000|  0%| F|  |TAMS 0x0000000084700000, 0x0000000084700000| Untracked 
|  50|0x0000000084800000, 0x0000000084800000, 0x0000000084900000|  0%| F|  |TAMS 0x0000000084800000, 0x0000000084800000| Untracked 
|  51|0x0000000084900000, 0x0000000084900000, 0x0000000084a00000|  0%| F|  |TAMS 0x0000000084900000, 0x0000000084900000| Untracked 
|  52|0x0000000084a00000, 0x0000000084a00000, 0x0000000084b00000|  0%| F|  |TAMS 0x0000000084a00000, 0x0000000084a00000| Untracked 
|  53|0x0000000084b00000, 0x0000000084b00000, 0x0000000084c00000|  0%| F|  |TAMS 0x0000000084b00000, 0x0000000084b00000| Untracked 
|  54|0x0000000084c00000, 0x0000000084c00000, 0x0000000084d00000|  0%| F|  |TAMS 0x0000000084c00000, 0x0000000084c00000| Untracked 
|  55|0x0000000084d00000, 0x0000000084d00000, 0x0000000084e00000|  0%| F|  |TAMS 0x0000000084d00000, 0x0000000084d00000| Untracked 
|  56|0x0000000084e00000, 0x0000000084e00000, 0x0000000084f00000|  0%| F|  |TAMS 0x0000000084e00000, 0x0000000084e00000| Untracked 
|  57|0x0000000084f00000, 0x0000000084f00000, 0x0000000085000000|  0%| F|  |TAMS 0x0000000084f00000, 0x0000000084f00000| Untracked 
|  58|0x0000000085000000, 0x0000000085000000, 0x0000000085100000|  0%| F|  |TAMS 0x0000000085000000, 0x0000000085000000| Untracked 
|  59|0x0000000085100000, 0x0000000085100000, 0x0000000085200000|  0%| F|  |TAMS 0x0000000085100000, 0x0000000085100000| Untracked 
|  60|0x0000000085200000, 0x0000000085200000, 0x0000000085300000|  0%| F|  |TAMS 0x0000000085200000, 0x0000000085200000| Untracked 
|  61|0x0000000085300000, 0x0000000085300000, 0x0000000085400000|  0%| F|  |TAMS 0x0000000085300000, 0x0000000085300000| Untracked 
|  62|0x0000000085400000, 0x0000000085400000, 0x0000000085500000|  0%| F|  |TAMS 0x0000000085400000, 0x0000000085400000| Untracked 
|  63|0x0000000085500000, 0x0000000085500000, 0x0000000085600000|  0%| F|  |TAMS 0x0000000085500000, 0x0000000085500000| Untracked 
|  64|0x0000000085600000, 0x0000000085600000, 0x0000000085700000|  0%| F|  |TAMS 0x0000000085600000, 0x0000000085600000| Untracked 
|  65|0x0000000085700000, 0x0000000085700000, 0x0000000085800000|  0%| F|  |TAMS 0x0000000085700000, 0x0000000085700000| Untracked 
|  66|0x0000000085800000, 0x0000000085800000, 0x0000000085900000|  0%| F|  |TAMS 0x0000000085800000, 0x0000000085800000| Untracked 
|  67|0x0000000085900000, 0x0000000085900000, 0x0000000085a00000|  0%| F|  |TAMS 0x0000000085900000, 0x0000000085900000| Untracked 
|  68|0x0000000085a00000, 0x0000000085a00000, 0x0000000085b00000|  0%| F|  |TAMS 0x0000000085a00000, 0x0000000085a00000| Untracked 
|  69|0x0000000085b00000, 0x0000000085b00000, 0x0000000085c00000|  0%| F|  |TAMS 0x0000000085b00000, 0x0000000085b00000| Untracked 
|  70|0x0000000085c00000, 0x0000000085c00000, 0x0000000085d00000|  0%| F|  |TAMS 0x0000000085c00000, 0x0000000085c00000| Untracked 
|  71|0x0000000085d00000, 0x0000000085d00000, 0x0000000085e00000|  0%| F|  |TAMS 0x0000000085d00000, 0x0000000085d00000| Untracked 
|  72|0x0000000085e00000, 0x0000000085e00000, 0x0000000085f00000|  0%| F|  |TAMS 0x0000000085e00000, 0x0000000085e00000| Untracked 
|  73|0x0000000085f00000, 0x0000000085f00000, 0x0000000086000000|  0%| F|  |TAMS 0x0000000085f00000, 0x0000000085f00000| Untracked 
|  74|0x0000000086000000, 0x0000000086000000, 0x0000000086100000|  0%| F|  |TAMS 0x0000000086000000, 0x0000000086000000| Untracked 
|  75|0x0000000086100000, 0x0000000086100000, 0x0000000086200000|  0%| F|  |TAMS 0x0000000086100000, 0x0000000086100000| Untracked 
|  76|0x0000000086200000, 0x0000000086200000, 0x0000000086300000|  0%| F|  |TAMS 0x0000000086200000, 0x0000000086200000| Untracked 
|  77|0x0000000086300000, 0x0000000086300000, 0x0000000086400000|  0%| F|  |TAMS 0x0000000086300000, 0x0000000086300000| Untracked 
|  78|0x0000000086400000, 0x0000000086400000, 0x0000000086500000|  0%| F|  |TAMS 0x0000000086400000, 0x0000000086400000| Untracked 
|  79|0x0000000086500000, 0x0000000086500000, 0x0000000086600000|  0%| F|  |TAMS 0x0000000086500000, 0x0000000086500000| Untracked 
|  80|0x0000000086600000, 0x0000000086600000, 0x0000000086700000|  0%| F|  |TAMS 0x0000000086600000, 0x0000000086600000| Untracked 
|  81|0x0000000086700000, 0x0000000086700000, 0x0000000086800000|  0%| F|  |TAMS 0x0000000086700000, 0x0000000086700000| Untracked 
|  82|0x0000000086800000, 0x0000000086800000, 0x0000000086900000|  0%| F|  |TAMS 0x0000000086800000, 0x0000000086800000| Untracked 
|  83|0x0000000086900000, 0x0000000086900000, 0x0000000086a00000|  0%| F|  |TAMS 0x0000000086900000, 0x0000000086900000| Untracked 
|  84|0x0000000086a00000, 0x0000000086a00000, 0x0000000086b00000|  0%| F|  |TAMS 0x0000000086a00000, 0x0000000086a00000| Untracked 
|  85|0x0000000086b00000, 0x0000000086b00000, 0x0000000086c00000|  0%| F|  |TAMS 0x0000000086b00000, 0x0000000086b00000| Untracked 
|  86|0x0000000086c00000, 0x0000000086c00000, 0x0000000086d00000|  0%| F|  |TAMS 0x0000000086c00000, 0x0000000086c00000| Untracked 
|  87|0x0000000086d00000, 0x0000000086d00000, 0x0000000086e00000|  0%| F|  |TAMS 0x0000000086d00000, 0x0000000086d00000| Untracked 
|  88|0x0000000086e00000, 0x0000000086e00000, 0x0000000086f00000|  0%| F|  |TAMS 0x0000000086e00000, 0x0000000086e00000| Untracked 
|  89|0x0000000086f00000, 0x0000000086f00000, 0x0000000087000000|  0%| F|  |TAMS 0x0000000086f00000, 0x0000000086f00000| Untracked 
|  90|0x0000000087000000, 0x0000000087000000, 0x0000000087100000|  0%| F|  |TAMS 0x0000000087000000, 0x0000000087000000| Untracked 
|  91|0x0000000087100000, 0x0000000087100000, 0x0000000087200000|  0%| F|  |TAMS 0x0000000087100000, 0x0000000087100000| Untracked 
|  92|0x0000000087200000, 0x0000000087200000, 0x0000000087300000|  0%| F|  |TAMS 0x0000000087200000, 0x0000000087200000| Untracked 
|  93|0x0000000087300000, 0x0000000087300000, 0x0000000087400000|  0%| F|  |TAMS 0x0000000087300000, 0x0000000087300000| Untracked 
|  94|0x0000000087400000, 0x0000000087400000, 0x0000000087500000|  0%| F|  |TAMS 0x0000000087400000, 0x0000000087400000| Untracked 
|  95|0x0000000087500000, 0x0000000087500000, 0x0000000087600000|  0%| F|  |TAMS 0x0000000087500000, 0x0000000087500000| Untracked 
|  96|0x0000000087600000, 0x0000000087600000, 0x0000000087700000|  0%| F|  |TAMS 0x0000000087600000, 0x0000000087600000| Untracked 
|  97|0x0000000087700000, 0x0000000087700000, 0x0000000087800000|  0%| F|  |TAMS 0x0000000087700000, 0x0000000087700000| Untracked 
|  98|0x0000000087800000, 0x0000000087800000, 0x0000000087900000|  0%| F|  |TAMS 0x0000000087800000, 0x0000000087800000| Untracked 
|  99|0x0000000087900000, 0x0000000087900000, 0x0000000087a00000|  0%| F|  |TAMS 0x0000000087900000, 0x0000000087900000| Untracked 
| 100|0x0000000087a00000, 0x0000000087a00000, 0x0000000087b00000|  0%| F|  |TAMS 0x0000000087a00000, 0x0000000087a00000| Untracked 
| 101|0x0000000087b00000, 0x0000000087b00000, 0x0000000087c00000|  0%| F|  |TAMS 0x0000000087b00000, 0x0000000087b00000| Untracked 
| 102|0x0000000087c00000, 0x0000000087c00000, 0x0000000087d00000|  0%| F|  |TAMS 0x0000000087c00000, 0x0000000087c00000| Untracked 
| 103|0x0000000087d00000, 0x0000000087d00000, 0x0000000087e00000|  0%| F|  |TAMS 0x0000000087d00000, 0x0000000087d00000| Untracked 
| 104|0x0000000087e00000, 0x0000000087e00000, 0x0000000087f00000|  0%| F|  |TAMS 0x0000000087e00000, 0x0000000087e00000| Untracked 
| 105|0x0000000087f00000, 0x0000000087f00000, 0x0000000088000000|  0%| F|  |TAMS 0x0000000087f00000, 0x0000000087f00000| Untracked 
| 106|0x0000000088000000, 0x0000000088000000, 0x0000000088100000|  0%| F|  |TAMS 0x0000000088000000, 0x0000000088000000| Untracked 
| 107|0x0000000088100000, 0x0000000088100000, 0x0000000088200000|  0%| F|  |TAMS 0x0000000088100000, 0x0000000088100000| Untracked 
| 108|0x0000000088200000, 0x0000000088200000, 0x0000000088300000|  0%| F|  |TAMS 0x0000000088200000, 0x0000000088200000| Untracked 
| 109|0x0000000088300000, 0x0000000088300000, 0x0000000088400000|  0%| F|  |TAMS 0x0000000088300000, 0x0000000088300000| Untracked 
| 110|0x0000000088400000, 0x0000000088400000, 0x0000000088500000|  0%| F|  |TAMS 0x0000000088400000, 0x0000000088400000| Untracked 
| 111|0x0000000088500000, 0x0000000088500000, 0x0000000088600000|  0%| F|  |TAMS 0x0000000088500000, 0x0000000088500000| Untracked 
| 112|0x0000000088600000, 0x0000000088600000, 0x0000000088700000|  0%| F|  |TAMS 0x0000000088600000, 0x0000000088600000| Untracked 
| 113|0x0000000088700000, 0x0000000088700000, 0x0000000088800000|  0%| F|  |TAMS 0x0000000088700000, 0x0000000088700000| Untracked 
| 114|0x0000000088800000, 0x0000000088800000, 0x0000000088900000|  0%| F|  |TAMS 0x0000000088800000, 0x0000000088800000| Untracked 
| 115|0x0000000088900000, 0x0000000088900000, 0x0000000088a00000|  0%| F|  |TAMS 0x0000000088900000, 0x0000000088900000| Untracked 
| 116|0x0000000088a00000, 0x0000000088a00000, 0x0000000088b00000|  0%| F|  |TAMS 0x0000000088a00000, 0x0000000088a00000| Untracked 
| 117|0x0000000088b00000, 0x0000000088b00000, 0x0000000088c00000|  0%| F|  |TAMS 0x0000000088b00000, 0x0000000088b00000| Untracked 
| 118|0x0000000088c00000, 0x0000000088c7fe38, 0x0000000088d00000| 49%| S|CS|TAMS 0x0000000088c00000, 0x0000000088c00000| Complete 
| 119|0x0000000088d00000, 0x0000000088e00000, 0x0000000088e00000|100%| S|CS|TAMS 0x0000000088d00000, 0x0000000088d00000| Complete 
| 120|0x0000000088e00000, 0x0000000088e00000, 0x0000000088f00000|  0%| F|  |TAMS 0x0000000088e00000, 0x0000000088e00000| Untracked 
| 121|0x0000000088f00000, 0x0000000088f00000, 0x0000000089000000|  0%| F|  |TAMS 0x0000000088f00000, 0x0000000088f00000| Untracked 
| 122|0x0000000089000000, 0x00000000890a08a0, 0x0000000089100000| 62%| E|  |TAMS 0x0000000089000000, 0x0000000089000000| Complete 
| 123|0x0000000089100000, 0x0000000089200000, 0x0000000089200000|100%| E|CS|TAMS 0x0000000089100000, 0x0000000089100000| Complete 
| 124|0x0000000089200000, 0x0000000089300000, 0x0000000089300000|100%| E|CS|TAMS 0x0000000089200000, 0x0000000089200000| Complete 
| 125|0x0000000089300000, 0x0000000089400000, 0x0000000089400000|100%| E|CS|TAMS 0x0000000089300000, 0x0000000089300000| Complete 
| 126|0x0000000089400000, 0x0000000089500000, 0x0000000089500000|100%| E|CS|TAMS 0x0000000089400000, 0x0000000089400000| Complete 
| 127|0x0000000089500000, 0x0000000089600000, 0x0000000089600000|100%| E|CS|TAMS 0x0000000089500000, 0x0000000089500000| Complete 

Card table byte_map: [0x0000015fdec90000,0x0000015fdf090000] _byte_map_base: 0x0000015fde885000

Marking Bits (Prev, Next): (CMBitMap*) 0x0000015fd405a410, (CMBitMap*) 0x0000015fd405a450
 Prev Bits: [0x0000015fdf490000, 0x0000015fe1438000)
 Next Bits: [0x0000015fe1440000, 0x0000015fe33e8000)

Polling page: 0x0000015fd1f40000

Metaspace:

Usage:
  Non-class:      6.17 MB used.
      Class:    833.09 KB used.
       Both:      6.98 MB used.

Virtual space:
  Non-class space:       64.00 MB reserved,       6.25 MB ( 10%) committed,  1 nodes.
      Class space:        1.00 GB reserved,     896.00 KB ( <1%) committed,  1 nodes.
             Both:        1.06 GB reserved,       7.12 MB ( <1%) committed. 

Chunk freelists:
   Non-Class:  8.86 MB
       Class:  15.16 MB
        Both:  24.02 MB

MaxMetaspaceSize: unlimited
CompressedClassSpaceSize: 1.00 GB
Initial GC threshold: 21.00 MB
Current GC threshold: 21.00 MB
CDS: on
MetaspaceReclaimPolicy: balanced
 - commit_granule_bytes: 65536.
 - commit_granule_words: 8192.
 - virtual_space_node_default_size: 8388608.
 - enlarge_chunks_in_place: 1.
 - new_chunks_are_fully_committed: 0.
 - uncommit_free_chunks: 1.
 - use_allocation_guard: 0.
 - handle_deallocations: 1.


Internal statistics:

num_allocs_failed_limit: 0.
num_arena_births: 108.
num_arena_deaths: 0.
num_vsnodes_births: 2.
num_vsnodes_deaths: 0.
num_space_committed: 114.
num_space_uncommitted: 0.
num_chunks_returned_to_freelist: 0.
num_chunks_taken_from_freelist: 179.
num_chunk_merges: 0.
num_chunk_splits: 114.
num_chunks_enlarged: 67.
num_inconsistent_stats: 0.

CodeCache: size=49152Kb used=2989Kb max_used=3094Kb free=46163Kb
 bounds [0x0000015fdb890000, 0x0000015fdbba0000, 0x0000015fde890000]
 total_blobs=1632 nmethods=1181 adapters=379
 compilation: enabled
              stopped_count=0, restarted_count=0
 full_count=0

Compilation events (20 events):
Event: 17.216 Thread 0x0000015fe5688330 nmethod 1173 0x0000015fdbb0c090 code [0x0000015fdbb0c240, 0x0000015fdbb0c3a8]
Event: 17.222 Thread 0x0000015fe5688330 1174       1       java.net.URL::toString (5 bytes)
Event: 17.222 Thread 0x0000015fe5688330 nmethod 1174 0x0000015fdbb0bd10 code [0x0000015fdbb0bea0, 0x0000015fdbb0bf88]
Event: 17.226 Thread 0x0000015fe5688330 1175       1       java.util.concurrent.CopyOnWriteArrayList::setArray (6 bytes)
Event: 17.226 Thread 0x0000015fe5688330 nmethod 1175 0x0000015fdbb0ba10 code [0x0000015fdbb0bba0, 0x0000015fdbb0bcb8]
Event: 17.227 Thread 0x0000015fe5688330 1176       1       org.eclipse.jdt.launching.internal.org.objectweb.asm.AnnotationWriter::putAnnotations (67 bytes)
Event: 17.228 Thread 0x0000015fe5688330 nmethod 1176 0x0000015fdbb0b290 code [0x0000015fdbb0b4a0, 0x0000015fdbb0b738]
Event: 17.230 Thread 0x0000015fe5688330 1177       1       org.eclipse.jdt.launching.internal.org.objectweb.asm.ClassReader::getFirstAttributeOffset (136 bytes)
Event: 17.231 Thread 0x0000015fe5688330 nmethod 1177 0x0000015fdbb0a910 code [0x0000015fdbb0aae0, 0x0000015fdbb0aef8]
Event: 17.231 Thread 0x0000015fe5688330 1178   !   1       jdk.internal.loader.URLClassPath$JarLoader::getResource (65 bytes)
Event: 17.231 Thread 0x0000015fe5688330 nmethod 1178 0x0000015fdbb0a010 code [0x0000015fdbb0a200, 0x0000015fdbb0a668]
Event: 17.231 Thread 0x0000015fe5688330 1179   !   1       java.util.jar.JarFile::isMultiRelease (33 bytes)
Event: 17.232 Thread 0x0000015fe5688330 nmethod 1179 0x0000015fdbb09c90 code [0x0000015fdbb09e20, 0x0000015fdbb09f88]
Event: 17.232 Thread 0x0000015fe5688330 1181       1       java.util.jar.JarFile::getEntry (35 bytes)
Event: 17.232 Thread 0x0000015fe5688330 nmethod 1181 0x0000015fdbb09790 code [0x0000015fdbb09960, 0x0000015fdbb09b98]
Event: 17.232 Thread 0x0000015fe5688330 1180   !   1       java.util.jar.JarFile::checkForSpecialAttributes (163 bytes)
Event: 17.233 Thread 0x0000015fe5688330 nmethod 1180 0x0000015fdbb08610 code [0x0000015fdbb08880, 0x0000015fdbb091d8]
Event: 17.233 Thread 0x0000015fe5688330 1182       1       java.util.jar.JarFile::getJarEntry (9 bytes)
Event: 17.233 Thread 0x0000015fe5688330 nmethod 1182 0x0000015fdbb08290 code [0x0000015fdbb08420, 0x0000015fdbb08568]
Event: 17.240 Thread 0x0000015fe5688330 1183       1       java.net.URLStreamHandler::parseURL (1201 bytes)

GC Heap History (4 events):
Event: 13.480 GC heap before
{Heap before GC invocations=0 (full 0):
 garbage-first heap   total 131072K, used 15360K [0x0000000081600000, 0x0000000100000000)
  region size 1024K, 13 young (13312K), 0 survivors (0K)
 Metaspace       used 3131K, committed 3264K, reserved 1114112K
  class space    used 325K, committed 384K, reserved 1048576K
}
Event: 13.526 GC heap after
{Heap after GC invocations=1 (full 0):
 garbage-first heap   total 131072K, used 9117K [0x0000000081600000, 0x0000000100000000)
  region size 1024K, 2 young (2048K), 2 survivors (2048K)
 Metaspace       used 3131K, committed 3264K, reserved 1114112K
  class space    used 325K, committed 384K, reserved 1048576K
}
Event: 16.747 GC heap before
{Heap before GC invocations=1 (full 0):
 garbage-first heap   total 131072K, used 16285K [0x0000000081600000, 0x0000000100000000)
  region size 1024K, 10 young (10240K), 2 survivors (2048K)
 Metaspace       used 6158K, committed 6336K, reserved 1114112K
  class space    used 714K, committed 832K, reserved 1048576K
}
Event: 16.752 GC heap after
{Heap after GC invocations=2 (full 0):
 garbage-first heap   total 131072K, used 10972K [0x0000000081600000, 0x0000000100000000)
  region size 1024K, 2 young (2048K), 2 survivors (2048K)
 Metaspace       used 6158K, committed 6336K, reserved 1114112K
  class space    used 714K, committed 832K, reserved 1048576K
}

Deoptimization events (0 events):
No events

Classes unloaded (0 events):
No events

Classes redefined (0 events):
No events

Internal exceptions (11 events):
Event: 12.879 Thread 0x0000015fd4001870 Exception <a 'java/lang/NoSuchMethodError'{0x0000000088943998}: 'java.lang.Object java.lang.invoke.DirectMethodHandle$Holder.invokeStaticInit(java.lang.Object)'> (0x0000000088943998) 
thrown [s\open\src\hotspot\share\interpreter\linkResolver.cpp, line 759]
Event: 13.451 Thread 0x0000015fd4001870 Exception <a 'java/lang/NoSuchMethodError'{0x00000000889cd518}: 'int java.lang.invoke.DirectMethodHandle$Holder.invokeInterface(java.lang.Object, java.lang.Object)'> (0x00000000889cd518) 
thrown [s\open\src\hotspot\share\interpreter\linkResolver.cpp, line 759]
Event: 13.452 Thread 0x0000015fd4001870 Exception <a 'java/lang/IncompatibleClassChangeError'{0x00000000889d0b18}: Found class java.lang.Object, but interface was expected> (0x00000000889d0b18) 
thrown [s\open\src\hotspot\share\interpreter\linkResolver.cpp, line 826]
Event: 13.456 Thread 0x0000015fd4001870 Exception <a 'java/lang/NoSuchMethodError'{0x00000000889d6e10}: 'void java.lang.invoke.DirectMethodHandle$Holder.invokeStatic(java.lang.Object, java.lang.Object)'> (0x00000000889d6e10) 
thrown [s\open\src\hotspot\share\interpreter\linkResolver.cpp, line 759]
Event: 13.794 Thread 0x0000015fd4001870 Exception <a 'java/lang/NoSuchMethodError'{0x00000000894548d0}: 'int java.lang.invoke.DirectMethodHandle$Holder.invokeSpecial(java.lang.Object, java.lang.Object, java.lang.Object)'> (0x00000000894548d0) 
thrown [s\open\src\hotspot\share\interpreter\linkResolver.cpp, line 759]
Event: 14.015 Thread 0x0000015fd4001870 Exception <a 'java/lang/NoSuchMethodError'{0x00000000893dcc30}: 'void java.lang.invoke.DirectMethodHandle$Holder.invokeStatic(java.lang.Object, java.lang.Object, java.lang.Object)'> (0x00000000893dcc30) 
thrown [s\open\src\hotspot\share\interpreter\linkResolver.cpp, line 759]
Event: 14.122 Thread 0x0000015fd4001870 Exception <a 'java/lang/NoSuchMethodError'{0x0000000089276490}: 'int java.lang.invoke.DirectMethodHandle$Holder.invokeSpecialIFC(java.lang.Object, java.lang.Object, java.lang.Object)'> (0x0000000089276490) 
thrown [s\open\src\hotspot\share\interpreter\linkResolver.cpp, line 759]
Event: 14.246 Thread 0x0000015fd4001870 Exception <a 'java/lang/NoSuchMethodError'{0x00000000892eb9c0}: 'java.lang.Object java.lang.invoke.DirectMethodHandle$Holder.invokeStaticInit(java.lang.Object, int, int, int, int)'> (0x00000000892eb9c0) 
thrown [s\open\src\hotspot\share\interpreter\linkResolver.cpp, line 759]
Event: 15.948 Thread 0x0000015fd4001870 Exception <a 'java/lang/NoSuchMethodError'{0x00000000891379c0}: 'java.lang.Object java.lang.invoke.DirectMethodHandle$Holder.invokeStaticInit(java.lang.Object, java.lang.Object, int, int, int, int)'> (0x00000000891379c0) 
thrown [s\open\src\hotspot\share\interpreter\linkResolver.cpp, line 759]
Event: 16.016 Thread 0x0000015fd4001870 Exception <a 'java/lang/ClassNotFoundException'{0x000000008916fe90}: javax/management/remote/rmi/RMIServerImpl_Skel> (0x000000008916fe90) 
thrown [s\open\src\hotspot\share\classfile\systemDictionary.cpp, line 256]
Event: 16.604 Thread 0x0000015fd4001870 Exception <a 'java/lang/ClassNotFoundException'{0x0000000088ffd120}: jdk/internal/agent/resources/spi/agentProvider> (0x0000000088ffd120) 
thrown [s\open\src\hotspot\share\classfile\systemDictionary.cpp, line 256]

VM Operations (20 events):
Event: 13.185 Executing VM operation: Cleanup
Event: 13.186 Executing VM operation: Cleanup done
Event: 13.477 Executing VM operation: HandshakeAllThreads
Event: 13.477 Executing VM operation: HandshakeAllThreads done
Event: 13.479 Executing VM operation: G1CollectForAllocation
Event: 13.526 Executing VM operation: G1CollectForAllocation done
Event: 14.089 Executing VM operation: HandshakeAllThreads
Event: 14.089 Executing VM operation: HandshakeAllThreads done
Event: 14.173 Executing VM operation: HandshakeAllThreads
Event: 14.173 Executing VM operation: HandshakeAllThreads done
Event: 15.179 Executing VM operation: Cleanup
Event: 15.179 Executing VM operation: Cleanup done
Event: 16.015 Executing VM operation: HandshakeAllThreads
Event: 16.015 Executing VM operation: HandshakeAllThreads done
Event: 16.700 Executing VM operation: G1CollectForAllocation
Event: 16.753 Executing VM operation: G1CollectForAllocation done
Event: 17.040 Executing VM operation: HandshakeAllThreads
Event: 17.040 Executing VM operation: HandshakeAllThreads done
Event: 17.096 Executing VM operation: HandshakeAllThreads
Event: 17.206 Executing VM operation: HandshakeAllThreads done

Events (20 events):
Event: 17.085 loading class sun/net/www/protocol/jar/JarFileFactory
Event: 17.086 loading class sun/net/www/protocol/jar/URLJarFile$URLJarFileCloseController
Event: 17.090 loading class sun/net/www/protocol/jar/URLJarFile$URLJarFileCloseController done
Event: 17.090 loading class sun/net/www/protocol/jar/JarFileFactory done
Event: 17.090 loading class sun/net/www/protocol/file/FileURLConnection
Event: 17.093 loading class sun/net/www/protocol/file/FileURLConnection done
Event: 17.094 loading class sun/net/www/protocol/jar/URLJarFile
Event: 17.095 loading class sun/net/www/protocol/jar/URLJarFile done
Event: 17.107 Thread 0x0000015fea660af0 Thread added: 0x0000015fea660af0
Event: 17.207 loading class sun/net/www/protocol/jar/URLJarFile$URLJarFileEntry
Event: 17.207 loading class sun/net/www/protocol/jar/URLJarFile$URLJarFileEntry done
Event: 17.208 loading class sun/net/www/protocol/jar/JarURLConnection$JarURLInputStream
Event: 17.208 loading class sun/net/www/protocol/jar/JarURLConnection$JarURLInputStream done
Event: 17.219 loading class java/util/concurrent/TimeUnit$1
Event: 17.220 loading class java/util/concurrent/TimeUnit$1 done
Event: 17.220 loading class java/util/concurrent/locks/AbstractQueuedSynchronizer$ConditionNode
Event: 17.220 loading class java/util/concurrent/locks/AbstractQueuedSynchronizer$Node
Event: 17.220 loading class java/util/concurrent/locks/AbstractQueuedSynchronizer$Node done
Event: 17.220 loading class java/util/concurrent/locks/AbstractQueuedSynchronizer$ConditionNode done
Event: 17.245 loading class java/io/ObjectInputStream$FilterValues


Dynamic libraries:
0x00007ff760570000 - 0x00007ff760580000 	C:\Program Files\Java\jdk-17\bin\javaw.exe
0x00007ff9aefb0000 - 0x00007ff9af1a8000 	C:\Windows\SYSTEM32\ntdll.dll
0x00007ff9ae1d0000 - 0x00007ff9ae28d000 	C:\Windows\System32\KERNEL32.DLL
0x00007ff9acbc0000 - 0x00007ff9aceb6000 	C:\Windows\System32\KERNELBASE.dll
0x00007ff9ac660000 - 0x00007ff9ac760000 	C:\Windows\System32\ucrtbase.dll
0x00007ff9a7fe0000 - 0x00007ff9a7ff9000 	C:\Program Files\Java\jdk-17\bin\jli.dll
0x00007ff9ad840000 - 0x00007ff9ad8f0000 	C:\Windows\System32\ADVAPI32.dll
0x00007ff9ad170000 - 0x00007ff9ad20e000 	C:\Windows\System32\msvcrt.dll
0x00007ff9ad420000 - 0x00007ff9ad4c0000 	C:\Windows\System32\sechost.dll
0x00007ff9ae0a0000 - 0x00007ff9ae1c3000 	C:\Windows\System32\RPCRT4.dll
0x00007ff9ac7b0000 - 0x00007ff9ac7d7000 	C:\Windows\System32\bcrypt.dll
0x00007ff9ad220000 - 0x00007ff9ad3bf000 	C:\Windows\System32\USER32.dll
0x00007ff9ac7e0000 - 0x00007ff9ac802000 	C:\Windows\System32\win32u.dll
0x00007ff9ae070000 - 0x00007ff9ae09b000 	C:\Windows\System32\GDI32.dll
0x00007ff9acec0000 - 0x00007ff9acfd7000 	C:\Windows\System32\gdi32full.dll
0x00007ff9ac810000 - 0x00007ff9ac8ad000 	C:\Windows\System32\msvcp_win.dll
0x00007ff99a7d0000 - 0x00007ff99a7eb000 	C:\Program Files\Java\jdk-17\bin\VCRUNTIME140.dll
0x00007ff998e00000 - 0x00007ff99909a000 	C:\Windows\WinSxS\amd64_microsoft.windows.common-controls_6595b64144ccf1df_6.0.19041.3636_none_60b6a03d71f818d5\COMCTL32.dll
0x00007ff9a0520000 - 0x00007ff9a052a000 	C:\Windows\SYSTEM32\VERSION.dll
0x00007ff9ad9a0000 - 0x00007ff9ad9d2000 	C:\Windows\System32\IMM32.DLL
0x00007ff9a8040000 - 0x00007ff9a804c000 	C:\Program Files\Java\jdk-17\bin\vcruntime140_1.dll
0x00007ff995e10000 - 0x00007ff995e9e000 	C:\Program Files\Java\jdk-17\bin\msvcp140.dll
0x00007ff944260000 - 0x00007ff944e41000 	C:\Program Files\Java\jdk-17\bin\server\jvm.dll
0x00007ff9aed30000 - 0x00007ff9aed38000 	C:\Windows\System32\PSAPI.DLL
0x00007ff9a7fd0000 - 0x00007ff9a7fd9000 	C:\Windows\SYSTEM32\WSOCK32.dll
0x00007ff9ae000000 - 0x00007ff9ae06b000 	C:\Windows\System32\WS2_32.dll
0x00007ff9a5890000 - 0x00007ff9a58b7000 	C:\Windows\SYSTEM32\WINMM.dll
0x00007ff9aa4b0000 - 0x00007ff9aa4c2000 	C:\Windows\SYSTEM32\kernel.appcore.dll
0x00007ff9a5420000 - 0x00007ff9a542a000 	C:\Program Files\Java\jdk-17\bin\jimage.dll
0x00007ff99bde0000 - 0x00007ff99bfc4000 	C:\Windows\SYSTEM32\DBGHELP.DLL
0x00007ff996920000 - 0x00007ff996954000 	C:\Windows\SYSTEM32\dbgcore.DLL
0x00007ff9ac920000 - 0x00007ff9ac9a2000 	C:\Windows\System32\bcryptPrimitives.dll
0x00007ff997920000 - 0x00007ff99795b000 	C:\Program Files\Java\jdk-17\bin\jdwp.dll
0x00007ff99f1e0000 - 0x00007ff99f1ee000 	C:\Program Files\Java\jdk-17\bin\instrument.dll
0x00007ff9987c0000 - 0x00007ff9987e5000 	C:\Program Files\Java\jdk-17\bin\java.dll
0x00007ff995bc0000 - 0x00007ff995c97000 	C:\Program Files\Java\jdk-17\bin\jsvml.dll
0x00007ff9ae2f0000 - 0x00007ff9aea5b000 	C:\Windows\System32\SHELL32.dll
0x00007ff9aa6b0000 - 0x00007ff9aae4e000 	C:\Windows\SYSTEM32\windows.storage.dll
0x00007ff9ad4e0000 - 0x00007ff9ad833000 	C:\Windows\System32\combase.dll
0x00007ff9abee0000 - 0x00007ff9abf0e000 	C:\Windows\SYSTEM32\Wldp.dll
0x00007ff9adac0000 - 0x00007ff9adb8d000 	C:\Windows\System32\OLEAUT32.dll
0x00007ff9aed40000 - 0x00007ff9aeded000 	C:\Windows\System32\SHCORE.dll
0x00007ff9ad110000 - 0x00007ff9ad165000 	C:\Windows\System32\shlwapi.dll
0x00007ff9ac590000 - 0x00007ff9ac5b3000 	C:\Windows\SYSTEM32\profapi.dll
0x00007ff9a56f0000 - 0x00007ff9a56fc000 	C:\Program Files\Java\jdk-17\bin\dt_socket.dll
0x00007ff9ab9c0000 - 0x00007ff9ab9fb000 	C:\Windows\SYSTEM32\IPHLPAPI.DLL
0x00007ff9abcc0000 - 0x00007ff9abd2a000 	C:\Windows\system32\mswsock.dll
0x00007ff9aba00000 - 0x00007ff9abacb000 	C:\Windows\SYSTEM32\DNSAPI.dll
0x00007ff9aea60000 - 0x00007ff9aea68000 	C:\Windows\System32\NSI.dll
0x00007ff9a3f40000 - 0x00007ff9a3f4a000 	C:\Windows\System32\rasadhlp.dll
0x00007ff9a3cd0000 - 0x00007ff9a3d50000 	C:\Windows\System32\fwpuclnt.dll
0x00007ff9975c0000 - 0x00007ff9975d8000 	C:\Program Files\Java\jdk-17\bin\zip.dll
0x00007ff997320000 - 0x00007ff997339000 	C:\Program Files\Java\jdk-17\bin\net.dll
0x00007ff9a5da0000 - 0x00007ff9a5eaa000 	C:\Windows\SYSTEM32\WINHTTP.dll
0x00007ff996300000 - 0x00007ff996316000 	C:\Program Files\Java\jdk-17\bin\nio.dll
0x00007ff99a6c0000 - 0x00007ff99a6ca000 	C:\Program Files\Java\jdk-17\bin\management.dll
0x00007ff998790000 - 0x00007ff99879b000 	C:\Program Files\Java\jdk-17\bin\management_ext.dll
0x00007ff95d830000 - 0x00007ff95d847000 	C:\Windows\system32\napinsp.dll
0x00007ff95d850000 - 0x00007ff95d86b000 	C:\Windows\system32\pnrpnsp.dll
0x00007ff990890000 - 0x00007ff9908a5000 	C:\Windows\system32\wshbth.dll
0x00007ff9a7fb0000 - 0x00007ff9a7fcd000 	C:\Windows\system32\NLAapi.dll
0x00007ff95d870000 - 0x00007ff95d882000 	C:\Windows\System32\winrnr.dll
0x00007ff9ac2a0000 - 0x00007ff9ac2b8000 	C:\Windows\SYSTEM32\CRYPTSP.dll
0x00007ff9ab600000 - 0x00007ff9ab634000 	C:\Windows\system32\rsaenh.dll
0x00007ff9ac550000 - 0x00007ff9ac57e000 	C:\Windows\SYSTEM32\USERENV.dll
0x00007ff9abe50000 - 0x00007ff9abe5c000 	C:\Windows\SYSTEM32\CRYPTBASE.dll
0x00007ff9a66f0000 - 0x00007ff9a6707000 	C:\Windows\SYSTEM32\dhcpcsvc6.DLL
0x00007ff9a67c0000 - 0x00007ff9a67dd000 	C:\Windows\SYSTEM32\dhcpcsvc.DLL
0x00007ff99a7c0000 - 0x00007ff99a7d0000 	C:\Program Files\Java\jdk-17\bin\verify.dll

dbghelp: loaded successfully - version: 4.0.5 - missing functions: none
symbol engine: initialized successfully - sym options: 0x614 - pdb path: .;C:\Program Files\Java\jdk-17\bin;C:\Windows\SYSTEM32;C:\Windows\WinSxS\amd64_microsoft.windows.common-controls_6595b64144ccf1df_6.0.19041.3636_none_60b6a03d71f818d5;C:\Program Files\Java\jdk-17\bin\server

VM Arguments:
jvm_args: -XX:+ShowCodeDetailsInExceptionMessages -agentlib:jdwp=transport=dt_socket,suspend=y,address=localhost:60054 -Dcom.sun.management.jmxremote -Dcom.sun.management.jmxremote.port=59737 -Dcom.sun.management.jmxremote.authenticate=false -Dcom.sun.management.jmxremote.ssl=false -Djava.rmi.server.hostname=localhost -Dspring.jmx.enabled=true -Dmanagement.endpoints.jmx.exposure.include=* -Dspring.application.admin.enabled=true -XX:TieredStopAtLevel=1 -Dspring.boot.project.name=thanhvien-service -javaagent:C:\Users\anh12\eclipse\jee-2023-12\eclipse\configuration\org.eclipse.osgi\434\0\.cp\lib\javaagent-shaded.jar -Dfile.encoding=UTF-8 -Dstdout.encoding=UTF-8 -Dstderr.encoding=UTF-8 
java_command: com.jpn2018.thanhvienservice.ThanhvienServiceApplication --spring.output.ansi.enabled=always
java_class_path (initial): D:\ptpmthdv\ms\thanhvien-service\target\classes;C:\Users\anh12\.m2\repository\org\springframework\boot\spring-boot-starter-actuator\3.2.4\spring-boot-starter-actuator-3.2.4.jar;C:\Users\anh12\.m2\repository\org\springframework\boot\spring-boot-starter\3.2.4\spring-boot-starter-3.2.4.jar;C:\Users\anh12\.m2\repository\org\springframework\boot\spring-boot-starter-logging\3.2.4\spring-boot-starter-logging-3.2.4.jar;C:\Users\anh12\.m2\repository\ch\qos\logback\logback-classic\1.4.14\logback-classic-1.4.14.jar;C:\Users\anh12\.m2\repository\ch\qos\logback\logback-core\1.4.14\logback-core-1.4.14.jar;C:\Users\anh12\.m2\repository\org\apache\logging\log4j\log4j-to-slf4j\2.21.1\log4j-to-slf4j-2.21.1.jar;C:\Users\anh12\.m2\repository\org\apache\logging\log4j\log4j-api\2.21.1\log4j-api-2.21.1.jar;C:\Users\anh12\.m2\repository\org\slf4j\jul-to-slf4j\2.0.12\jul-to-slf4j-2.0.12.jar;C:\Users\anh12\.m2\repository\jakarta\annotation\jakarta.annotation-api\2.1.1\jakarta.annotation-api-2.1.1.jar;C:\Users\anh12\.m2\repository\org\yaml\snakeyaml\2.2\snakeyaml-2.2.jar;C:\Users\anh12\.m2\repository\org\springframework\boot\spring-boot-actuator-autoconfigure\3.2.4\spring-boot-actuator-autoconfigure-3.2.4.jar;C:\Users\anh12\.m2\repository\org\springframework\boot\spring-boot-actuator\3.2.4\spring-boot-actuator-3.2.4.jar;C:\Users\anh12\.m2\repository\com\fasterxml\jackson\datatype\jackson-datatype-jsr310\2.15.4\jackson-datatype-jsr310-2.15.4.jar;C:\Users\anh12\.m2\repository\io\micrometer\micrometer-observation\1.12.4\micrometer-observation-1.12.4.jar;C:\Users\anh12\.m2\repository\io\micrometer\micrometer-commons\1.12.4\micrometer-commons-1.12.4.jar;C:\Users\anh12\.m2\repository\io\micrometer\micrometer-jakarta9\1.12.4\micrometer-jakarta9-1.12.4.jar;C:\Users\anh12\.m2\repository\io\micrometer\micrometer-core\1.12.4\micrometer-core-1.12.4.jar;C:\Users\anh12\.m2\repository\org\hdrhistogram\HdrHistogram\2.1.12\HdrHistogram-2.1.12.jar;C:\Users\anh12\.m2\repository\org\
Launcher Type: SUN_STANDARD

[Global flags]
     intx CICompilerCount                          = 3                                         {product} {ergonomic}
     uint ConcGCThreads                            = 1                                         {product} {ergonomic}
     uint G1ConcRefinementThreads                  = 4                                         {product} {ergonomic}
   size_t G1HeapRegionSize                         = 1048576                                   {product} {ergonomic}
    uintx GCDrainStackTargetSize                   = 64                                        {product} {ergonomic}
   size_t InitialHeapSize                          = 134217728                                 {product} {ergonomic}
     bool ManagementServer                         = true                                      {product} {command line}
   size_t MarkStackSize                            = 4194304                                   {product} {ergonomic}
   size_t MaxHeapSize                              = 2124414976                                {product} {ergonomic}
   size_t MaxNewSize                               = 1274019840                                {product} {ergonomic}
   size_t MinHeapDeltaBytes                        = 1048576                                   {product} {ergonomic}
   size_t MinHeapSize                              = 8388608                                   {product} {ergonomic}
    uintx NonProfiledCodeHeapSize                  = 0                                      {pd product} {ergonomic}
     bool ProfileInterpreter                       = false                                  {pd product} {command line}
    uintx ProfiledCodeHeapSize                     = 0                                      {pd product} {ergonomic}
     bool ShowCodeDetailsInExceptionMessages       = true                                   {manageable} {command line}
   size_t SoftMaxHeapSize                          = 2124414976                             {manageable} {ergonomic}
     intx TieredStopAtLevel                        = 1                                         {product} {command line}
     bool UseCompressedClassPointers               = true                           {product lp64_product} {ergonomic}
     bool UseCompressedOops                        = true                           {product lp64_product} {ergonomic}
     bool UseG1GC                                  = true                                      {product} {ergonomic}
     bool UseLargePagesIndividualAllocation        = false                                  {pd product} {ergonomic}

Logging:
Log output configuration:
 #0: stdout all=warning uptime,level,tags
 #1: stderr all=off uptime,level,tags

Environment Variables:
JAVA_HOME=C:\Program Files\Java\jdk-17
PATH=C:\Python312\Scripts\;C:\Python312\;C:\Program Files\Common Files\Oracle\Java\javapath;C:\Windows\system32;C:\Windows;C:\Windows\System32\Wbem;C:\Windows\System32\WindowsPowerShell\v1.0\;C:\Windows\System32\OpenSSH\;D:\tool\git\Git\cmd;C:\Program Files\nodejs\;C:\ProgramData\chocolatey\bin;D:\tool\maven\apache-maven-3.8.8\bin;D:\tool\maven\apache-maven-3.8.8\bin;D:\android-sdk\platform-tools;;C:\Program Files\Docker\Docker\resources\bin;C:\Users\anh12\AppData\Local\Microsoft\WindowsApps;D:\tool\vsc\Microsoft VS Code\bin;C:\Users\anh12\AppData\Roaming\npm;D:\tool\maven\apache-maven-3.8.8\bin;C:\Users\anh12\AppData\Local\Android\sdk\platform-tools;D:\android-sdk\platform-tools;
USERNAME=anh12
OS=Windows_NT
PROCESSOR_IDENTIFIER=Intel64 Family 6 Model 69 Stepping 1, GenuineIntel



---------------  S Y S T E M  ---------------

OS:
 Windows 10 , 64 bit Build 19041 (10.0.19041.3636)
OS uptime: 0 days 5:40 hours
Hyper-V role detected

CPU: total 4 (initial active 4) (2 cores per cpu, 2 threads per core) family 6 model 69 stepping 1 microcode 0x25, cx8, cmov, fxsr, ht, mmx, sse, sse2, sse3, ssse3, sse4.1, sse4.2, popcnt, lzcnt, tsc, tscinvbit, avx, avx2, aes, erms, clmul, bmi1, bmi2, fma, vzeroupper, clflush, hv

Memory: 4k page, system-wide physical 8097M (250M free)
TotalPageFile size 14031M (AvailPageFile size 0M)
current process WorkingSet (physical memory assigned to process): 74M, peak: 74M
current process commit charge ("private bytes"): 216M, peak: 216M

vm_info: Java HotSpot(TM) 64-Bit Server VM (17.0.9+11-LTS-201) for windows-amd64 JRE (17.0.9+11-LTS-201), built on Oct 10 2023 23:16:06 by "mach5one" with MS VC++ 17.1 (VS2022)

END.
