#
# There is insufficient memory for the Java Runtime Environment to continue.
# Native memory allocation (malloc) failed to allocate 298480 bytes for Chunk::new
# Possible reasons:
#   The system is out of physical RAM or swap space
#   The process is running with CompressedOops enabled, and the Java Heap may be blocking the growth of the native heap
# Possible solutions:
#   Reduce memory load on the system
#   Increase physical memory or swap space
#   Check if swap backing store is full
#   Decrease Java heap size (-Xmx/-Xms)
#   Decrease number of Java threads
#   Decrease Java thread stack sizes (-Xss)
#   Set larger code cache with -XX:ReservedCodeCacheSize=
#   JVM is running with Unscaled Compressed Oops mode in which the Java heap is
#     placed in the first 4GB address space. The Java Heap base address is the
#     maximum limit for the native heap growth. Please use -XX:HeapBaseMinAddress
#     to set the Java Heap base and to place the Java Heap above 4GB virtual address.
# This output file may be truncated or incomplete.
#
#  Out of Memory Error (arena.cpp:189), pid=14628, tid=11244
#
# JRE version: Java(TM) SE Runtime Environment (17.0.9+11) (build 17.0.9+11-LTS-201)
# Java VM: Java HotSpot(TM) 64-Bit Server VM (17.0.9+11-LTS-201, mixed mode, emulated-client, sharing, tiered, compressed oops, compressed class ptrs, g1 gc, windows-amd64)
# No core dump will be written. Minidumps are not enabled by default on client versions of Windows
#

---------------  S U M M A R Y ------------

Command Line: -XX:+ShowCodeDetailsInExceptionMessages -agentlib:jdwp=transport=dt_socket,suspend=y,address=localhost:59784 -Dcom.sun.management.jmxremote -Dcom.sun.management.jmxremote.port=58610 -Dcom.sun.management.jmxremote.authenticate=false -Dcom.sun.management.jmxremote.ssl=false -Djava.rmi.server.hostname=localhost -Dspring.jmx.enabled=true -Dmanagement.endpoints.jmx.exposure.include=* -Dspring.application.admin.enabled=true -XX:TieredStopAtLevel=1 -Dspring.boot.project.name=phongchieu-service -javaagent:C:\Users\anh12\eclipse\jee-2023-12\eclipse\configuration\org.eclipse.osgi\434\0\.cp\lib\javaagent-shaded.jar -Dfile.encoding=UTF-8 -Dstdout.encoding=UTF-8 -Dstderr.encoding=UTF-8 com.jpn2018.phongchieuservice.PhongchieuServiceApplication --spring.output.ansi.enabled=always

Host: Intel(R) Core(TM) i5-4300U CPU @ 1.90GHz, 4 cores, 7G,  Windows 10 , 64 bit Build 19041 (10.0.19041.3636)
Time: Mon May 13 20:23:02 2024 SE Asia Standard Time elapsed time: 68.281218 seconds (0d 0h 1m 8s)

---------------  T H R E A D  ---------------

Current thread (0x00000269f95d7570):  JavaThread "restartedMain" [_thread_in_vm, id=11244, stack(0x0000008ba2400000,0x0000008ba2500000)]

Stack: [0x0000008ba2400000,0x0000008ba2500000]
Native frames: (J=compiled Java code, j=interpreted, Vv=VM code, C=native code)
V  [jvm.dll+0x678a4a]
V  [jvm.dll+0x7d9cfd]
V  [jvm.dll+0x7db60e]
V  [jvm.dll+0x7dbc73]
V  [jvm.dll+0x245e1f]
V  [jvm.dll+0xaaafb]
V  [jvm.dll+0xab09c]
V  [jvm.dll+0x1f1df8]
V  [jvm.dll+0x1f0b86]
V  [jvm.dll+0x75394d]
V  [jvm.dll+0x754d46]
V  [jvm.dll+0x755078]
V  [jvm.dll+0x4139b3]
C  [java.dll+0x13e9]

Java frames: (J=compiled Java code, j=interpreted, Vv=VM code)
J 1260  java.lang.Class.forName0(Ljava/lang/String;ZLjava/lang/ClassLoader;Ljava/lang/Class;)Ljava/lang/Class; java.base@17.0.9 (0 bytes) @ 0x00000269ea60d02f [0x00000269ea60cfa0+0x000000000000008f]
J 1259 c1 java.lang.Class.forName(Ljava/lang/String;ZLjava/lang/ClassLoader;)Ljava/lang/Class; java.base@17.0.9 (47 bytes) @ 0x00000269ea60cbd4 [0x00000269ea60cac0+0x0000000000000114]
j  sun.nio.cs.StandardCharsets.lookup(Ljava/lang/String;)Ljava/nio/charset/Charset;+122 java.base@17.0.9
j  sun.nio.cs.StandardCharsets.charsetForName(Ljava/lang/String;)Ljava/nio/charset/Charset;+6 java.base@17.0.9
j  java.nio.charset.Charset.lookup2(Ljava/lang/String;)Ljava/nio/charset/Charset;+39 java.base@17.0.9
j  java.nio.charset.Charset.lookup(Ljava/lang/String;)Ljava/nio/charset/Charset;+40 java.base@17.0.9
j  java.nio.charset.Charset.forName(Ljava/lang/String;)Ljava/nio/charset/Charset;+1 java.base@17.0.9
j  com.mysql.cj.MysqlCharset.<init>(Ljava/lang/String;II[Ljava/lang/String;Lcom/mysql/cj/ServerVersion;)V+61
j  com.mysql.cj.CharsetMapping.<clinit>()V+247
v  ~StubRoutines::call_stub
j  com.mysql.cj.protocol.a.NativeProtocol.beforeHandshake()V+28
j  com.mysql.cj.protocol.a.NativeProtocol.connect(Ljava/lang/String;Ljava/lang/String;Ljava/lang/String;)V+1
j  com.mysql.cj.NativeSession.connect(Lcom/mysql/cj/conf/HostInfo;Ljava/lang/String;Ljava/lang/String;Ljava/lang/String;ILcom/mysql/cj/TransactionEventHandler;)V+110
j  com.mysql.cj.jdbc.ConnectionImpl.connectOneTryOnly(Z)V+32
j  com.mysql.cj.jdbc.ConnectionImpl.createNewIO(Z)V+27
j  com.mysql.cj.jdbc.ConnectionImpl.<init>(Lcom/mysql/cj/conf/HostInfo;)V+753
j  com.mysql.cj.jdbc.ConnectionImpl.getInstance(Lcom/mysql/cj/conf/HostInfo;)Lcom/mysql/cj/jdbc/JdbcConnection;+5
j  com.mysql.cj.jdbc.NonRegisteringDriver.connect(Ljava/lang/String;Ljava/util/Properties;)Ljava/sql/Connection;+72
j  com.zaxxer.hikari.util.DriverDataSource.getConnection(Ljava/lang/String;Ljava/lang/String;)Ljava/sql/Connection;+61
j  com.zaxxer.hikari.pool.PoolBase.newConnection()Ljava/sql/Connection;+49
j  com.zaxxer.hikari.pool.PoolBase.newPoolEntry()Lcom/zaxxer/hikari/pool/PoolEntry;+5
j  com.zaxxer.hikari.pool.HikariPool.createPoolEntry()Lcom/zaxxer/hikari/pool/PoolEntry;+1
j  com.zaxxer.hikari.pool.HikariPool.checkFailFast()V+20
j  com.zaxxer.hikari.pool.HikariPool.<init>(Lcom/zaxxer/hikari/HikariConfig;)V+138
j  com.zaxxer.hikari.HikariDataSource.getConnection()Ljava/sql/Connection;+82
j  org.hibernate.engine.jdbc.connections.internal.DatasourceConnectionProviderImpl.getConnection()Ljava/sql/Connection;+48
j  org.hibernate.engine.jdbc.env.internal.JdbcEnvironmentInitiator$ConnectionProviderJdbcConnectionAccess.obtainConnection()Ljava/sql/Connection;+4
j  org.hibernate.resource.transaction.backend.jdbc.internal.JdbcIsolationDelegate.delegateWork(Lorg/hibernate/jdbc/WorkExecutorVisitable;Z)Ljava/lang/Object;+6
j  org.hibernate.engine.jdbc.env.internal.JdbcEnvironmentInitiator.getJdbcEnvironmentUsingJdbcMetadata(Ljava/util/Map;Lorg/hibernate/service/spi/ServiceRegistryImplementor;Lorg/hibernate/engine/jdbc/dialect/spi/DialectFactory;Ljava/lang/String;Ljava/lang/Integer;Ljava/lang/Integer;Ljava/lang/String;)Lorg/hibernate/engine/jdbc/env/internal/JdbcEnvironmentImpl;+101
j  org.hibernate.engine.jdbc.env.internal.JdbcEnvironmentInitiator.initiateService(Ljava/util/Map;Lorg/hibernate/service/spi/ServiceRegistryImplementor;)Lorg/hibernate/engine/jdbc/env/spi/JdbcEnvironment;+123
j  org.hibernate.engine.jdbc.env.internal.JdbcEnvironmentInitiator.initiateService(Ljava/util/Map;Lorg/hibernate/service/spi/ServiceRegistryImplementor;)Lorg/hibernate/service/Service;+3
j  org.hibernate.boot.registry.internal.StandardServiceRegistryImpl.initiateService(Lorg/hibernate/service/spi/ServiceInitiator;)Lorg/hibernate/service/Service;+9
j  org.hibernate.service.internal.AbstractServiceRegistryImpl.createService(Lorg/hibernate/service/spi/ServiceBinding;)Lorg/hibernate/service/Service;+26
j  org.hibernate.service.internal.AbstractServiceRegistryImpl.initializeService(Lorg/hibernate/service/spi/ServiceBinding;)Lorg/hibernate/service/Service;+30
j  org.hibernate.service.internal.AbstractServiceRegistryImpl.getService(Ljava/lang/Class;)Lorg/hibernate/service/Service;+112
j  org.hibernate.boot.model.relational.Database.<init>(Lorg/hibernate/boot/spi/MetadataBuildingOptions;)V+10
j  org.hibernate.boot.internal.InFlightMetadataCollectorImpl.getDatabase()Lorg/hibernate/boot/model/relational/Database;+16
j  org.hibernate.boot.internal.InFlightMetadataCollectorImpl.<init>(Lorg/hibernate/boot/spi/BootstrapContext;Lorg/hibernate/boot/spi/MetadataBuildingOptions;)V+390
j  org.hibernate.boot.model.process.spi.MetadataBuildingProcess.complete(Lorg/hibernate/boot/model/process/spi/ManagedResources;Lorg/hibernate/boot/spi/BootstrapContext;Lorg/hibernate/boot/spi/MetadataBuildingOptions;)Lorg/hibernate/boot/spi/MetadataImplementor;+6
j  org.hibernate.jpa.boot.internal.EntityManagerFactoryBuilderImpl.metadata()Lorg/hibernate/boot/spi/MetadataImplementor;+30
j  org.hibernate.jpa.boot.internal.EntityManagerFactoryBuilderImpl.build()Ljakarta/persistence/EntityManagerFactory;+3
j  org.springframework.orm.jpa.vendor.SpringHibernateJpaPersistenceProvider.createContainerEntityManagerFactory(Ljakarta/persistence/spi/PersistenceUnitInfo;Ljava/util/Map;)Ljakarta/persistence/EntityManagerFactory;+59
j  org.springframework.orm.jpa.LocalContainerEntityManagerFactoryBean.createNativeEntityManagerFactory()Ljakarta/persistence/EntityManagerFactory;+111
j  org.springframework.orm.jpa.AbstractEntityManagerFactoryBean.buildNativeEntityManagerFactory()Ljakarta/persistence/EntityManagerFactory;+1
j  org.springframework.orm.jpa.AbstractEntityManagerFactoryBean.afterPropertiesSet()V+192
j  org.springframework.orm.jpa.LocalContainerEntityManagerFactoryBean.afterPropertiesSet()V+84
j  org.springframework.beans.factory.support.AbstractAutowireCapableBeanFactory.invokeInitMethods(Ljava/lang/String;Ljava/lang/Object;Lorg/springframework/beans/factory/support/RootBeanDefinition;)V+56
j  org.springframework.beans.factory.support.AbstractAutowireCapableBeanFactory.initializeBean(Ljava/lang/String;Ljava/lang/Object;Lorg/springframework/beans/factory/support/RootBeanDefinition;)Ljava/lang/Object;+34
j  org.springframework.beans.factory.support.AbstractAutowireCapableBeanFactory.doCreateBean(Ljava/lang/String;Lorg/springframework/beans/factory/support/RootBeanDefinition;[Ljava/lang/Object;)Ljava/lang/Object;+228
j  org.springframework.beans.factory.support.AbstractAutowireCapableBeanFactory.createBean(Ljava/lang/String;Lorg/springframework/beans/factory/support/RootBeanDefinition;[Ljava/lang/Object;)Ljava/lang/Object;+153
j  org.springframework.beans.factory.support.AbstractBeanFactory.lambda$doGetBean$0(Ljava/lang/String;Lorg/springframework/beans/factory/support/RootBeanDefinition;[Ljava/lang/Object;)Ljava/lang/Object;+4
j  org.springframework.beans.factory.support.AbstractBeanFactory$$Lambda$490+0x000002698130afb8.getObject()Ljava/lang/Object;+16
j  org.springframework.beans.factory.support.DefaultSingletonBeanRegistry.getSingleton(Ljava/lang/String;Lorg/springframework/beans/factory/ObjectFactory;)Ljava/lang/Object;+114
J 3648 c1 org.springframework.beans.factory.support.AbstractBeanFactory.doGetBean(Ljava/lang/String;Ljava/lang/Class;[Ljava/lang/Object;Z)Ljava/lang/Object; (740 bytes) @ 0x00000269eaa4b6ec [0x00000269eaa4b0c0+0x000000000000062c]
j  org.springframework.beans.factory.support.AbstractBeanFactory.getBean(Ljava/lang/String;)Ljava/lang/Object;+5
j  org.springframework.context.support.AbstractApplicationContext.getBean(Ljava/lang/String;)Ljava/lang/Object;+9
j  org.springframework.context.support.AbstractApplicationContext.finishBeanFactoryInitialization(Lorg/springframework/beans/factory/config/ConfigurableListableBeanFactory;)V+106
j  org.springframework.context.support.AbstractApplicationContext.refresh()V+94
j  org.springframework.boot.web.servlet.context.ServletWebServerApplicationContext.refresh()V+1
j  org.springframework.boot.SpringApplication.refresh(Lorg/springframework/context/ConfigurableApplicationContext;)V+1
j  org.springframework.boot.SpringApplication.refreshContext(Lorg/springframework/context/ConfigurableApplicationContext;)V+16
j  org.springframework.boot.SpringApplication.run([Ljava/lang/String;)Lorg/springframework/context/ConfigurableApplicationContext;+110
j  org.springframework.boot.SpringApplication.run([Ljava/lang/Class;[Ljava/lang/String;)Lorg/springframework/context/ConfigurableApplicationContext;+9
j  org.springframework.boot.SpringApplication.run(Ljava/lang/Class;[Ljava/lang/String;)Lorg/springframework/context/ConfigurableApplicationContext;+9
j  com.jpn2018.phongchieuservice.PhongchieuServiceApplication.main([Ljava/lang/String;)V+3
v  ~StubRoutines::call_stub
j  jdk.internal.reflect.NativeMethodAccessorImpl.invoke0(Ljava/lang/reflect/Method;Ljava/lang/Object;[Ljava/lang/Object;)Ljava/lang/Object;+0 java.base@17.0.9
j  jdk.internal.reflect.NativeMethodAccessorImpl.invoke(Ljava/lang/Object;[Ljava/lang/Object;)Ljava/lang/Object;+133 java.base@17.0.9
j  jdk.internal.reflect.DelegatingMethodAccessorImpl.invoke(Ljava/lang/Object;[Ljava/lang/Object;)Ljava/lang/Object;+6 java.base@17.0.9
j  java.lang.reflect.Method.invoke(Ljava/lang/Object;[Ljava/lang/Object;)Ljava/lang/Object;+59 java.base@17.0.9
j  org.springframework.boot.devtools.restart.RestartLauncher.run()V+47
v  ~StubRoutines::call_stub

---------------  P R O C E S S  ---------------

Threads class SMR info:
_java_thread_list=0x00000269fb04f6a0, length=28, elements={
0x00000269e29e2860, 0x00000269f415eb90, 0x00000269f41640e0, 0x00000269f4173c10,
0x00000269f4177760, 0x00000269f4178030, 0x00000269f4179110, 0x00000269f4179a90,
0x00000269f41ab260, 0x00000269f414a310, 0x00000269f44a99c0, 0x00000269f44abc50,
0x00000269f44ac140, 0x00000269f94285e0, 0x00000269f958f750, 0x00000269f95800c0,
0x00000269f95c5990, 0x00000269f9586ea0, 0x00000269f95c4ba0, 0x00000269f95c5080,
0x00000269f95d6b50, 0x00000269f95d7060, 0x00000269f95d7570, 0x00000269f95d84a0,
0x00000269f95d89b0, 0x00000269f95d5c20, 0x00000269f95d8ec0, 0x00000269f95d93d0
}

Java Threads: ( => current thread )
  0x00000269e29e2860 JavaThread "main" [_thread_blocked, id=14804, stack(0x0000008ba0200000,0x0000008ba0300000)]
  0x00000269f415eb90 JavaThread "Reference Handler" daemon [_thread_blocked, id=14980, stack(0x0000008ba0900000,0x0000008ba0a00000)]
  0x00000269f41640e0 JavaThread "Finalizer" daemon [_thread_blocked, id=14984, stack(0x0000008ba0a00000,0x0000008ba0b00000)]
  0x00000269f4173c10 JavaThread "Signal Dispatcher" daemon [_thread_blocked, id=14996, stack(0x0000008ba0b00000,0x0000008ba0c00000)]
  0x00000269f4177760 JavaThread "Attach Listener" daemon [_thread_blocked, id=15000, stack(0x0000008ba0c00000,0x0000008ba0d00000)]
  0x00000269f4178030 JavaThread "Service Thread" daemon [_thread_blocked, id=15004, stack(0x0000008ba0d00000,0x0000008ba0e00000)]
  0x00000269f4179110 JavaThread "Monitor Deflation Thread" daemon [_thread_blocked, id=15008, stack(0x0000008ba0e00000,0x0000008ba0f00000)]
  0x00000269f4179a90 JavaThread "C1 CompilerThread0" daemon [_thread_blocked, id=15012, stack(0x0000008ba0f00000,0x0000008ba1000000)]
  0x00000269f41ab260 JavaThread "Sweeper thread" daemon [_thread_blocked, id=15024, stack(0x0000008ba1000000,0x0000008ba1100000)]
  0x00000269f414a310 JavaThread "Common-Cleaner" daemon [_thread_blocked, id=15136, stack(0x0000008ba1100000,0x0000008ba1200000)]
  0x00000269f44a99c0 JavaThread "JDWP Transport Listener: dt_socket" daemon [_thread_blocked, id=15168, stack(0x0000008ba1300000,0x0000008ba1400000)]
  0x00000269f44abc50 JavaThread "JDWP Event Helper Thread" daemon [_thread_blocked, id=15172, stack(0x0000008ba1400000,0x0000008ba1500000)]
  0x00000269f44ac140 JavaThread "JDWP Command Reader" daemon [_thread_in_native, id=15200, stack(0x0000008ba1500000,0x0000008ba1600000)]
  0x00000269f94285e0 JavaThread "Notification Thread" daemon [_thread_blocked, id=1456, stack(0x0000008ba1200000,0x0000008ba1300000)]
  0x00000269f958f750 JavaThread "RMI TCP Accept-0" daemon [_thread_in_native, id=14884, stack(0x0000008ba1a00000,0x0000008ba1b00000)]
  0x00000269f95800c0 JavaThread "RMI TCP Accept-58610" daemon [_thread_in_native, id=14892, stack(0x0000008ba1b00000,0x0000008ba1c00000)]
  0x00000269f95c5990 JavaThread "RMI TCP Connection(idle)" daemon [_thread_blocked, id=14896, stack(0x0000008ba1c00000,0x0000008ba1d00000)]
  0x00000269f9586ea0 JavaThread "RMI Scheduler(0)" daemon [_thread_blocked, id=14692, stack(0x0000008ba1d00000,0x0000008ba1e00000)]
  0x00000269f95c4ba0 JavaThread "RMI TCP Accept-0" daemon [_thread_in_native, id=14904, stack(0x0000008ba1e00000,0x0000008ba1f00000)]
  0x00000269f95c5080 JavaThread "RMI TCP Connection(2)-127.0.0.1" daemon [_thread_blocked, id=14900, stack(0x0000008ba2000000,0x0000008ba2100000)]
  0x00000269f95d6b50 JavaThread "JMX server connection timeout 24" daemon [_thread_blocked, id=12148, stack(0x0000008ba2100000,0x0000008ba2200000)]
  0x00000269f95d7060 JavaThread "Thread-0" [_thread_blocked, id=5704, stack(0x0000008ba2300000,0x0000008ba2400000)]
=>0x00000269f95d7570 JavaThread "restartedMain" [_thread_in_vm, id=11244, stack(0x0000008ba2400000,0x0000008ba2500000)]
  0x00000269f95d84a0 JavaThread "Keep-Alive-Timer" daemon [_thread_blocked, id=9920, stack(0x0000008ba2500000,0x0000008ba2600000)]
  0x00000269f95d89b0 JavaThread "Catalina-utility-1" [_thread_blocked, id=7572, stack(0x0000008ba2900000,0x0000008ba2a00000)]
  0x00000269f95d5c20 JavaThread "Catalina-utility-2" [_thread_blocked, id=11736, stack(0x0000008ba2a00000,0x0000008ba2b00000)]
  0x00000269f95d8ec0 JavaThread "container-0" [_thread_blocked, id=13044, stack(0x0000008ba2b00000,0x0000008ba2c00000)]
  0x00000269f95d93d0 JavaThread "mysql-cj-abandoned-connection-cleanup" daemon [_thread_blocked, id=13628, stack(0x0000008ba2c00000,0x0000008ba2d00000)]

Other Threads:
  0x00000269f41584d0 VMThread "VM Thread" [stack: 0x0000008ba0800000,0x0000008ba0900000] [id=14976] _threads_hazard_ptr=0x00000269fb04f6a0
  0x00000269f95b3930 WatcherThread [stack: 0x0000008ba1f00000,0x0000008ba2000000] [id=14888]
  0x00000269e2a3aed0 GCTaskThread "GC Thread#0" [stack: 0x0000008ba0300000,0x0000008ba0400000] [id=14852]
  0x00000269f9491a40 GCTaskThread "GC Thread#1" [stack: 0x0000008ba1600000,0x0000008ba1700000] [id=14504]
  0x00000269f9492110 GCTaskThread "GC Thread#2" [stack: 0x0000008ba1700000,0x0000008ba1800000] [id=12760]
  0x00000269f94b53c0 GCTaskThread "GC Thread#3" [stack: 0x0000008ba1800000,0x0000008ba1900000] [id=12980]
  0x00000269e2a4ba70 ConcurrentGCThread "G1 Main Marker" [stack: 0x0000008ba0400000,0x0000008ba0500000] [id=14856]
  0x00000269e2a4c390 ConcurrentGCThread "G1 Conc#0" [stack: 0x0000008ba0500000,0x0000008ba0600000] [id=14860]
  0x00000269e2a9e010 ConcurrentGCThread "G1 Refine#0" [stack: 0x0000008ba0600000,0x0000008ba0700000] [id=14868]
  0x00000269f94b5000 ConcurrentGCThread "G1 Refine#1" [stack: 0x0000008ba1900000,0x0000008ba1a00000] [id=13076]
  0x00000269e2a9e950 ConcurrentGCThread "G1 Service" [stack: 0x0000008ba0700000,0x0000008ba0800000] [id=14872]

Threads with active compile tasks:

VM state: synchronizing (normal execution)

VM Mutex/Monitor currently owned by a thread:  ([mutex/lock_event])
[0x00000269e29de330] Threads_lock - owner thread: 0x00000269f41584d0
[0x00000269e29dd5b0] Heap_lock - owner thread: 0x00000269e2a4ba70

Heap address: 0x0000000081600000, size: 2026 MB, Compressed Oops mode: 32-bit

CDS archive(s) mapped at: [0x0000026980000000-0x0000026980bd0000-0x0000026980bd0000), size 12386304, SharedBaseAddress: 0x0000026980000000, ArchiveRelocationMode: 1.
Compressed class space mapped at: 0x0000026981000000-0x00000269c1000000, reserved size: 1073741824
Narrow klass base: 0x0000026980000000, Narrow klass shift: 0, Narrow klass range: 0x100000000

GC Precious Log:
 CPUs: 4 total, 4 available
 Memory: 8097M
 Large Page Support: Disabled
 NUMA Support: Disabled
 Compressed Oops: Enabled (32-bit)
 Heap Region Size: 1M
 Heap Min Capacity: 8M
 Heap Initial Capacity: 128M
 Heap Max Capacity: 2026M
 Pre-touch: Disabled
 Parallel Workers: 4
 Concurrent Workers: 1
 Concurrent Refinement Workers: 4
 Periodic GC: Disabled

Heap:
 garbage-first heap   total 96256K, used 39327K [0x0000000081600000, 0x0000000100000000)
  region size 1024K, 4 young (4096K), 2 survivors (2048K)
 Metaspace       used 53049K, committed 53504K, reserved 1114112K
  class space    used 7315K, committed 7552K, reserved 1048576K

Heap Regions: E=young(eden), S=young(survivor), O=old, HS=humongous(starts), HC=humongous(continues), CS=collection set, F=free, OA=open archive, CA=closed archive, TAMS=top-at-mark-start (previous, next)
|   0|0x0000000081600000, 0x0000000081700000, 0x0000000081700000|100%|HS|  |TAMS 0x0000000081700000, 0x0000000081600000| Complete 
|   1|0x0000000081700000, 0x0000000081800000, 0x0000000081800000|100%|HS|  |TAMS 0x0000000081800000, 0x0000000081700000| Complete 
|   2|0x0000000081800000, 0x0000000081900000, 0x0000000081900000|100%| O|  |TAMS 0x0000000081900000, 0x0000000081800000| Untracked 
|   3|0x0000000081900000, 0x0000000081a00000, 0x0000000081a00000|100%| O|  |TAMS 0x0000000081a00000, 0x0000000081900000| Untracked 
|   4|0x0000000081a00000, 0x0000000081b00000, 0x0000000081b00000|100%| O|  |TAMS 0x0000000081b00000, 0x0000000081a00000| Untracked 
|   5|0x0000000081b00000, 0x0000000081c00000, 0x0000000081c00000|100%| O|  |TAMS 0x0000000081c00000, 0x0000000081b00000| Updating 
|   6|0x0000000081c00000, 0x0000000081d00000, 0x0000000081d00000|100%| O|  |TAMS 0x0000000081d00000, 0x0000000081c00000| Untracked 
|   7|0x0000000081d00000, 0x0000000081e00000, 0x0000000081e00000|100%| O|  |TAMS 0x0000000081e00000, 0x0000000081d00000| Untracked 
|   8|0x0000000081e00000, 0x0000000081f00000, 0x0000000081f00000|100%| O|  |TAMS 0x0000000081f00000, 0x0000000081e00000| Untracked 
|   9|0x0000000081f00000, 0x0000000082000000, 0x0000000082000000|100%| O|  |TAMS 0x0000000082000000, 0x0000000081f00000| Untracked 
|  10|0x0000000082000000, 0x0000000082100000, 0x0000000082100000|100%| O|  |TAMS 0x0000000082100000, 0x0000000082000000| Updating 
|  11|0x0000000082100000, 0x0000000082200000, 0x0000000082200000|100%| O|  |TAMS 0x0000000082200000, 0x0000000082100000| Untracked 
|  12|0x0000000082200000, 0x0000000082300000, 0x0000000082300000|100%| O|  |TAMS 0x0000000082300000, 0x0000000082200000| Untracked 
|  13|0x0000000082300000, 0x0000000082400000, 0x0000000082400000|100%| O|  |TAMS 0x0000000082400000, 0x0000000082300000| Untracked 
|  14|0x0000000082400000, 0x0000000082500000, 0x0000000082500000|100%| O|  |TAMS 0x0000000082500000, 0x0000000082400000| Untracked 
|  15|0x0000000082500000, 0x0000000082600000, 0x0000000082600000|100%| O|  |TAMS 0x0000000082600000, 0x0000000082500000| Updating 
|  16|0x0000000082600000, 0x0000000082700000, 0x0000000082700000|100%| O|  |TAMS 0x0000000082700000, 0x0000000082600000| Updating 
|  17|0x0000000082700000, 0x0000000082700000, 0x0000000082800000|  0%| F|  |TAMS 0x0000000082700000, 0x0000000082700000| Untracked 
|  18|0x0000000082800000, 0x0000000082900000, 0x0000000082900000|100%| O|  |TAMS 0x0000000082900000, 0x0000000082800000| Untracked 
|  19|0x0000000082900000, 0x0000000082a00000, 0x0000000082a00000|100%| O|  |TAMS 0x0000000082a00000, 0x0000000082900000| Untracked 
|  20|0x0000000082a00000, 0x0000000082b00000, 0x0000000082b00000|100%| O|  |TAMS 0x0000000082b00000, 0x0000000082a00000| Updating 
|  21|0x0000000082b00000, 0x0000000082c00000, 0x0000000082c00000|100%| O|  |TAMS 0x0000000082c00000, 0x0000000082b00000| Untracked 
|  22|0x0000000082c00000, 0x0000000082d00000, 0x0000000082d00000|100%| O|  |TAMS 0x0000000082d00000, 0x0000000082c00000| Updating 
|  23|0x0000000082d00000, 0x0000000082e00000, 0x0000000082e00000|100%| O|  |TAMS 0x0000000082e00000, 0x0000000082d00000| Updating 
|  24|0x0000000082e00000, 0x0000000082f00000, 0x0000000082f00000|100%| O|  |TAMS 0x0000000082f00000, 0x0000000082e00000| Untracked 
|  25|0x0000000082f00000, 0x0000000083000000, 0x0000000083000000|100%| O|  |TAMS 0x0000000083000000, 0x0000000082f00000| Untracked 
|  26|0x0000000083000000, 0x0000000083100000, 0x0000000083100000|100%| O|  |TAMS 0x0000000083100000, 0x0000000083000000| Untracked 
|  27|0x0000000083100000, 0x0000000083200000, 0x0000000083200000|100%| O|  |TAMS 0x0000000083200000, 0x0000000083100000| Untracked 
|  28|0x0000000083200000, 0x0000000083300000, 0x0000000083300000|100%| O|  |TAMS 0x0000000083300000, 0x0000000083200000| Updating 
|  29|0x0000000083300000, 0x0000000083400000, 0x0000000083400000|100%| O|  |TAMS 0x0000000083400000, 0x0000000083300000| Untracked 
|  30|0x0000000083400000, 0x0000000083500000, 0x0000000083500000|100%| O|  |TAMS 0x0000000083500000, 0x0000000083400000| Updating 
|  31|0x0000000083500000, 0x0000000083600000, 0x0000000083600000|100%| O|  |TAMS 0x0000000083600000, 0x0000000083500000| Untracked 
|  32|0x0000000083600000, 0x0000000083700000, 0x0000000083700000|100%| O|  |TAMS 0x0000000083700000, 0x0000000083600000| Updating 
|  33|0x0000000083700000, 0x0000000083800000, 0x0000000083800000|100%| O|  |TAMS 0x0000000083800000, 0x0000000083700000| Updating 
|  34|0x0000000083800000, 0x0000000083900000, 0x0000000083900000|100%| O|  |TAMS 0x0000000083900000, 0x0000000083800000| Untracked 
|  35|0x0000000083900000, 0x0000000083a00000, 0x0000000083a00000|100%| O|  |TAMS 0x0000000083a00000, 0x0000000083900000| Updating 
|  36|0x0000000083a00000, 0x0000000083ad8200, 0x0000000083b00000| 84%| O|  |TAMS 0x0000000083ad8200, 0x0000000083a00000| Updating 
|  37|0x0000000083b00000, 0x0000000083b00000, 0x0000000083c00000|  0%| F|  |TAMS 0x0000000083b00000, 0x0000000083b00000| Untracked 
|  38|0x0000000083c00000, 0x0000000083c00000, 0x0000000083d00000|  0%| F|  |TAMS 0x0000000083c00000, 0x0000000083c00000| Untracked 
|  39|0x0000000083d00000, 0x0000000083d00000, 0x0000000083e00000|  0%| F|  |TAMS 0x0000000083d00000, 0x0000000083d00000| Untracked 
|  40|0x0000000083e00000, 0x0000000083e00000, 0x0000000083f00000|  0%| F|  |TAMS 0x0000000083e00000, 0x0000000083e00000| Untracked 
|  41|0x0000000083f00000, 0x0000000083f00000, 0x0000000084000000|  0%| F|  |TAMS 0x0000000083f00000, 0x0000000083f00000| Untracked 
|  42|0x0000000084000000, 0x0000000084000000, 0x0000000084100000|  0%| F|  |TAMS 0x0000000084000000, 0x0000000084000000| Untracked 
|  43|0x0000000084100000, 0x0000000084100000, 0x0000000084200000|  0%| F|  |TAMS 0x0000000084100000, 0x0000000084100000| Untracked 
|  44|0x0000000084200000, 0x0000000084200000, 0x0000000084300000|  0%| F|  |TAMS 0x0000000084200000, 0x0000000084200000| Untracked 
|  45|0x0000000084300000, 0x0000000084300000, 0x0000000084400000|  0%| F|  |TAMS 0x0000000084300000, 0x0000000084300000| Untracked 
|  46|0x0000000084400000, 0x0000000084400000, 0x0000000084500000|  0%| F|  |TAMS 0x0000000084400000, 0x0000000084400000| Untracked 
|  47|0x0000000084500000, 0x0000000084500000, 0x0000000084600000|  0%| F|  |TAMS 0x0000000084500000, 0x0000000084500000| Untracked 
|  48|0x0000000084600000, 0x0000000084600000, 0x0000000084700000|  0%| F|  |TAMS 0x0000000084600000, 0x0000000084600000| Untracked 
|  49|0x0000000084700000, 0x0000000084700000, 0x0000000084800000|  0%| F|  |TAMS 0x0000000084700000, 0x0000000084700000| Untracked 
|  50|0x0000000084800000, 0x0000000084800000, 0x0000000084900000|  0%| F|  |TAMS 0x0000000084800000, 0x0000000084800000| Untracked 
|  51|0x0000000084900000, 0x0000000084900000, 0x0000000084a00000|  0%| F|  |TAMS 0x0000000084900000, 0x0000000084900000| Untracked 
|  52|0x0000000084a00000, 0x0000000084a00000, 0x0000000084b00000|  0%| F|  |TAMS 0x0000000084a00000, 0x0000000084a00000| Untracked 
|  53|0x0000000084b00000, 0x0000000084b00000, 0x0000000084c00000|  0%| F|  |TAMS 0x0000000084b00000, 0x0000000084b00000| Untracked 
|  54|0x0000000084c00000, 0x0000000084c8fc60, 0x0000000084d00000| 56%| S|CS|TAMS 0x0000000084c00000, 0x0000000084c00000| Complete 
|  55|0x0000000084d00000, 0x0000000084e00000, 0x0000000084e00000|100%| S|CS|TAMS 0x0000000084d00000, 0x0000000084d00000| Complete 
|  56|0x0000000084e00000, 0x0000000084e00000, 0x0000000084f00000|  0%| F|  |TAMS 0x0000000084e00000, 0x0000000084e00000| Untracked 
|  57|0x0000000084f00000, 0x0000000084f00000, 0x0000000085000000|  0%| F|  |TAMS 0x0000000084f00000, 0x0000000084f00000| Untracked 
|  58|0x0000000085000000, 0x0000000085000000, 0x0000000085100000|  0%| F|  |TAMS 0x0000000085000000, 0x0000000085000000| Untracked 
|  59|0x0000000085100000, 0x0000000085100000, 0x0000000085200000|  0%| F|  |TAMS 0x0000000085100000, 0x0000000085100000| Untracked 
|  60|0x0000000085200000, 0x0000000085200000, 0x0000000085300000|  0%| F|  |TAMS 0x0000000085200000, 0x0000000085200000| Untracked 
|  61|0x0000000085300000, 0x0000000085300000, 0x0000000085400000|  0%| F|  |TAMS 0x0000000085300000, 0x0000000085300000| Untracked 
|  62|0x0000000085400000, 0x0000000085400000, 0x0000000085500000|  0%| F|  |TAMS 0x0000000085400000, 0x0000000085400000| Untracked 
|  63|0x0000000085500000, 0x0000000085500000, 0x0000000085600000|  0%| F|  |TAMS 0x0000000085500000, 0x0000000085500000| Untracked 
|  64|0x0000000085600000, 0x0000000085600000, 0x0000000085700000|  0%| F|  |TAMS 0x0000000085600000, 0x0000000085600000| Untracked 
|  65|0x0000000085700000, 0x0000000085700000, 0x0000000085800000|  0%| F|  |TAMS 0x0000000085700000, 0x0000000085700000| Untracked 
|  66|0x0000000085800000, 0x0000000085800000, 0x0000000085900000|  0%| F|  |TAMS 0x0000000085800000, 0x0000000085800000| Untracked 
|  67|0x0000000085900000, 0x0000000085900000, 0x0000000085a00000|  0%| F|  |TAMS 0x0000000085900000, 0x0000000085900000| Untracked 
|  68|0x0000000085a00000, 0x0000000085a00000, 0x0000000085b00000|  0%| F|  |TAMS 0x0000000085a00000, 0x0000000085a00000| Untracked 
|  69|0x0000000085b00000, 0x0000000085b00000, 0x0000000085c00000|  0%| F|  |TAMS 0x0000000085b00000, 0x0000000085b00000| Untracked 
|  70|0x0000000085c00000, 0x0000000085c00000, 0x0000000085d00000|  0%| F|  |TAMS 0x0000000085c00000, 0x0000000085c00000| Untracked 
|  71|0x0000000085d00000, 0x0000000085d00000, 0x0000000085e00000|  0%| F|  |TAMS 0x0000000085d00000, 0x0000000085d00000| Untracked 
|  72|0x0000000085e00000, 0x0000000085e00000, 0x0000000085f00000|  0%| F|  |TAMS 0x0000000085e00000, 0x0000000085e00000| Untracked 
|  73|0x0000000085f00000, 0x0000000085f00000, 0x0000000086000000|  0%| F|  |TAMS 0x0000000085f00000, 0x0000000085f00000| Untracked 
|  74|0x0000000086000000, 0x0000000086000000, 0x0000000086100000|  0%| F|  |TAMS 0x0000000086000000, 0x0000000086000000| Untracked 
|  75|0x0000000086100000, 0x0000000086100000, 0x0000000086200000|  0%| F|  |TAMS 0x0000000086100000, 0x0000000086100000| Untracked 
|  76|0x0000000086200000, 0x0000000086200000, 0x0000000086300000|  0%| F|  |TAMS 0x0000000086200000, 0x0000000086200000| Untracked 
|  77|0x0000000086300000, 0x0000000086300000, 0x0000000086400000|  0%| F|  |TAMS 0x0000000086300000, 0x0000000086300000| Untracked 
|  78|0x0000000086400000, 0x0000000086400000, 0x0000000086500000|  0%| F|  |TAMS 0x0000000086400000, 0x0000000086400000| Untracked 
|  79|0x0000000086500000, 0x0000000086500000, 0x0000000086600000|  0%| F|  |TAMS 0x0000000086500000, 0x0000000086500000| Untracked 
|  80|0x0000000086600000, 0x0000000086600000, 0x0000000086700000|  0%| F|  |TAMS 0x0000000086600000, 0x0000000086600000| Untracked 
|  81|0x0000000086700000, 0x0000000086700000, 0x0000000086800000|  0%| F|  |TAMS 0x0000000086700000, 0x0000000086700000| Untracked 
|  82|0x0000000086800000, 0x0000000086800000, 0x0000000086900000|  0%| F|  |TAMS 0x0000000086800000, 0x0000000086800000| Untracked 
|  83|0x0000000086900000, 0x0000000086900000, 0x0000000086a00000|  0%| F|  |TAMS 0x0000000086900000, 0x0000000086900000| Untracked 
|  84|0x0000000086a00000, 0x0000000086a00000, 0x0000000086b00000|  0%| F|  |TAMS 0x0000000086a00000, 0x0000000086a00000| Untracked 
|  85|0x0000000086b00000, 0x0000000086b00000, 0x0000000086c00000|  0%| F|  |TAMS 0x0000000086b00000, 0x0000000086b00000| Untracked 
|  93|0x0000000087300000, 0x0000000087300000, 0x0000000087400000|  0%| F|  |TAMS 0x0000000087300000, 0x0000000087300000| Untracked 
|  94|0x0000000087400000, 0x0000000087400000, 0x0000000087500000|  0%| F|  |TAMS 0x0000000087400000, 0x0000000087400000| Untracked 
|  95|0x0000000087500000, 0x0000000087500000, 0x0000000087600000|  0%| F|  |TAMS 0x0000000087500000, 0x0000000087500000| Untracked 
|  96|0x0000000087600000, 0x0000000087600000, 0x0000000087700000|  0%| F|  |TAMS 0x0000000087600000, 0x0000000087600000| Untracked 
|  97|0x0000000087700000, 0x0000000087700000, 0x0000000087800000|  0%| F|  |TAMS 0x0000000087700000, 0x0000000087700000| Untracked 
|  98|0x0000000087800000, 0x0000000087800000, 0x0000000087900000|  0%| F|  |TAMS 0x0000000087800000, 0x0000000087800000| Untracked 
|  99|0x0000000087900000, 0x0000000087a00000, 0x0000000087a00000|100%| E|  |TAMS 0x0000000087900000, 0x0000000087900000| Complete 
| 127|0x0000000089500000, 0x0000000089600000, 0x0000000089600000|100%| E|CS|TAMS 0x0000000089500000, 0x0000000089500000| Complete 

Card table byte_map: [0x00000269ed670000,0x00000269eda70000] _byte_map_base: 0x00000269ed265000

Marking Bits (Prev, Next): (CMBitMap*) 0x00000269e2a3b400, (CMBitMap*) 0x00000269e2a3b440
 Prev Bits: [0x00000269ede70000, 0x00000269efe18000)
 Next Bits: [0x00000269efe20000, 0x00000269f1dc8000)

Polling page: 0x00000269e0820000

Metaspace:

Usage:
  Non-class:     44.66 MB used.
      Class:      7.14 MB used.
       Both:     51.81 MB used.

Virtual space:
  Non-class space:       64.00 MB reserved,      44.88 MB ( 70%) committed,  1 nodes.
      Class space:        1.00 GB reserved,       7.38 MB ( <1%) committed,  1 nodes.
             Both:        1.06 GB reserved,      52.25 MB (  5%) committed. 

Chunk freelists:
   Non-Class:  2.81 MB
       Class:  8.66 MB
        Both:  11.47 MB

MaxMetaspaceSize: unlimited
CompressedClassSpaceSize: 1.00 GB
Initial GC threshold: 21.00 MB
Current GC threshold: 87.12 MB
CDS: on
MetaspaceReclaimPolicy: balanced
 - commit_granule_bytes: 65536.
 - commit_granule_words: 8192.
 - virtual_space_node_default_size: 8388608.
 - enlarge_chunks_in_place: 1.
 - new_chunks_are_fully_committed: 0.
 - uncommit_free_chunks: 1.
 - use_allocation_guard: 0.
 - handle_deallocations: 1.


Internal statistics:

num_allocs_failed_limit: 6.
num_arena_births: 692.
num_arena_deaths: 70.
num_vsnodes_births: 2.
num_vsnodes_deaths: 0.
num_space_committed: 836.
num_space_uncommitted: 0.
num_chunks_returned_to_freelist: 87.
num_chunks_taken_from_freelist: 2578.
num_chunk_merges: 33.
num_chunk_splits: 1843.
num_chunks_enlarged: 1423.
num_inconsistent_stats: 0.

CodeCache: size=49152Kb used=11028Kb max_used=11486Kb free=38123Kb
 bounds [0x00000269ea270000, 0x00000269eadb0000, 0x00000269ed270000]
 total_blobs=6096 nmethods=5519 adapters=504
 compilation: enabled
              stopped_count=0, restarted_count=0
 full_count=0

Compilation events (20 events):
Event: 67.401 Thread 0x00000269f4179a90 5519       1       com.mysql.cj.conf.AbstractPropertyDefinition::getPropertyKey (5 bytes)
Event: 67.401 Thread 0x00000269f4179a90 nmethod 5519 0x00000269eacf1490 code [0x00000269eacf1620, 0x00000269eacf16f8]
Event: 67.411 Thread 0x00000269f4179a90 5520       1       com.mysql.cj.conf.AbstractPropertyDefinition::getDefaultValue (5 bytes)
Event: 67.411 Thread 0x00000269f4179a90 nmethod 5520 0x00000269eacf1190 code [0x00000269eacf1320, 0x00000269eacf13f8]
Event: 67.414 Thread 0x00000269f4179a90 5521       1       com.mysql.cj.conf.AbstractRuntimeProperty::getPropertyDefinition (5 bytes)
Event: 67.414 Thread 0x00000269f4179a90 nmethod 5521 0x00000269eacf0e90 code [0x00000269eacf1020, 0x00000269eacf10f8]
Event: 67.414 Thread 0x00000269f4179a90 5522       1       com.mysql.cj.conf.AbstractPropertyDefinition::getName (5 bytes)
Event: 67.414 Thread 0x00000269f4179a90 nmethod 5522 0x00000269eacf0b90 code [0x00000269eacf0d20, 0x00000269eacf0df8]
Event: 67.414 Thread 0x00000269f4179a90 5523       1       com.mysql.cj.conf.AbstractPropertyDefinition::getCcAlias (5 bytes)
Event: 67.414 Thread 0x00000269f4179a90 nmethod 5523 0x00000269eacf0890 code [0x00000269eacf0a20, 0x00000269eacf0af8]
Event: 67.547 Thread 0x00000269f4179a90 5524   !   1       com.mysql.cj.conf.DefaultPropertySet::getProperty (52 bytes)
Event: 67.547 Thread 0x00000269f4179a90 nmethod 5524 0x00000269eaceff10 code [0x00000269eacf00e0, 0x00000269eacf0388]
Event: 67.883 Thread 0x00000269f4179a90 5525       1       java.lang.invoke.MemberName::asNormalOriginal (113 bytes)
Event: 67.884 Thread 0x00000269f4179a90 nmethod 5525 0x00000269eacee390 code [0x00000269eacee560, 0x00000269eacee838]
Event: 67.912 Thread 0x00000269f4179a90 5526       1       java.lang.ClassLoader::getSystemClassLoader (96 bytes)
Event: 67.913 Thread 0x00000269f4179a90 nmethod 5526 0x00000269eacedc10 code [0x00000269eacedde0, 0x00000269eacee108]
Event: 68.051 Thread 0x00000269f4179a90 5527       1       sun.nio.cs.ext.AbstractCharsetProvider::put (20 bytes)
Event: 68.051 Thread 0x00000269f4179a90 nmethod 5527 0x00000269eaced890 code [0x00000269eaceda40, 0x00000269eacedb78]
Event: 68.161 Thread 0x00000269f4179a90 5528       1       jdk.internal.jimage.ImageLocation::getAttribute (44 bytes)
Event: 68.162 Thread 0x00000269f4179a90 nmethod 5528 0x00000269eaced010 code [0x00000269eaced200, 0x00000269eaced638]

GC Heap History (20 events):
Event: 54.789 GC heap before
{Heap before GC invocations=28 (full 0):
 garbage-first heap   total 63488K, used 45536K [0x0000000081600000, 0x0000000100000000)
  region size 1024K, 12 young (12288K), 1 survivors (1024K)
 Metaspace       used 41645K, committed 42176K, reserved 1114112K
  class space    used 5677K, committed 5952K, reserved 1048576K
}
Event: 54.793 GC heap after
{Heap after GC invocations=29 (full 0):
 garbage-first heap   total 63488K, used 33448K [0x0000000081600000, 0x0000000100000000)
  region size 1024K, 1 young (1024K), 1 survivors (1024K)
 Metaspace       used 41645K, committed 42176K, reserved 1114112K
  class space    used 5677K, committed 5952K, reserved 1048576K
}
Event: 54.921 GC heap before
{Heap before GC invocations=29 (full 0):
 garbage-first heap   total 63488K, used 35496K [0x0000000081600000, 0x0000000100000000)
  region size 1024K, 3 young (3072K), 1 survivors (1024K)
 Metaspace       used 41966K, committed 42432K, reserved 1114112K
  class space    used 5713K, committed 5952K, reserved 1048576K
}
Event: 54.925 GC heap after
{Heap after GC invocations=30 (full 0):
 garbage-first heap   total 63488K, used 33761K [0x0000000081600000, 0x0000000100000000)
  region size 1024K, 1 young (1024K), 1 survivors (1024K)
 Metaspace       used 41966K, committed 42432K, reserved 1114112K
  class space    used 5713K, committed 5952K, reserved 1048576K
}
Event: 55.623 GC heap before
{Heap before GC invocations=30 (full 0):
 garbage-first heap   total 63488K, used 45025K [0x0000000081600000, 0x0000000100000000)
  region size 1024K, 13 young (13312K), 1 survivors (1024K)
 Metaspace       used 42674K, committed 43072K, reserved 1114112K
  class space    used 5828K, committed 6016K, reserved 1048576K
}
Event: 55.629 GC heap after
{Heap after GC invocations=31 (full 0):
 garbage-first heap   total 63488K, used 35198K [0x0000000081600000, 0x0000000100000000)
  region size 1024K, 2 young (2048K), 2 survivors (2048K)
 Metaspace       used 42674K, committed 43072K, reserved 1114112K
  class space    used 5828K, committed 6016K, reserved 1048576K
}
Event: 56.282 GC heap before
{Heap before GC invocations=32 (full 0):
 garbage-first heap   total 63488K, used 47486K [0x0000000081600000, 0x0000000100000000)
  region size 1024K, 14 young (14336K), 2 survivors (2048K)
 Metaspace       used 43228K, committed 43648K, reserved 1114112K
  class space    used 5924K, committed 6144K, reserved 1048576K
}
Event: 56.290 GC heap after
{Heap after GC invocations=33 (full 0):
 garbage-first heap   total 63488K, used 36100K [0x0000000081600000, 0x0000000100000000)
  region size 1024K, 1 young (1024K), 1 survivors (1024K)
 Metaspace       used 43228K, committed 43648K, reserved 1114112K
  class space    used 5924K, committed 6144K, reserved 1048576K
}
Event: 56.322 GC heap before
{Heap before GC invocations=33 (full 0):
 garbage-first heap   total 63488K, used 38148K [0x0000000081600000, 0x0000000100000000)
  region size 1024K, 3 young (3072K), 1 survivors (1024K)
 Metaspace       used 43378K, committed 43776K, reserved 1114112K
  class space    used 5946K, committed 6144K, reserved 1048576K
}
Event: 56.327 GC heap after
{Heap after GC invocations=34 (full 0):
 garbage-first heap   total 63488K, used 35743K [0x0000000081600000, 0x0000000100000000)
  region size 1024K, 1 young (1024K), 1 survivors (1024K)
 Metaspace       used 43378K, committed 43776K, reserved 1114112K
  class space    used 5946K, committed 6144K, reserved 1048576K
}
Event: 57.702 GC heap before
{Heap before GC invocations=34 (full 0):
 garbage-first heap   total 63488K, used 48031K [0x0000000081600000, 0x0000000100000000)
  region size 1024K, 13 young (13312K), 1 survivors (1024K)
 Metaspace       used 43916K, committed 44416K, reserved 1114112K
  class space    used 6035K, committed 6272K, reserved 1048576K
}
Event: 57.706 GC heap after
{Heap after GC invocations=35 (full 0):
 garbage-first heap   total 96256K, used 36379K [0x0000000081600000, 0x0000000100000000)
  region size 1024K, 1 young (1024K), 1 survivors (1024K)
 Metaspace       used 43916K, committed 44416K, reserved 1114112K
  class space    used 6035K, committed 6272K, reserved 1048576K
}
Event: 60.421 GC heap before
{Heap before GC invocations=36 (full 0):
 garbage-first heap   total 96256K, used 70171K [0x0000000081600000, 0x0000000100000000)
  region size 1024K, 35 young (35840K), 1 survivors (1024K)
 Metaspace       used 46059K, committed 46528K, reserved 1114112K
  class space    used 6313K, committed 6528K, reserved 1048576K
}
Event: 60.427 GC heap after
{Heap after GC invocations=37 (full 0):
 garbage-first heap   total 96256K, used 37377K [0x0000000081600000, 0x0000000100000000)
  region size 1024K, 2 young (2048K), 2 survivors (2048K)
 Metaspace       used 46059K, committed 46528K, reserved 1114112K
  class space    used 6313K, committed 6528K, reserved 1048576K
}
Event: 60.457 GC heap before
{Heap before GC invocations=37 (full 0):
 garbage-first heap   total 96256K, used 38401K [0x0000000081600000, 0x0000000100000000)
  region size 1024K, 4 young (4096K), 2 survivors (2048K)
 Metaspace       used 46213K, committed 46656K, reserved 1114112K
  class space    used 6339K, committed 6528K, reserved 1048576K
}
Event: 60.464 GC heap after
{Heap after GC invocations=38 (full 0):
 garbage-first heap   total 96256K, used 37058K [0x0000000081600000, 0x0000000100000000)
  region size 1024K, 1 young (1024K), 1 survivors (1024K)
 Metaspace       used 46213K, committed 46656K, reserved 1114112K
  class space    used 6339K, committed 6528K, reserved 1048576K
}
Event: 65.502 GC heap before
{Heap before GC invocations=38 (full 0):
 garbage-first heap   total 96256K, used 72898K [0x0000000081600000, 0x0000000100000000)
  region size 1024K, 36 young (36864K), 1 survivors (1024K)
 Metaspace       used 49409K, committed 49984K, reserved 1114112K
  class space    used 6828K, committed 7104K, reserved 1048576K
}
Event: 65.506 GC heap after
{Heap after GC invocations=39 (full 0):
 garbage-first heap   total 96256K, used 37334K [0x0000000081600000, 0x0000000100000000)
  region size 1024K, 1 young (1024K), 1 survivors (1024K)
 Metaspace       used 49409K, committed 49984K, reserved 1114112K
  class space    used 6828K, committed 7104K, reserved 1048576K
}
Event: 68.010 GC heap before
{Heap before GC invocations=39 (full 0):
 garbage-first heap   total 96256K, used 75222K [0x0000000081600000, 0x0000000100000000)
  region size 1024K, 38 young (38912K), 1 survivors (1024K)
 Metaspace       used 52869K, committed 53376K, reserved 1114112K
  class space    used 7296K, committed 7552K, reserved 1048576K
}
Event: 68.016 GC heap after
{Heap after GC invocations=40 (full 0):
 garbage-first heap   total 96256K, used 38303K [0x0000000081600000, 0x0000000100000000)
  region size 1024K, 2 young (2048K), 2 survivors (2048K)
 Metaspace       used 52869K, committed 53376K, reserved 1114112K
  class space    used 7296K, committed 7552K, reserved 1048576K
}

Deoptimization events (20 events):
Event: 66.954 Thread 0x00000269f95c5080 DEOPT PACKING pc=0x00000269eaabf2fc sp=0x0000008ba20fe800
Event: 66.954 Thread 0x00000269f95c5080 DEOPT UNPACKING pc=0x00000269ea2c2b43 sp=0x0000008ba20fdca0 mode 1
Event: 66.954 Thread 0x00000269f95c5080 DEOPT PACKING pc=0x00000269ea87c504 sp=0x0000008ba20fe850
Event: 66.954 Thread 0x00000269f95c5080 DEOPT UNPACKING pc=0x00000269ea2c2b43 sp=0x0000008ba20fdd40 mode 1
Event: 67.057 Thread 0x00000269f95d7570 DEOPT PACKING pc=0x00000269ea6488dc sp=0x0000008ba24fa570
Event: 67.057 Thread 0x00000269f95d7570 DEOPT UNPACKING pc=0x00000269ea2c2b43 sp=0x0000008ba24f9a08 mode 1
Event: 67.057 Thread 0x00000269f95d7570 DEOPT PACKING pc=0x00000269ea63a7fc sp=0x0000008ba24fa640
Event: 67.057 Thread 0x00000269f95d7570 DEOPT UNPACKING pc=0x00000269ea2c2b43 sp=0x0000008ba24f9af8 mode 1
Event: 67.140 Thread 0x00000269f95d7570 DEOPT PACKING pc=0x00000269ea6488dc sp=0x0000008ba24fa630
Event: 67.140 Thread 0x00000269f95d7570 DEOPT UNPACKING pc=0x00000269ea2c2b43 sp=0x0000008ba24f9ac8 mode 1
Event: 67.140 Thread 0x00000269f95d7570 DEOPT PACKING pc=0x00000269ea63a7fc sp=0x0000008ba24fa700
Event: 67.140 Thread 0x00000269f95d7570 DEOPT UNPACKING pc=0x00000269ea2c2b43 sp=0x0000008ba24f9bb8 mode 1
Event: 67.141 Thread 0x00000269f95d7570 DEOPT PACKING pc=0x00000269ea6488dc sp=0x0000008ba24fa700
Event: 67.141 Thread 0x00000269f95d7570 DEOPT UNPACKING pc=0x00000269ea2c2b43 sp=0x0000008ba24f9b98 mode 1
Event: 67.141 Thread 0x00000269f95d7570 DEOPT PACKING pc=0x00000269ea63a7fc sp=0x0000008ba24fa7d0
Event: 67.141 Thread 0x00000269f95d7570 DEOPT UNPACKING pc=0x00000269ea2c2b43 sp=0x0000008ba24f9c88 mode 1
Event: 67.789 Thread 0x00000269f95c5080 DEOPT PACKING pc=0x00000269eaabf2fc sp=0x0000008ba20fe800
Event: 67.789 Thread 0x00000269f95c5080 DEOPT UNPACKING pc=0x00000269ea2c2b43 sp=0x0000008ba20fdca0 mode 1
Event: 67.789 Thread 0x00000269f95c5080 DEOPT PACKING pc=0x00000269ea87c504 sp=0x0000008ba20fe850
Event: 67.789 Thread 0x00000269f95c5080 DEOPT UNPACKING pc=0x00000269ea2c2b43 sp=0x0000008ba20fdd40 mode 1

Classes unloaded (20 events):
Event: 51.039 Thread 0x00000269f41584d0 Unloading class 0x00000269810d1000 'java/lang/invoke/LambdaForm$MH+0x00000269810d1000'
Event: 51.039 Thread 0x00000269f41584d0 Unloading class 0x00000269810d0c00 'java/lang/invoke/LambdaForm$MH+0x00000269810d0c00'
Event: 51.039 Thread 0x00000269f41584d0 Unloading class 0x00000269810d0800 'java/lang/invoke/LambdaForm$MH+0x00000269810d0800'
Event: 51.039 Thread 0x00000269f41584d0 Unloading class 0x00000269810d0400 'java/lang/invoke/LambdaForm$MH+0x00000269810d0400'
Event: 51.039 Thread 0x00000269f41584d0 Unloading class 0x00000269810cac00 'java/lang/invoke/LambdaForm$MH+0x00000269810cac00'
Event: 51.039 Thread 0x00000269f41584d0 Unloading class 0x00000269810ca800 'java/lang/invoke/LambdaForm$MH+0x00000269810ca800'
Event: 51.039 Thread 0x00000269f41584d0 Unloading class 0x00000269810ca000 'java/lang/invoke/LambdaForm$MH+0x00000269810ca000'
Event: 51.039 Thread 0x00000269f41584d0 Unloading class 0x00000269810c9c00 'jdk/internal/reflect/GeneratedSerializationConstructorAccessor7'
Event: 51.039 Thread 0x00000269f41584d0 Unloading class 0x00000269810c9800 'jdk/internal/reflect/GeneratedSerializationConstructorAccessor6'
Event: 51.039 Thread 0x00000269f41584d0 Unloading class 0x00000269810c9400 'jdk/internal/reflect/GeneratedSerializationConstructorAccessor5'
Event: 51.039 Thread 0x00000269f41584d0 Unloading class 0x00000269810c9000 'jdk/internal/reflect/GeneratedSerializationConstructorAccessor4'
Event: 51.039 Thread 0x00000269f41584d0 Unloading class 0x00000269810c8000 'java/lang/invoke/LambdaForm$MH+0x00000269810c8000'
Event: 51.039 Thread 0x00000269f41584d0 Unloading class 0x00000269810c5c00 'java/lang/invoke/LambdaForm$MH+0x00000269810c5c00'
Event: 51.039 Thread 0x00000269f41584d0 Unloading class 0x00000269810c5800 'java/lang/invoke/LambdaForm$MH+0x00000269810c5800'
Event: 51.039 Thread 0x00000269f41584d0 Unloading class 0x00000269810c5400 'java/lang/invoke/LambdaForm$MH+0x00000269810c5400'
Event: 51.039 Thread 0x00000269f41584d0 Unloading class 0x00000269810c5000 'java/lang/invoke/LambdaForm$MH+0x00000269810c5000'
Event: 51.039 Thread 0x00000269f41584d0 Unloading class 0x00000269810c1800 'jdk/internal/reflect/GeneratedSerializationConstructorAccessor3'
Event: 51.039 Thread 0x00000269f41584d0 Unloading class 0x00000269810c1400 'jdk/internal/reflect/GeneratedSerializationConstructorAccessor2'
Event: 51.039 Thread 0x00000269f41584d0 Unloading class 0x00000269810c1000 'jdk/internal/reflect/GeneratedSerializationConstructorAccessor1'
Event: 52.486 Thread 0x00000269f41584d0 Unloading class 0x00000269812a1c00 'java/lang/invoke/LambdaForm$DMH+0x00000269812a1c00'

Classes redefined (0 events):
No events

Internal exceptions (20 events):
Event: 51.733 Thread 0x00000269f95d7570 Exception <a 'sun/nio/fs/WindowsException'{0x00000000877100d0}> (0x00000000877100d0) 
thrown [s\open\src\hotspot\share\prims\jni.cpp, line 516]
Event: 51.735 Thread 0x00000269f95d7570 Exception <a 'sun/nio/fs/WindowsException'{0x0000000087715ab8}> (0x0000000087715ab8) 
thrown [s\open\src\hotspot\share\prims\jni.cpp, line 516]
Event: 51.736 Thread 0x00000269f95d7570 Exception <a 'sun/nio/fs/WindowsException'{0x0000000087715da8}> (0x0000000087715da8) 
thrown [s\open\src\hotspot\share\prims\jni.cpp, line 516]
Event: 51.737 Thread 0x00000269f95d7570 Exception <a 'sun/nio/fs/WindowsException'{0x0000000087716b78}> (0x0000000087716b78) 
thrown [s\open\src\hotspot\share\prims\jni.cpp, line 516]
Event: 51.738 Thread 0x00000269f95d7570 Exception <a 'sun/nio/fs/WindowsException'{0x0000000087716ed0}> (0x0000000087716ed0) 
thrown [s\open\src\hotspot\share\prims\jni.cpp, line 516]
Event: 51.916 Thread 0x00000269f95d7570 Exception <a 'java/lang/NoSuchMethodError'{0x00000000875a8a30}: 'java.lang.Object java.lang.invoke.DirectMethodHandle$Holder.invokeSpecial(java.lang.Object, java.lang.Object, long, java.lang.Object, java.lang.Object, java.lang.Object, java.lang.Object, java.lang.Object, java.lang.Object)'> (0x00000000875a8a30) 
thrown [s\open\src\hotspot\share\interpreter\linkResolver.cpp, line 759]
Event: 51.916 Thread 0x00000269f95d7570 Exception <a 'java/lang/NoSuchMethodError'{0x00000000875ad558}: 'java.lang.Object java.lang.invoke.DelegatingMethodHandle$Holder.reinvoke_L(java.lang.Object, long, java.lang.Object, java.lang.Object, java.lang.Object, java.lang.Object, java.lang.Object, java.lang.Object)'> (0x00000000875ad558) 
thrown [s\open\src\hotspot\share\interpreter\linkResolver.cpp, line 759]
Event: 52.287 Thread 0x00000269f95d7570 Exception <a 'java/io/FileNotFoundException'{0x0000000084ba7508}> (0x0000000084ba7508) 
thrown [s\open\src\hotspot\share\prims\jni.cpp, line 516]
Event: 52.515 Thread 0x00000269f95d7570 Exception <a 'java/lang/NoSuchMethodError'{0x000000008787d598}: 'int java.lang.invoke.DirectMethodHandle$Holder.invokeInterface(java.lang.Object, java.lang.Object, java.lang.Object, java.lang.Object)'> (0x000000008787d598) 
thrown [s\open\src\hotspot\share\interpreter\linkResolver.cpp, line 759]
Event: 54.510 Thread 0x00000269f95d7570 Exception <a 'sun/nio/fs/WindowsException'{0x0000000084945b98}> (0x0000000084945b98) 
thrown [s\open\src\hotspot\share\prims\jni.cpp, line 516]
Event: 54.606 Thread 0x00000269f95d7570 Exception <a 'java/lang/NoSuchMethodError'{0x000000008498b5e8}: 'int java.lang.invoke.DirectMethodHandle$Holder.invokeStaticInit(java.lang.Object, java.lang.Object, java.lang.Object, java.lang.Object)'> (0x000000008498b5e8) 
thrown [s\open\src\hotspot\share\interpreter\linkResolver.cpp, line 759]
Event: 56.317 Thread 0x00000269f95d7570 Exception <a 'java/lang/NoSuchMethodError'{0x00000000879a3ae0}: 'java.lang.Object java.lang.invoke.DirectMethodHandle$Holder.invokeStaticInit(java.lang.Object, java.lang.Object, java.lang.Object, java.lang.Object)'> (0x00000000879a3ae0) 
thrown [s\open\src\hotspot\share\interpreter\linkResolver.cpp, line 759]
Event: 56.319 Thread 0x00000269f95d7570 Exception <a 'java/lang/IncompatibleClassChangeError'{0x00000000879ce148}: Found class java.lang.Object, but interface was expected> (0x00000000879ce148) 
thrown [s\open\src\hotspot\share\interpreter\linkResolver.cpp, line 826]
Event: 56.320 Thread 0x00000269f95d7570 Exception <a 'java/lang/IncompatibleClassChangeError'{0x00000000879e92d8}: Found class java.lang.Object, but interface was expected> (0x00000000879e92d8) 
thrown [s\open\src\hotspot\share\interpreter\linkResolver.cpp, line 826]
Event: 57.179 Thread 0x00000269f95d7570 Exception <a 'java/lang/IncompatibleClassChangeError'{0x0000000089535090}: Found class java.lang.Object, but interface was expected> (0x0000000089535090) 
thrown [s\open\src\hotspot\share\interpreter\linkResolver.cpp, line 826]
Event: 57.711 Thread 0x00000269f95d7570 Exception <a 'java/lang/NoSuchMethodError'{0x000000008951cd58}: 'java.lang.Object java.lang.invoke.DirectMethodHandle$Holder.invokeStatic(java.lang.Object, java.lang.Object, int, java.lang.Object)'> (0x000000008951cd58) 
thrown [s\open\src\hotspot\share\interpreter\linkResolver.cpp, line 759]
Event: 57.713 Thread 0x00000269f95d7570 Exception <a 'java/lang/NoSuchMethodError'{0x0000000089523dd0}: 'java.lang.Object java.lang.invoke.DirectMethodHandle$Holder.newInvokeSpecial(java.lang.Object, java.lang.Object, int)'> (0x0000000089523dd0) 
thrown [s\open\src\hotspot\share\interpreter\linkResolver.cpp, line 759]
Event: 58.747 Thread 0x00000269f95d7570 Exception <a 'java/lang/NoSuchMethodError'{0x000000008734a980}: 'long java.lang.invoke.DirectMethodHandle$Holder.invokeVirtual(java.lang.Object, java.lang.Object)'> (0x000000008734a980) 
thrown [s\open\src\hotspot\share\interpreter\linkResolver.cpp, line 759]
Event: 58.785 Thread 0x00000269f95d7570 Exception <a 'java/io/FileNotFoundException'{0x00000000873c3230}> (0x00000000873c3230) 
thrown [s\open\src\hotspot\share\prims\jni.cpp, line 516]
Event: 59.647 Thread 0x00000269f95d7570 Exception <a 'sun/nio/fs/WindowsException'{0x0000000085e0c658}> (0x0000000085e0c658) 
thrown [s\open\src\hotspot\share\prims\jni.cpp, line 516]

VM Operations (20 events):
Event: 59.794 Executing VM operation: Cleanup
Event: 60.009 Executing VM operation: Cleanup done
Event: 60.421 Executing VM operation: G1CollectForAllocation
Event: 60.427 Executing VM operation: G1CollectForAllocation done
Event: 60.457 Executing VM operation: G1CollectForAllocation
Event: 60.464 Executing VM operation: G1CollectForAllocation done
Event: 61.464 Executing VM operation: Cleanup
Event: 61.464 Executing VM operation: Cleanup done
Event: 63.473 Executing VM operation: Cleanup
Event: 63.473 Executing VM operation: Cleanup done
Event: 65.473 Executing VM operation: Cleanup
Event: 65.473 Executing VM operation: Cleanup done
Event: 65.502 Executing VM operation: G1CollectForAllocation
Event: 65.506 Executing VM operation: G1CollectForAllocation done
Event: 67.519 Executing VM operation: Cleanup
Event: 67.535 Executing VM operation: Cleanup done
Event: 68.010 Executing VM operation: G1CollectForAllocation
Event: 68.016 Executing VM operation: G1CollectForAllocation done
Event: 68.137 Executing VM operation: G1Concurrent
Event: 68.156 Executing VM operation: G1Concurrent done

Events (20 events):
Event: 67.658 loading class java/net/SocksSocketImpl done
Event: 67.659 loading class java/net/SocksSocketImpl$3
Event: 67.660 loading class java/net/SocksSocketImpl$3 done
Event: 68.039 loading class java/nio/charset/Charset$ExtendedProviderHolder
Event: 68.039 loading class java/nio/charset/Charset$ExtendedProviderHolder done
Event: 68.039 loading class java/nio/charset/Charset$ExtendedProviderHolder$1
Event: 68.039 loading class java/nio/charset/Charset$ExtendedProviderHolder$1 done
Event: 68.158 loading class sun/nio/cs/DoubleByte$Decoder
Event: 68.158 loading class sun/nio/cs/DelegatableDecoder
Event: 68.158 loading class sun/nio/cs/DelegatableDecoder done
Event: 68.158 loading class sun/nio/cs/DoubleByte$Decoder done
Event: 68.158 loading class sun/nio/cs/DoubleByte$Encoder
Event: 68.159 loading class sun/nio/cs/DoubleByte$Encoder done
Event: 68.160 loading class sun/nio/cs/GBK
Event: 68.160 loading class sun/nio/cs/GBK done
Event: 68.160 loading class sun/nio/cs/SJIS
Event: 68.160 loading class sun/nio/cs/SJIS done
Event: 68.161 loading class sun/nio/cs/MS932
Event: 68.161 loading class sun/nio/cs/MS932 done
Event: 68.164 loading class sun/nio/cs/GB18030


Dynamic libraries:
0x00007ff760570000 - 0x00007ff760580000 	C:\Program Files\Java\jdk-17\bin\javaw.exe
0x00007ff9aefb0000 - 0x00007ff9af1a8000 	C:\Windows\SYSTEM32\ntdll.dll
0x00007ff9ae1d0000 - 0x00007ff9ae28d000 	C:\Windows\System32\KERNEL32.DLL
0x00007ff9acbc0000 - 0x00007ff9aceb6000 	C:\Windows\System32\KERNELBASE.dll
0x00007ff9ac660000 - 0x00007ff9ac760000 	C:\Windows\System32\ucrtbase.dll
0x00007ff9a7fe0000 - 0x00007ff9a7ff9000 	C:\Program Files\Java\jdk-17\bin\jli.dll
0x00007ff9ad840000 - 0x00007ff9ad8f0000 	C:\Windows\System32\ADVAPI32.dll
0x00007ff9ad170000 - 0x00007ff9ad20e000 	C:\Windows\System32\msvcrt.dll
0x00007ff9ad420000 - 0x00007ff9ad4c0000 	C:\Windows\System32\sechost.dll
0x00007ff9ae0a0000 - 0x00007ff9ae1c3000 	C:\Windows\System32\RPCRT4.dll
0x00007ff9ac7b0000 - 0x00007ff9ac7d7000 	C:\Windows\System32\bcrypt.dll
0x00007ff9ad220000 - 0x00007ff9ad3bf000 	C:\Windows\System32\USER32.dll
0x00007ff9ac7e0000 - 0x00007ff9ac802000 	C:\Windows\System32\win32u.dll
0x00007ff9ae070000 - 0x00007ff9ae09b000 	C:\Windows\System32\GDI32.dll
0x00007ff9acec0000 - 0x00007ff9acfd7000 	C:\Windows\System32\gdi32full.dll
0x00007ff9ac810000 - 0x00007ff9ac8ad000 	C:\Windows\System32\msvcp_win.dll
0x00007ff99a7d0000 - 0x00007ff99a7eb000 	C:\Program Files\Java\jdk-17\bin\VCRUNTIME140.dll
0x00007ff998e00000 - 0x00007ff99909a000 	C:\Windows\WinSxS\amd64_microsoft.windows.common-controls_6595b64144ccf1df_6.0.19041.3636_none_60b6a03d71f818d5\COMCTL32.dll
0x00007ff9a0520000 - 0x00007ff9a052a000 	C:\Windows\SYSTEM32\VERSION.dll
0x00007ff9ad9a0000 - 0x00007ff9ad9d2000 	C:\Windows\System32\IMM32.DLL
0x00007ff9a8040000 - 0x00007ff9a804c000 	C:\Program Files\Java\jdk-17\bin\vcruntime140_1.dll
0x00007ff995e10000 - 0x00007ff995e9e000 	C:\Program Files\Java\jdk-17\bin\msvcp140.dll
0x00007ff944260000 - 0x00007ff944e41000 	C:\Program Files\Java\jdk-17\bin\server\jvm.dll
0x00007ff9aed30000 - 0x00007ff9aed38000 	C:\Windows\System32\PSAPI.DLL
0x00007ff9a7fd0000 - 0x00007ff9a7fd9000 	C:\Windows\SYSTEM32\WSOCK32.dll
0x00007ff9a5890000 - 0x00007ff9a58b7000 	C:\Windows\SYSTEM32\WINMM.dll
0x00007ff9ae000000 - 0x00007ff9ae06b000 	C:\Windows\System32\WS2_32.dll
0x00007ff9aa4b0000 - 0x00007ff9aa4c2000 	C:\Windows\SYSTEM32\kernel.appcore.dll
0x00007ff9a5420000 - 0x00007ff9a542a000 	C:\Program Files\Java\jdk-17\bin\jimage.dll
0x00007ff99bde0000 - 0x00007ff99bfc4000 	C:\Windows\SYSTEM32\DBGHELP.DLL
0x00007ff996920000 - 0x00007ff996954000 	C:\Windows\SYSTEM32\dbgcore.DLL
0x00007ff9ac920000 - 0x00007ff9ac9a2000 	C:\Windows\System32\bcryptPrimitives.dll
0x00007ff997920000 - 0x00007ff99795b000 	C:\Program Files\Java\jdk-17\bin\jdwp.dll
0x00007ff99f1e0000 - 0x00007ff99f1ee000 	C:\Program Files\Java\jdk-17\bin\instrument.dll
0x00007ff9987c0000 - 0x00007ff9987e5000 	C:\Program Files\Java\jdk-17\bin\java.dll
0x00007ff995bc0000 - 0x00007ff995c97000 	C:\Program Files\Java\jdk-17\bin\jsvml.dll
0x00007ff9ae2f0000 - 0x00007ff9aea5b000 	C:\Windows\System32\SHELL32.dll
0x00007ff9aa6b0000 - 0x00007ff9aae4e000 	C:\Windows\SYSTEM32\windows.storage.dll
0x00007ff9ad4e0000 - 0x00007ff9ad833000 	C:\Windows\System32\combase.dll
0x00007ff9abee0000 - 0x00007ff9abf0e000 	C:\Windows\SYSTEM32\Wldp.dll
0x00007ff9adac0000 - 0x00007ff9adb8d000 	C:\Windows\System32\OLEAUT32.dll
0x00007ff9aed40000 - 0x00007ff9aeded000 	C:\Windows\System32\SHCORE.dll
0x00007ff9ad110000 - 0x00007ff9ad165000 	C:\Windows\System32\shlwapi.dll
0x00007ff9ac590000 - 0x00007ff9ac5b3000 	C:\Windows\SYSTEM32\profapi.dll
0x00007ff9a56f0000 - 0x00007ff9a56fc000 	C:\Program Files\Java\jdk-17\bin\dt_socket.dll
0x00007ff9ab9c0000 - 0x00007ff9ab9fb000 	C:\Windows\SYSTEM32\IPHLPAPI.DLL
0x00007ff9abcc0000 - 0x00007ff9abd2a000 	C:\Windows\system32\mswsock.dll
0x00007ff9aba00000 - 0x00007ff9abacb000 	C:\Windows\SYSTEM32\DNSAPI.dll
0x00007ff9aea60000 - 0x00007ff9aea68000 	C:\Windows\System32\NSI.dll
0x00007ff9a3f40000 - 0x00007ff9a3f4a000 	C:\Windows\System32\rasadhlp.dll
0x00007ff9a3cd0000 - 0x00007ff9a3d50000 	C:\Windows\System32\fwpuclnt.dll
0x00007ff9975c0000 - 0x00007ff9975d8000 	C:\Program Files\Java\jdk-17\bin\zip.dll
0x00007ff997320000 - 0x00007ff997339000 	C:\Program Files\Java\jdk-17\bin\net.dll
0x00007ff9a5da0000 - 0x00007ff9a5eaa000 	C:\Windows\SYSTEM32\WINHTTP.dll
0x00007ff996300000 - 0x00007ff996316000 	C:\Program Files\Java\jdk-17\bin\nio.dll
0x00007ff99a6c0000 - 0x00007ff99a6ca000 	C:\Program Files\Java\jdk-17\bin\management.dll
0x00007ff998790000 - 0x00007ff99879b000 	C:\Program Files\Java\jdk-17\bin\management_ext.dll
0x00007ff95d830000 - 0x00007ff95d847000 	C:\Windows\system32\napinsp.dll
0x00007ff95d850000 - 0x00007ff95d86b000 	C:\Windows\system32\pnrpnsp.dll
0x00007ff990890000 - 0x00007ff9908a5000 	C:\Windows\system32\wshbth.dll
0x00007ff9a7fb0000 - 0x00007ff9a7fcd000 	C:\Windows\system32\NLAapi.dll
0x00007ff95d870000 - 0x00007ff95d882000 	C:\Windows\System32\winrnr.dll
0x00007ff9ac2a0000 - 0x00007ff9ac2b8000 	C:\Windows\SYSTEM32\CRYPTSP.dll
0x00007ff9ab600000 - 0x00007ff9ab634000 	C:\Windows\system32\rsaenh.dll
0x00007ff9ac550000 - 0x00007ff9ac57e000 	C:\Windows\SYSTEM32\USERENV.dll
0x00007ff9abe50000 - 0x00007ff9abe5c000 	C:\Windows\SYSTEM32\CRYPTBASE.dll
0x00007ff9a66f0000 - 0x00007ff9a6707000 	C:\Windows\SYSTEM32\dhcpcsvc6.DLL
0x00007ff9a67c0000 - 0x00007ff9a67dd000 	C:\Windows\SYSTEM32\dhcpcsvc.DLL
0x00007ff99a7c0000 - 0x00007ff99a7d0000 	C:\Program Files\Java\jdk-17\bin\verify.dll
0x00007ff99a710000 - 0x00007ff99a71e000 	C:\Program Files\Java\jdk-17\bin\sunmscapi.dll
0x00007ff9ac9b0000 - 0x00007ff9acb0e000 	C:\Windows\System32\CRYPT32.dll
0x00007ff9abf50000 - 0x00007ff9abf78000 	C:\Windows\SYSTEM32\ncrypt.dll
0x00007ff9abf10000 - 0x00007ff9abf4b000 	C:\Windows\SYSTEM32\NTASN1.dll

dbghelp: loaded successfully - version: 4.0.5 - missing functions: none
symbol engine: initialized successfully - sym options: 0x614 - pdb path: .;C:\Program Files\Java\jdk-17\bin;C:\Windows\SYSTEM32;C:\Windows\WinSxS\amd64_microsoft.windows.common-controls_6595b64144ccf1df_6.0.19041.3636_none_60b6a03d71f818d5;C:\Program Files\Java\jdk-17\bin\server

VM Arguments:
jvm_args: -XX:+ShowCodeDetailsInExceptionMessages -agentlib:jdwp=transport=dt_socket,suspend=y,address=localhost:59784 -Dcom.sun.management.jmxremote -Dcom.sun.management.jmxremote.port=58610 -Dcom.sun.management.jmxremote.authenticate=false -Dcom.sun.management.jmxremote.ssl=false -Djava.rmi.server.hostname=localhost -Dspring.jmx.enabled=true -Dmanagement.endpoints.jmx.exposure.include=* -Dspring.application.admin.enabled=true -XX:TieredStopAtLevel=1 -Dspring.boot.project.name=phongchieu-service -javaagent:C:\Users\anh12\eclipse\jee-2023-12\eclipse\configuration\org.eclipse.osgi\434\0\.cp\lib\javaagent-shaded.jar -Dfile.encoding=UTF-8 -Dstdout.encoding=UTF-8 -Dstderr.encoding=UTF-8 
java_command: com.jpn2018.phongchieuservice.PhongchieuServiceApplication --spring.output.ansi.enabled=always
java_class_path (initial): D:\ptpmthdv\ms\phongchieu-service\target\classes;C:\Users\anh12\.m2\repository\org\springframework\boot\spring-boot-starter-actuator\3.2.4\spring-boot-starter-actuator-3.2.4.jar;C:\Users\anh12\.m2\repository\org\springframework\boot\spring-boot-starter\3.2.4\spring-boot-starter-3.2.4.jar;C:\Users\anh12\.m2\repository\org\springframework\boot\spring-boot-starter-logging\3.2.4\spring-boot-starter-logging-3.2.4.jar;C:\Users\anh12\.m2\repository\ch\qos\logback\logback-classic\1.4.14\logback-classic-1.4.14.jar;C:\Users\anh12\.m2\repository\ch\qos\logback\logback-core\1.4.14\logback-core-1.4.14.jar;C:\Users\anh12\.m2\repository\org\apache\logging\log4j\log4j-to-slf4j\2.21.1\log4j-to-slf4j-2.21.1.jar;C:\Users\anh12\.m2\repository\org\apache\logging\log4j\log4j-api\2.21.1\log4j-api-2.21.1.jar;C:\Users\anh12\.m2\repository\org\slf4j\jul-to-slf4j\2.0.12\jul-to-slf4j-2.0.12.jar;C:\Users\anh12\.m2\repository\jakarta\annotation\jakarta.annotation-api\2.1.1\jakarta.annotation-api-2.1.1.jar;C:\Users\anh12\.m2\repository\org\yaml\snakeyaml\2.2\snakeyaml-2.2.jar;C:\Users\anh12\.m2\repository\org\springframework\boot\spring-boot-actuator-autoconfigure\3.2.4\spring-boot-actuator-autoconfigure-3.2.4.jar;C:\Users\anh12\.m2\repository\org\springframework\boot\spring-boot-actuator\3.2.4\spring-boot-actuator-3.2.4.jar;C:\Users\anh12\.m2\repository\com\fasterxml\jackson\datatype\jackson-datatype-jsr310\2.15.4\jackson-datatype-jsr310-2.15.4.jar;C:\Users\anh12\.m2\repository\io\micrometer\micrometer-observation\1.12.4\micrometer-observation-1.12.4.jar;C:\Users\anh12\.m2\repository\io\micrometer\micrometer-commons\1.12.4\micrometer-commons-1.12.4.jar;C:\Users\anh12\.m2\repository\io\micrometer\micrometer-jakarta9\1.12.4\micrometer-jakarta9-1.12.4.jar;C:\Users\anh12\.m2\repository\io\micrometer\micrometer-core\1.12.4\micrometer-core-1.12.4.jar;C:\Users\anh12\.m2\repository\org\hdrhistogram\HdrHistogram\2.1.12\HdrHistogram-2.1.12.jar;C:\Users\anh12\.m2\repository\org
Launcher Type: SUN_STANDARD

[Global flags]
     intx CICompilerCount                          = 3                                         {product} {ergonomic}
     uint ConcGCThreads                            = 1                                         {product} {ergonomic}
     uint G1ConcRefinementThreads                  = 4                                         {product} {ergonomic}
   size_t G1HeapRegionSize                         = 1048576                                   {product} {ergonomic}
    uintx GCDrainStackTargetSize                   = 64                                        {product} {ergonomic}
   size_t InitialHeapSize                          = 134217728                                 {product} {ergonomic}
     bool ManagementServer                         = true                                      {product} {command line}
   size_t MarkStackSize                            = 4194304                                   {product} {ergonomic}
   size_t MaxHeapSize                              = 2124414976                                {product} {ergonomic}
   size_t MaxNewSize                               = 1274019840                                {product} {ergonomic}
   size_t MinHeapDeltaBytes                        = 1048576                                   {product} {ergonomic}
   size_t MinHeapSize                              = 8388608                                   {product} {ergonomic}
    uintx NonProfiledCodeHeapSize                  = 0                                      {pd product} {ergonomic}
     bool ProfileInterpreter                       = false                                  {pd product} {command line}
    uintx ProfiledCodeHeapSize                     = 0                                      {pd product} {ergonomic}
     bool ShowCodeDetailsInExceptionMessages       = true                                   {manageable} {command line}
   size_t SoftMaxHeapSize                          = 2124414976                             {manageable} {ergonomic}
     intx TieredStopAtLevel                        = 1                                         {product} {command line}
     bool UseCompressedClassPointers               = true                           {product lp64_product} {ergonomic}
     bool UseCompressedOops                        = true                           {product lp64_product} {ergonomic}
     bool UseG1GC                                  = true                                      {product} {ergonomic}
     bool UseLargePagesIndividualAllocation        = false                                  {pd product} {ergonomic}

Logging:
Log output configuration:
 #0: stdout all=warning uptime,level,tags
 #1: stderr all=off uptime,level,tags

Environment Variables:
JAVA_HOME=C:\Program Files\Java\jdk-17
PATH=C:\Python312\Scripts\;C:\Python312\;C:\Program Files\Common Files\Oracle\Java\javapath;C:\Windows\system32;C:\Windows;C:\Windows\System32\Wbem;C:\Windows\System32\WindowsPowerShell\v1.0\;C:\Windows\System32\OpenSSH\;D:\tool\git\Git\cmd;C:\Program Files\nodejs\;C:\ProgramData\chocolatey\bin;D:\tool\maven\apache-maven-3.8.8\bin;D:\tool\maven\apache-maven-3.8.8\bin;D:\android-sdk\platform-tools;;C:\Program Files\Docker\Docker\resources\bin;C:\Users\anh12\AppData\Local\Microsoft\WindowsApps;D:\tool\vsc\Microsoft VS Code\bin;C:\Users\anh12\AppData\Roaming\npm;D:\tool\maven\apache-maven-3.8.8\bin;C:\Users\anh12\AppData\Local\Android\sdk\platform-tools;D:\android-sdk\platform-tools;
USERNAME=anh12
OS=Windows_NT
PROCESSOR_IDENTIFIER=Intel64 Family 6 Model 69 Stepping 1, GenuineIntel



---------------  S Y S T E M  ---------------

OS:
 Windows 10 , 64 bit Build 19041 (10.0.19041.3636)
OS uptime: 0 days 5:40 hours
Hyper-V role detected

CPU: total 4 (initial active 4) (2 cores per cpu, 2 threads per core) family 6 model 69 stepping 1 microcode 0x25, cx8, cmov, fxsr, ht, mmx, sse, sse2, sse3, ssse3, sse4.1, sse4.2, popcnt, lzcnt, tsc, tscinvbit, avx, avx2, aes, erms, clmul, bmi1, bmi2, fma, vzeroupper, clflush, hv

Memory: 4k page, system-wide physical 8097M (247M free)
TotalPageFile size 14031M (AvailPageFile size 0M)
current process WorkingSet (physical memory assigned to process): 222M, peak: 222M
current process commit charge ("private bytes"): 264M, peak: 264M

vm_info: Java HotSpot(TM) 64-Bit Server VM (17.0.9+11-LTS-201) for windows-amd64 JRE (17.0.9+11-LTS-201), built on Oct 10 2023 23:16:06 by "mach5one" with MS VC++ 17.1 (VS2022)

END.
