#
# There is insufficient memory for the Java Runtime Environment to continue.
# Native memory allocation (mmap) failed to map 65536 bytes for Failed to commit metaspace.
# Possible reasons:
#   The system is out of physical RAM or swap space
#   The process is running with CompressedOops enabled, and the Java Heap may be blocking the growth of the native heap
# Possible solutions:
#   Reduce memory load on the system
#   Increase physical memory or swap space
#   Check if swap backing store is full
#   Decrease Java heap size (-Xmx/-Xms)
#   Decrease number of Java threads
#   Decrease Java thread stack sizes (-Xss)
#   Set larger code cache with -XX:ReservedCodeCacheSize=
#   JVM is running with Unscaled Compressed Oops mode in which the Java heap is
#     placed in the first 4GB address space. The Java Heap base address is the
#     maximum limit for the native heap growth. Please use -XX:HeapBaseMinAddress
#     to set the Java Heap base and to place the Java Heap above 4GB virtual address.
# This output file may be truncated or incomplete.
#
#  Out of Memory Error (virtualSpaceNode.cpp:110), pid=14520, tid=15216
#
# JRE version: Java(TM) SE Runtime Environment (17.0.9+11) (build 17.0.9+11-LTS-201)
# Java VM: Java HotSpot(TM) 64-Bit Server VM (17.0.9+11-LTS-201, mixed mode, emulated-client, sharing, tiered, compressed oops, compressed class ptrs, g1 gc, windows-amd64)
# No core dump will be written. Minidumps are not enabled by default on client versions of Windows
#

---------------  S U M M A R Y ------------

Command Line: -XX:+ShowCodeDetailsInExceptionMessages -agentlib:jdwp=transport=dt_socket,suspend=y,address=localhost:59782 -Dcom.sun.management.jmxremote -Dcom.sun.management.jmxremote.port=58614 -Dcom.sun.management.jmxremote.authenticate=false -Dcom.sun.management.jmxremote.ssl=false -Djava.rmi.server.hostname=localhost -Dspring.jmx.enabled=true -Dmanagement.endpoints.jmx.exposure.include=* -Dspring.application.admin.enabled=true -XX:TieredStopAtLevel=1 -Dspring.boot.project.name=rap-service -javaagent:C:\Users\anh12\eclipse\jee-2023-12\eclipse\configuration\org.eclipse.osgi\434\0\.cp\lib\javaagent-shaded.jar -Dfile.encoding=UTF-8 -Dstdout.encoding=UTF-8 -Dstderr.encoding=UTF-8 com.jpn2018.rapservice.RapServiceApplication --spring.output.ansi.enabled=always

Host: Intel(R) Core(TM) i5-4300U CPU @ 1.90GHz, 4 cores, 7G,  Windows 10 , 64 bit Build 19041 (10.0.19041.3636)
Time: Mon May 13 20:23:02 2024 SE Asia Standard Time elapsed time: 70.048020 seconds (0d 0h 1m 10s)

---------------  T H R E A D  ---------------

Current thread (0x0000019c7e958900):  JavaThread "restartedMain" [_thread_in_vm, id=15216, stack(0x0000007676100000,0x0000007676200000)]

Stack: [0x0000007676100000,0x0000007676200000]
Native frames: (J=compiled Java code, j=interpreted, Vv=VM code, C=native code)
V  [jvm.dll+0x678a4a]
V  [jvm.dll+0x7d9cfd]
V  [jvm.dll+0x7db60e]
V  [jvm.dll+0x7dbc73]
V  [jvm.dll+0x245e1f]
V  [jvm.dll+0x7d5a0b]
V  [jvm.dll+0x61ebc6]
V  [jvm.dll+0x1c01f7]
V  [jvm.dll+0x621530]
V  [jvm.dll+0x61f586]
V  [jvm.dll+0x23a45f]
V  [jvm.dll+0x629325]
V  [jvm.dll+0x1e9c7d]
V  [jvm.dll+0x1ea245]
V  [jvm.dll+0x1eab8b]
V  [jvm.dll+0x1e0391]
V  [jvm.dll+0x53eaec]
V  [jvm.dll+0x754538]
V  [jvm.dll+0x754624]
V  [jvm.dll+0x40c73f]
V  [jvm.dll+0x412759]
C  [java.dll+0x17ec]

Java frames: (J=compiled Java code, j=interpreted, Vv=VM code)
J 1417  java.lang.ClassLoader.defineClass1(Ljava/lang/ClassLoader;Ljava/lang/String;[BIILjava/security/ProtectionDomain;Ljava/lang/String;)Ljava/lang/Class; java.base@17.0.9 (0 bytes) @ 0x0000019c32f09be3 [0x0000019c32f09b20+0x00000000000000c3]
J 1534 c1 java.lang.ClassLoader.defineClass(Ljava/lang/String;[BIILjava/security/ProtectionDomain;)Ljava/lang/Class; java.base@17.0.9 (43 bytes) @ 0x0000019c32f41e14 [0x0000019c32f41ce0+0x0000000000000134]
J 1438 c1 jdk.internal.loader.BuiltinClassLoader.defineClass(Ljava/lang/String;Ljdk/internal/loader/Resource;)Ljava/lang/Class; java.base@17.0.9 (121 bytes) @ 0x0000019c32f1649c [0x0000019c32f15fa0+0x00000000000004fc]
J 1522 c1 jdk.internal.loader.BuiltinClassLoader.findClassOnClassPathOrNull(Ljava/lang/String;)Ljava/lang/Class; java.base@17.0.9 (64 bytes) @ 0x0000019c32f3c394 [0x0000019c32f3c0a0+0x00000000000002f4]
J 1211 c1 jdk.internal.loader.BuiltinClassLoader.loadClassOrNull(Ljava/lang/String;Z)Ljava/lang/Class; java.base@17.0.9 (143 bytes) @ 0x0000019c32e0edb4 [0x0000019c32e0e900+0x00000000000004b4]
J 1357 c1 jdk.internal.loader.ClassLoaders$AppClassLoader.loadClass(Ljava/lang/String;Z)Ljava/lang/Class; java.base@17.0.9 (40 bytes) @ 0x0000019c32eef9b4 [0x0000019c32eef880+0x0000000000000134]
J 1334 c1 java.lang.ClassLoader.loadClass(Ljava/lang/String;)Ljava/lang/Class; java.base@17.0.9 (7 bytes) @ 0x0000019c32ee0c7c [0x0000019c32ee0c20+0x000000000000005c]
v  ~StubRoutines::call_stub
j  com.mysql.cj.protocol.a.NativeProtocol.beforeHandshake()V+28
j  com.mysql.cj.protocol.a.NativeProtocol.connect(Ljava/lang/String;Ljava/lang/String;Ljava/lang/String;)V+1
j  com.mysql.cj.NativeSession.connect(Lcom/mysql/cj/conf/HostInfo;Ljava/lang/String;Ljava/lang/String;Ljava/lang/String;ILcom/mysql/cj/TransactionEventHandler;)V+110
j  com.mysql.cj.jdbc.ConnectionImpl.connectOneTryOnly(Z)V+32
j  com.mysql.cj.jdbc.ConnectionImpl.createNewIO(Z)V+27
j  com.mysql.cj.jdbc.ConnectionImpl.<init>(Lcom/mysql/cj/conf/HostInfo;)V+753
j  com.mysql.cj.jdbc.ConnectionImpl.getInstance(Lcom/mysql/cj/conf/HostInfo;)Lcom/mysql/cj/jdbc/JdbcConnection;+5
j  com.mysql.cj.jdbc.NonRegisteringDriver.connect(Ljava/lang/String;Ljava/util/Properties;)Ljava/sql/Connection;+72
j  com.zaxxer.hikari.util.DriverDataSource.getConnection(Ljava/lang/String;Ljava/lang/String;)Ljava/sql/Connection;+61
j  com.zaxxer.hikari.pool.PoolBase.newConnection()Ljava/sql/Connection;+49
j  com.zaxxer.hikari.pool.PoolBase.newPoolEntry()Lcom/zaxxer/hikari/pool/PoolEntry;+5
j  com.zaxxer.hikari.pool.HikariPool.createPoolEntry()Lcom/zaxxer/hikari/pool/PoolEntry;+1
j  com.zaxxer.hikari.pool.HikariPool.checkFailFast()V+20
j  com.zaxxer.hikari.pool.HikariPool.<init>(Lcom/zaxxer/hikari/HikariConfig;)V+138
j  com.zaxxer.hikari.HikariDataSource.getConnection()Ljava/sql/Connection;+82
j  org.hibernate.engine.jdbc.connections.internal.DatasourceConnectionProviderImpl.getConnection()Ljava/sql/Connection;+48
j  org.hibernate.engine.jdbc.env.internal.JdbcEnvironmentInitiator$ConnectionProviderJdbcConnectionAccess.obtainConnection()Ljava/sql/Connection;+4
j  org.hibernate.resource.transaction.backend.jdbc.internal.JdbcIsolationDelegate.delegateWork(Lorg/hibernate/jdbc/WorkExecutorVisitable;Z)Ljava/lang/Object;+6
j  org.hibernate.engine.jdbc.env.internal.JdbcEnvironmentInitiator.getJdbcEnvironmentUsingJdbcMetadata(Ljava/util/Map;Lorg/hibernate/service/spi/ServiceRegistryImplementor;Lorg/hibernate/engine/jdbc/dialect/spi/DialectFactory;Ljava/lang/String;Ljava/lang/Integer;Ljava/lang/Integer;Ljava/lang/String;)Lorg/hibernate/engine/jdbc/env/internal/JdbcEnvironmentImpl;+101
j  org.hibernate.engine.jdbc.env.internal.JdbcEnvironmentInitiator.initiateService(Ljava/util/Map;Lorg/hibernate/service/spi/ServiceRegistryImplementor;)Lorg/hibernate/engine/jdbc/env/spi/JdbcEnvironment;+123
j  org.hibernate.engine.jdbc.env.internal.JdbcEnvironmentInitiator.initiateService(Ljava/util/Map;Lorg/hibernate/service/spi/ServiceRegistryImplementor;)Lorg/hibernate/service/Service;+3
j  org.hibernate.boot.registry.internal.StandardServiceRegistryImpl.initiateService(Lorg/hibernate/service/spi/ServiceInitiator;)Lorg/hibernate/service/Service;+9
j  org.hibernate.service.internal.AbstractServiceRegistryImpl.createService(Lorg/hibernate/service/spi/ServiceBinding;)Lorg/hibernate/service/Service;+26
j  org.hibernate.service.internal.AbstractServiceRegistryImpl.initializeService(Lorg/hibernate/service/spi/ServiceBinding;)Lorg/hibernate/service/Service;+30
j  org.hibernate.service.internal.AbstractServiceRegistryImpl.getService(Ljava/lang/Class;)Lorg/hibernate/service/Service;+112
j  org.hibernate.boot.model.relational.Database.<init>(Lorg/hibernate/boot/spi/MetadataBuildingOptions;)V+10
j  org.hibernate.boot.internal.InFlightMetadataCollectorImpl.getDatabase()Lorg/hibernate/boot/model/relational/Database;+16
j  org.hibernate.boot.internal.InFlightMetadataCollectorImpl.<init>(Lorg/hibernate/boot/spi/BootstrapContext;Lorg/hibernate/boot/spi/MetadataBuildingOptions;)V+390
j  org.hibernate.boot.model.process.spi.MetadataBuildingProcess.complete(Lorg/hibernate/boot/model/process/spi/ManagedResources;Lorg/hibernate/boot/spi/BootstrapContext;Lorg/hibernate/boot/spi/MetadataBuildingOptions;)Lorg/hibernate/boot/spi/MetadataImplementor;+6
j  org.hibernate.jpa.boot.internal.EntityManagerFactoryBuilderImpl.metadata()Lorg/hibernate/boot/spi/MetadataImplementor;+30
j  org.hibernate.jpa.boot.internal.EntityManagerFactoryBuilderImpl.build()Ljakarta/persistence/EntityManagerFactory;+3
j  org.springframework.orm.jpa.vendor.SpringHibernateJpaPersistenceProvider.createContainerEntityManagerFactory(Ljakarta/persistence/spi/PersistenceUnitInfo;Ljava/util/Map;)Ljakarta/persistence/EntityManagerFactory;+59
j  org.springframework.orm.jpa.LocalContainerEntityManagerFactoryBean.createNativeEntityManagerFactory()Ljakarta/persistence/EntityManagerFactory;+111
j  org.springframework.orm.jpa.AbstractEntityManagerFactoryBean.buildNativeEntityManagerFactory()Ljakarta/persistence/EntityManagerFactory;+1
j  org.springframework.orm.jpa.AbstractEntityManagerFactoryBean.afterPropertiesSet()V+192
j  org.springframework.orm.jpa.LocalContainerEntityManagerFactoryBean.afterPropertiesSet()V+84
j  org.springframework.beans.factory.support.AbstractAutowireCapableBeanFactory.invokeInitMethods(Ljava/lang/String;Ljava/lang/Object;Lorg/springframework/beans/factory/support/RootBeanDefinition;)V+56
j  org.springframework.beans.factory.support.AbstractAutowireCapableBeanFactory.initializeBean(Ljava/lang/String;Ljava/lang/Object;Lorg/springframework/beans/factory/support/RootBeanDefinition;)Ljava/lang/Object;+34
j  org.springframework.beans.factory.support.AbstractAutowireCapableBeanFactory.doCreateBean(Ljava/lang/String;Lorg/springframework/beans/factory/support/RootBeanDefinition;[Ljava/lang/Object;)Ljava/lang/Object;+228
j  org.springframework.beans.factory.support.AbstractAutowireCapableBeanFactory.createBean(Ljava/lang/String;Lorg/springframework/beans/factory/support/RootBeanDefinition;[Ljava/lang/Object;)Ljava/lang/Object;+153
j  org.springframework.beans.factory.support.AbstractBeanFactory.lambda$doGetBean$0(Ljava/lang/String;Lorg/springframework/beans/factory/support/RootBeanDefinition;[Ljava/lang/Object;)Ljava/lang/Object;+4
j  org.springframework.beans.factory.support.AbstractBeanFactory$$Lambda$490+0x0000019c3e30bed0.getObject()Ljava/lang/Object;+16
j  org.springframework.beans.factory.support.DefaultSingletonBeanRegistry.getSingleton(Ljava/lang/String;Lorg/springframework/beans/factory/ObjectFactory;)Ljava/lang/Object;+114
J 3656 c1 org.springframework.beans.factory.support.AbstractBeanFactory.doGetBean(Ljava/lang/String;Ljava/lang/Class;[Ljava/lang/Object;Z)Ljava/lang/Object; (740 bytes) @ 0x0000019c3341116c [0x0000019c33410b40+0x000000000000062c]
j  org.springframework.beans.factory.support.AbstractBeanFactory.getBean(Ljava/lang/String;)Ljava/lang/Object;+5
j  org.springframework.context.support.AbstractApplicationContext.getBean(Ljava/lang/String;)Ljava/lang/Object;+9
j  org.springframework.context.support.AbstractApplicationContext.finishBeanFactoryInitialization(Lorg/springframework/beans/factory/config/ConfigurableListableBeanFactory;)V+106
j  org.springframework.context.support.AbstractApplicationContext.refresh()V+94
j  org.springframework.boot.web.servlet.context.ServletWebServerApplicationContext.refresh()V+1
j  org.springframework.boot.SpringApplication.refresh(Lorg/springframework/context/ConfigurableApplicationContext;)V+1
j  org.springframework.boot.SpringApplication.refreshContext(Lorg/springframework/context/ConfigurableApplicationContext;)V+16
j  org.springframework.boot.SpringApplication.run([Ljava/lang/String;)Lorg/springframework/context/ConfigurableApplicationContext;+110
j  org.springframework.boot.SpringApplication.run([Ljava/lang/Class;[Ljava/lang/String;)Lorg/springframework/context/ConfigurableApplicationContext;+9
j  org.springframework.boot.SpringApplication.run(Ljava/lang/Class;[Ljava/lang/String;)Lorg/springframework/context/ConfigurableApplicationContext;+9
j  com.jpn2018.rapservice.RapServiceApplication.main([Ljava/lang/String;)V+3
v  ~StubRoutines::call_stub
j  jdk.internal.reflect.NativeMethodAccessorImpl.invoke0(Ljava/lang/reflect/Method;Ljava/lang/Object;[Ljava/lang/Object;)Ljava/lang/Object;+0 java.base@17.0.9
j  jdk.internal.reflect.NativeMethodAccessorImpl.invoke(Ljava/lang/Object;[Ljava/lang/Object;)Ljava/lang/Object;+133 java.base@17.0.9
j  jdk.internal.reflect.DelegatingMethodAccessorImpl.invoke(Ljava/lang/Object;[Ljava/lang/Object;)Ljava/lang/Object;+6 java.base@17.0.9
j  java.lang.reflect.Method.invoke(Ljava/lang/Object;[Ljava/lang/Object;)Ljava/lang/Object;+59 java.base@17.0.9
j  org.springframework.boot.devtools.restart.RestartLauncher.run()V+47
v  ~StubRoutines::call_stub

---------------  P R O C E S S  ---------------

Threads class SMR info:
_java_thread_list=0x0000019c7f94caf0, length=28, elements={
0x0000019c2b3112b0, 0x0000019c3c97ec50, 0x0000019c3c982190, 0x0000019c3c990760,
0x0000019c3c9923a0, 0x0000019c3c994d80, 0x0000019c3c995650, 0x0000019c3c995fd0,
0x0000019c3c9c9bc0, 0x0000019c3ca0e510, 0x0000019c3ccc4340, 0x0000019c3ccc65d0,
0x0000019c3ccc6ac0, 0x0000019c7e794700, 0x0000019c7e87dfe0, 0x0000019c7e876690,
0x0000019c7e88fcc0, 0x0000019c7e93e290, 0x0000019c7e95dae0, 0x0000019c7e918710,
0x0000019c7e9583f0, 0x0000019c7e956fb0, 0x0000019c7e958900, 0x0000019c7e957ee0,
0x0000019c7e959320, 0x0000019c7e956080, 0x0000019c7e956590, 0x0000019c7e956aa0
}

Java Threads: ( => current thread )
  0x0000019c2b3112b0 JavaThread "main" [_thread_blocked, id=14584, stack(0x0000007673f00000,0x0000007674000000)]
  0x0000019c3c97ec50 JavaThread "Reference Handler" daemon [_thread_blocked, id=14740, stack(0x0000007674600000,0x0000007674700000)]
  0x0000019c3c982190 JavaThread "Finalizer" daemon [_thread_blocked, id=14744, stack(0x0000007674700000,0x0000007674800000)]
  0x0000019c3c990760 JavaThread "Signal Dispatcher" daemon [_thread_blocked, id=14760, stack(0x0000007674800000,0x0000007674900000)]
  0x0000019c3c9923a0 JavaThread "Attach Listener" daemon [_thread_blocked, id=14764, stack(0x0000007674900000,0x0000007674a00000)]
  0x0000019c3c994d80 JavaThread "Service Thread" daemon [_thread_blocked, id=14768, stack(0x0000007674a00000,0x0000007674b00000)]
  0x0000019c3c995650 JavaThread "Monitor Deflation Thread" daemon [_thread_blocked, id=14772, stack(0x0000007674b00000,0x0000007674c00000)]
  0x0000019c3c995fd0 JavaThread "C1 CompilerThread0" daemon [_thread_blocked, id=14776, stack(0x0000007674c00000,0x0000007674d00000)]
  0x0000019c3c9c9bc0 JavaThread "Sweeper thread" daemon [_thread_blocked, id=14792, stack(0x0000007674d00000,0x0000007674e00000)]
  0x0000019c3ca0e510 JavaThread "Common-Cleaner" daemon [_thread_blocked, id=14992, stack(0x0000007674e00000,0x0000007674f00000)]
  0x0000019c3ccc4340 JavaThread "JDWP Transport Listener: dt_socket" daemon [_thread_blocked, id=15068, stack(0x0000007675000000,0x0000007675100000)]
  0x0000019c3ccc65d0 JavaThread "JDWP Event Helper Thread" daemon [_thread_blocked, id=15072, stack(0x0000007675100000,0x0000007675200000)]
  0x0000019c3ccc6ac0 JavaThread "JDWP Command Reader" daemon [_thread_in_native, id=15104, stack(0x0000007675200000,0x0000007675300000)]
  0x0000019c7e794700 JavaThread "Notification Thread" daemon [_thread_blocked, id=9028, stack(0x0000007674f00000,0x0000007675000000)]
  0x0000019c7e87dfe0 JavaThread "RMI TCP Accept-0" daemon [_thread_in_native, id=14720, stack(0x0000007675700000,0x0000007675800000)]
  0x0000019c7e876690 JavaThread "RMI TCP Accept-58614" daemon [_thread_in_native, id=9884, stack(0x0000007675800000,0x0000007675900000)]
  0x0000019c7e88fcc0 JavaThread "RMI TCP Connection(idle)" daemon [_thread_blocked, id=5952, stack(0x0000007675900000,0x0000007675a00000)]
  0x0000019c7e93e290 JavaThread "RMI Scheduler(0)" daemon [_thread_blocked, id=14696, stack(0x0000007675a00000,0x0000007675b00000)]
  0x0000019c7e95dae0 JavaThread "RMI TCP Connection(2)-127.0.0.1" daemon [_thread_in_native, id=14832, stack(0x0000007675b00000,0x0000007675c00000)]
  0x0000019c7e918710 JavaThread "JMX server connection timeout 23" daemon [_thread_blocked, id=11376, stack(0x0000007675c00000,0x0000007675d00000)]
  0x0000019c7e9583f0 JavaThread "RMI TCP Accept-0" daemon [_thread_in_native, id=14724, stack(0x0000007675d00000,0x0000007675e00000)]
  0x0000019c7e956fb0 JavaThread "Thread-0" [_thread_blocked, id=32, stack(0x0000007676000000,0x0000007676100000)]
=>0x0000019c7e958900 JavaThread "restartedMain" [_thread_in_vm, id=15216, stack(0x0000007676100000,0x0000007676200000)]
  0x0000019c7e957ee0 JavaThread "Keep-Alive-Timer" daemon [_thread_blocked, id=9988, stack(0x0000007675f00000,0x0000007676000000)]
  0x0000019c7e959320 JavaThread "Catalina-utility-1" [_thread_in_vm, id=12036, stack(0x0000007676400000,0x0000007676500000)]
  0x0000019c7e956080 JavaThread "Catalina-utility-2" [_thread_in_vm, id=2296, stack(0x0000007676700000,0x0000007676800000)]
  0x0000019c7e956590 JavaThread "container-0" [_thread_blocked, id=15344, stack(0x0000007673c00000,0x0000007673d00000)]
  0x0000019c7e956aa0 JavaThread "mysql-cj-abandoned-connection-cleanup" daemon [_thread_blocked, id=10900, stack(0x0000007673d00000,0x0000007673e00000)]

Other Threads:
  0x0000019c3c978990 VMThread "VM Thread" [stack: 0x0000007674500000,0x0000007674600000] [id=14736]
  0x0000019c2b313050 WatcherThread [stack: 0x0000007675e00000,0x0000007675f00000] [id=14840]
  0x0000019c2b36a6e0 GCTaskThread "GC Thread#0" [stack: 0x0000007674000000,0x0000007674100000] [id=14648]
  0x0000019c7e7ce3d0 GCTaskThread "GC Thread#1" [stack: 0x0000007675300000,0x0000007675400000] [id=9168]
  0x0000019c7e7ce690 GCTaskThread "GC Thread#2" [stack: 0x0000007675400000,0x0000007675500000] [id=14420]
  0x0000019c7e7eadd0 GCTaskThread "GC Thread#3" [stack: 0x0000007675500000,0x0000007675600000] [id=11960]
  0x0000019c2b37c290 ConcurrentGCThread "G1 Main Marker" [stack: 0x0000007674100000,0x0000007674200000] [id=14652]
  0x0000019c2b37cbb0 ConcurrentGCThread "G1 Conc#0" [stack: 0x0000007674200000,0x0000007674300000] [id=14656]
  0x0000019c2b3ce2d0 ConcurrentGCThread "G1 Refine#0" [stack: 0x0000007674300000,0x0000007674400000] [id=14664]
  0x0000019c7e7e8a00 ConcurrentGCThread "G1 Refine#1" [stack: 0x0000007675600000,0x0000007675700000] [id=1100]
  0x0000019c2b3cec10 ConcurrentGCThread "G1 Service" [stack: 0x0000007674400000,0x0000007674500000] [id=14668]

Threads with active compile tasks:

VM state: not at safepoint (normal execution)

VM Mutex/Monitor currently owned by a thread:  ([mutex/lock_event])
[0x0000019c2b30be30] Metaspace_lock - owner thread: 0x0000019c7e958900

Heap address: 0x0000000081600000, size: 2026 MB, Compressed Oops mode: 32-bit

CDS archive(s) mapped at: [0x0000019c3d000000-0x0000019c3dbd0000-0x0000019c3dbd0000), size 12386304, SharedBaseAddress: 0x0000019c3d000000, ArchiveRelocationMode: 1.
Compressed class space mapped at: 0x0000019c3e000000-0x0000019c7e000000, reserved size: 1073741824
Narrow klass base: 0x0000019c3d000000, Narrow klass shift: 0, Narrow klass range: 0x100000000

GC Precious Log:
 CPUs: 4 total, 4 available
 Memory: 8097M
 Large Page Support: Disabled
 NUMA Support: Disabled
 Compressed Oops: Enabled (32-bit)
 Heap Region Size: 1M
 Heap Min Capacity: 8M
 Heap Initial Capacity: 128M
 Heap Max Capacity: 2026M
 Pre-touch: Disabled
 Parallel Workers: 4
 Concurrent Workers: 1
 Concurrent Refinement Workers: 4
 Periodic GC: Disabled

Heap:
 garbage-first heap   total 66560K, used 45360K [0x0000000081600000, 0x0000000100000000)
  region size 1024K, 11 young (11264K), 2 survivors (2048K)
 Metaspace       used 51743K, committed 52224K, reserved 1114112K
  class space    used 7176K, committed 7424K, reserved 1048576K

Heap Regions: E=young(eden), S=young(survivor), O=old, HS=humongous(starts), HC=humongous(continues), CS=collection set, F=free, OA=open archive, CA=closed archive, TAMS=top-at-mark-start (previous, next)
|   0|0x0000000081600000, 0x0000000081700000, 0x0000000081700000|100%|HS|  |TAMS 0x0000000081700000, 0x0000000081600000| Complete 
|   1|0x0000000081700000, 0x0000000081800000, 0x0000000081800000|100%|HS|  |TAMS 0x0000000081800000, 0x0000000081700000| Complete 
|   2|0x0000000081800000, 0x0000000081900000, 0x0000000081900000|100%| O|  |TAMS 0x0000000081900000, 0x0000000081800000| Untracked 
|   3|0x0000000081900000, 0x0000000081a00000, 0x0000000081a00000|100%| O|  |TAMS 0x0000000081a00000, 0x0000000081900000| Untracked 
|   4|0x0000000081a00000, 0x0000000081b00000, 0x0000000081b00000|100%| O|  |TAMS 0x0000000081b00000, 0x0000000081a00000| Untracked 
|   5|0x0000000081b00000, 0x0000000081c00000, 0x0000000081c00000|100%| O|  |TAMS 0x0000000081c00000, 0x0000000081b00000| Untracked 
|   6|0x0000000081c00000, 0x0000000081d00000, 0x0000000081d00000|100%| O|  |TAMS 0x0000000081d00000, 0x0000000081c00000| Untracked 
|   7|0x0000000081d00000, 0x0000000081e00000, 0x0000000081e00000|100%| O|  |TAMS 0x0000000081e00000, 0x0000000081d00000| Untracked 
|   8|0x0000000081e00000, 0x0000000081e00000, 0x0000000081f00000|  0%| F|  |TAMS 0x0000000081e00000, 0x0000000081e00000| Untracked 
|   9|0x0000000081f00000, 0x0000000082000000, 0x0000000082000000|100%| O|  |TAMS 0x0000000082000000, 0x0000000081f00000| Untracked 
|  10|0x0000000082000000, 0x0000000082100000, 0x0000000082100000|100%| O|  |TAMS 0x0000000082100000, 0x0000000082000000| Untracked 
|  11|0x0000000082100000, 0x0000000082200000, 0x0000000082200000|100%| O|  |TAMS 0x0000000082200000, 0x0000000082100000| Untracked 
|  12|0x0000000082200000, 0x0000000082300000, 0x0000000082300000|100%| O|  |TAMS 0x0000000082300000, 0x0000000082200000| Untracked 
|  13|0x0000000082300000, 0x0000000082400000, 0x0000000082400000|100%| O|  |TAMS 0x0000000082400000, 0x0000000082300000| Untracked 
|  14|0x0000000082400000, 0x0000000082500000, 0x0000000082500000|100%| O|  |TAMS 0x0000000082500000, 0x0000000082400000| Untracked 
|  15|0x0000000082500000, 0x0000000082600000, 0x0000000082600000|100%| O|  |TAMS 0x0000000082600000, 0x0000000082500000| Untracked 
|  16|0x0000000082600000, 0x0000000082700000, 0x0000000082700000|100%| O|  |TAMS 0x0000000082700000, 0x0000000082600000| Untracked 
|  17|0x0000000082700000, 0x00000000827c9000, 0x0000000082800000| 78%| O|  |TAMS 0x00000000827c9000, 0x0000000082700000| Untracked 
|  18|0x0000000082800000, 0x0000000082900000, 0x0000000082900000|100%| O|  |TAMS 0x0000000082900000, 0x0000000082800000| Untracked 
|  19|0x0000000082900000, 0x0000000082a00000, 0x0000000082a00000|100%| O|  |TAMS 0x0000000082a00000, 0x0000000082900000| Untracked 
|  20|0x0000000082a00000, 0x0000000082b00000, 0x0000000082b00000|100%| O|  |TAMS 0x0000000082b00000, 0x0000000082a00000| Untracked 
|  21|0x0000000082b00000, 0x0000000082c00000, 0x0000000082c00000|100%| O|  |TAMS 0x0000000082c00000, 0x0000000082b00000| Untracked 
|  22|0x0000000082c00000, 0x0000000082d00000, 0x0000000082d00000|100%| O|  |TAMS 0x0000000082d00000, 0x0000000082c00000| Untracked 
|  23|0x0000000082d00000, 0x0000000082e00000, 0x0000000082e00000|100%| O|  |TAMS 0x0000000082e00000, 0x0000000082d00000| Untracked 
|  24|0x0000000082e00000, 0x0000000082f00000, 0x0000000082f00000|100%| O|  |TAMS 0x0000000082f00000, 0x0000000082e00000| Untracked 
|  25|0x0000000082f00000, 0x0000000083000000, 0x0000000083000000|100%| O|  |TAMS 0x0000000083000000, 0x0000000082f00000| Untracked 
|  26|0x0000000083000000, 0x0000000083100000, 0x0000000083100000|100%| O|  |TAMS 0x0000000083100000, 0x0000000083000000| Complete 
|  27|0x0000000083100000, 0x0000000083200000, 0x0000000083200000|100%| O|  |TAMS 0x0000000083200000, 0x0000000083100000| Untracked 
|  28|0x0000000083200000, 0x0000000083300000, 0x0000000083300000|100%| O|  |TAMS 0x0000000083300000, 0x0000000083200000| Untracked 
|  29|0x0000000083300000, 0x0000000083400000, 0x0000000083400000|100%| O|  |TAMS 0x0000000083400000, 0x0000000083300000| Untracked 
|  30|0x0000000083400000, 0x0000000083500000, 0x0000000083500000|100%| O|  |TAMS 0x0000000083500000, 0x0000000083400000| Untracked 
|  31|0x0000000083500000, 0x0000000083600000, 0x0000000083600000|100%| O|  |TAMS 0x0000000083600000, 0x0000000083500000| Untracked 
|  32|0x0000000083600000, 0x0000000083700000, 0x0000000083700000|100%| O|  |TAMS 0x0000000083700000, 0x0000000083600000| Untracked 
|  33|0x0000000083700000, 0x0000000083800000, 0x0000000083800000|100%| O|  |TAMS 0x0000000083800000, 0x0000000083700000| Untracked 
|  34|0x0000000083800000, 0x0000000083900000, 0x0000000083900000|100%| O|  |TAMS 0x0000000083900000, 0x0000000083800000| Untracked 
|  35|0x0000000083900000, 0x0000000083a00000, 0x0000000083a00000|100%| O|  |TAMS 0x0000000083a00000, 0x0000000083900000| Untracked 
|  36|0x0000000083a00000, 0x0000000083a00000, 0x0000000083b00000|  0%| F|  |TAMS 0x0000000083a00000, 0x0000000083a00000| Untracked 
|  37|0x0000000083b00000, 0x0000000083b00000, 0x0000000083c00000|  0%| F|  |TAMS 0x0000000083b00000, 0x0000000083b00000| Untracked 
|  38|0x0000000083c00000, 0x0000000083c00000, 0x0000000083d00000|  0%| F|  |TAMS 0x0000000083c00000, 0x0000000083c00000| Untracked 
|  39|0x0000000083d00000, 0x0000000083d00000, 0x0000000083e00000|  0%| F|  |TAMS 0x0000000083d00000, 0x0000000083d00000| Untracked 
|  40|0x0000000083e00000, 0x0000000083e00000, 0x0000000083f00000|  0%| F|  |TAMS 0x0000000083e00000, 0x0000000083e00000| Untracked 
|  41|0x0000000083f00000, 0x0000000083f00000, 0x0000000084000000|  0%| F|  |TAMS 0x0000000083f00000, 0x0000000083f00000| Untracked 
|  42|0x0000000084000000, 0x0000000084000000, 0x0000000084100000|  0%| F|  |TAMS 0x0000000084000000, 0x0000000084000000| Untracked 
|  43|0x0000000084100000, 0x0000000084183100, 0x0000000084200000| 51%| S|CS|TAMS 0x0000000084100000, 0x0000000084100000| Complete 
|  44|0x0000000084200000, 0x0000000084300000, 0x0000000084300000|100%| S|CS|TAMS 0x0000000084200000, 0x0000000084200000| Complete 
|  45|0x0000000084300000, 0x0000000084300000, 0x0000000084400000|  0%| F|  |TAMS 0x0000000084300000, 0x0000000084300000| Untracked 
|  46|0x0000000084400000, 0x0000000084400000, 0x0000000084500000|  0%| F|  |TAMS 0x0000000084400000, 0x0000000084400000| Untracked 
|  47|0x0000000084500000, 0x0000000084500000, 0x0000000084600000|  0%| F|  |TAMS 0x0000000084500000, 0x0000000084500000| Untracked 
|  48|0x0000000084600000, 0x0000000084600000, 0x0000000084700000|  0%| F|  |TAMS 0x0000000084600000, 0x0000000084600000| Untracked 
|  49|0x0000000084700000, 0x0000000084700000, 0x0000000084800000|  0%| F|  |TAMS 0x0000000084700000, 0x0000000084700000| Untracked 
|  50|0x0000000084800000, 0x0000000084800000, 0x0000000084900000|  0%| F|  |TAMS 0x0000000084800000, 0x0000000084800000| Untracked 
|  51|0x0000000084900000, 0x0000000084900000, 0x0000000084a00000|  0%| F|  |TAMS 0x0000000084900000, 0x0000000084900000| Untracked 
|  52|0x0000000084a00000, 0x0000000084a00000, 0x0000000084b00000|  0%| F|  |TAMS 0x0000000084a00000, 0x0000000084a00000| Untracked 
|  53|0x0000000084b00000, 0x0000000084b00000, 0x0000000084c00000|  0%| F|  |TAMS 0x0000000084b00000, 0x0000000084b00000| Untracked 
|  54|0x0000000084c00000, 0x0000000084c00000, 0x0000000084d00000|  0%| F|  |TAMS 0x0000000084c00000, 0x0000000084c00000| Untracked 
|  55|0x0000000084d00000, 0x0000000084d00000, 0x0000000084e00000|  0%| F|  |TAMS 0x0000000084d00000, 0x0000000084d00000| Untracked 
|  90|0x0000000087000000, 0x00000000870dcf60, 0x0000000087100000| 86%| E|  |TAMS 0x0000000087000000, 0x0000000087000000| Complete 
|  91|0x0000000087100000, 0x0000000087200000, 0x0000000087200000|100%| E|CS|TAMS 0x0000000087100000, 0x0000000087100000| Complete 
|  92|0x0000000087200000, 0x0000000087300000, 0x0000000087300000|100%| E|CS|TAMS 0x0000000087200000, 0x0000000087200000| Complete 
|  93|0x0000000087300000, 0x0000000087400000, 0x0000000087400000|100%| E|CS|TAMS 0x0000000087300000, 0x0000000087300000| Complete 
|  94|0x0000000087400000, 0x0000000087500000, 0x0000000087500000|100%| E|CS|TAMS 0x0000000087400000, 0x0000000087400000| Complete 
|  95|0x0000000087500000, 0x0000000087600000, 0x0000000087600000|100%| E|CS|TAMS 0x0000000087500000, 0x0000000087500000| Complete 
| 125|0x0000000089300000, 0x0000000089400000, 0x0000000089400000|100%| E|CS|TAMS 0x0000000089300000, 0x0000000089300000| Complete 
| 126|0x0000000089400000, 0x0000000089500000, 0x0000000089500000|100%| E|CS|TAMS 0x0000000089400000, 0x0000000089400000| Complete 
| 127|0x0000000089500000, 0x0000000089600000, 0x0000000089600000|100%| E|CS|TAMS 0x0000000089500000, 0x0000000089500000| Complete 

Card table byte_map: [0x0000019c35fa0000,0x0000019c363a0000] _byte_map_base: 0x0000019c35b95000

Marking Bits (Prev, Next): (CMBitMap*) 0x0000019c2b36ac50, (CMBitMap*) 0x0000019c2b36ac10
 Prev Bits: [0x0000019c38750000, 0x0000019c3a6f8000)
 Next Bits: [0x0000019c367a0000, 0x0000019c38748000)

Polling page: 0x0000019c29290000

Metaspace:

Usage:
  Non-class:     43.52 MB used.
      Class:      7.01 MB used.
       Both:     50.53 MB used.

Virtual space:
  Non-class space:       64.00 MB reserved,      43.75 MB ( 68%) committed,  1 nodes.
      Class space:        1.00 GB reserved,       7.25 MB ( <1%) committed,  1 nodes.
             Both:        1.06 GB reserved,      51.00 MB (  5%) committed. 

Chunk freelists:
   Non-Class:  3.42 MB
       Class:  8.78 MB
        Both:  12.20 MB

MaxMetaspaceSize: unlimited
CompressedClassSpaceSize: 1.00 GB
Initial GC threshold: 21.00 MB
Current GC threshold: 83.88 MB
CDS: on
MetaspaceReclaimPolicy: balanced
 - commit_granule_bytes: 65536.
 - commit_granule_words: 8192.
 - virtual_space_node_default_size: 8388608.
 - enlarge_chunks_in_place: 1.
 - new_chunks_are_fully_committed: 0.
 - uncommit_free_chunks: 1.
 - use_allocation_guard: 0.
 - handle_deallocations: 1.


Internal statistics:

num_allocs_failed_limit: 6.
num_arena_births: 692.
num_arena_deaths: 76.
num_vsnodes_births: 2.
num_vsnodes_deaths: 0.
num_space_committed: 816.
num_space_uncommitted: 0.
num_chunks_returned_to_freelist: 94.
num_chunks_taken_from_freelist: 2555.
num_chunk_merges: 33.
num_chunk_splits: 1799.
num_chunks_enlarged: 1382.
num_inconsistent_stats: 0.

CodeCache: size=49152Kb used=10993Kb max_used=11281Kb free=38159Kb
 bounds [0x0000019c32ba0000, 0x0000019c336b0000, 0x0000019c35ba0000]
 total_blobs=6070 nmethods=5493 adapters=504
 compilation: enabled
              stopped_count=0, restarted_count=0
 full_count=0

Compilation events (20 events):
Event: 69.234 Thread 0x0000019c3c995fd0 5488       1       java.text.Format::<init> (5 bytes)
Event: 69.234 Thread 0x0000019c3c995fd0 nmethod 5488 0x0000019c331bb610 code [0x0000019c331bb7a0, 0x0000019c331bb858]
Event: 69.234 Thread 0x0000019c3c995fd0 5489       1       java.util.PropertyResourceBundle::handleGetObject (23 bytes)
Event: 69.234 Thread 0x0000019c3c995fd0 nmethod 5489 0x0000019c331bb210 code [0x0000019c331bb3c0, 0x0000019c331bb558]
Event: 69.234 Thread 0x0000019c3c995fd0 5490       1       com.mysql.cj.conf.AbstractPropertyDefinition::getPropertyKey (5 bytes)
Event: 69.234 Thread 0x0000019c3c995fd0 nmethod 5490 0x0000019c331baf10 code [0x0000019c331bb0a0, 0x0000019c331bb178]
Event: 69.296 Thread 0x0000019c3c995fd0 5491       1       com.mysql.cj.conf.AbstractPropertyDefinition::getDefaultValue (5 bytes)
Event: 69.297 Thread 0x0000019c3c995fd0 nmethod 5491 0x0000019c331bac10 code [0x0000019c331bada0, 0x0000019c331bae78]
Event: 69.297 Thread 0x0000019c3c995fd0 5492       1       com.mysql.cj.conf.AbstractRuntimeProperty::getPropertyDefinition (5 bytes)
Event: 69.297 Thread 0x0000019c3c995fd0 nmethod 5492 0x0000019c331ba910 code [0x0000019c331baaa0, 0x0000019c331bab78]
Event: 69.299 Thread 0x0000019c3c995fd0 5493       1       com.mysql.cj.conf.AbstractPropertyDefinition::getName (5 bytes)
Event: 69.299 Thread 0x0000019c3c995fd0 nmethod 5493 0x0000019c331ba610 code [0x0000019c331ba7a0, 0x0000019c331ba878]
Event: 69.299 Thread 0x0000019c3c995fd0 5494       1       com.mysql.cj.conf.AbstractPropertyDefinition::getCcAlias (5 bytes)
Event: 69.299 Thread 0x0000019c3c995fd0 nmethod 5494 0x0000019c331ba310 code [0x0000019c331ba4a0, 0x0000019c331ba578]
Event: 69.449 Thread 0x0000019c3c995fd0 5495   !   1       com.mysql.cj.conf.DefaultPropertySet::getProperty (52 bytes)
Event: 69.450 Thread 0x0000019c3c995fd0 nmethod 5495 0x0000019c331b9990 code [0x0000019c331b9b60, 0x0000019c331b9e08]
Event: 69.677 Thread 0x0000019c3c995fd0 5496       1       java.lang.invoke.MemberName::asNormalOriginal (113 bytes)
Event: 69.677 Thread 0x0000019c3c995fd0 nmethod 5496 0x0000019c331b7e10 code [0x0000019c331b7fe0, 0x0000019c331b82b8]
Event: 69.724 Thread 0x0000019c3c995fd0 5497       1       java.lang.ClassLoader::getSystemClassLoader (96 bytes)
Event: 69.725 Thread 0x0000019c3c995fd0 nmethod 5497 0x0000019c331b7690 code [0x0000019c331b7860, 0x0000019c331b7b88]

GC Heap History (20 events):
Event: 56.317 GC heap before
{Heap before GC invocations=30 (full 0):
 garbage-first heap   total 63488K, used 47507K [0x0000000081600000, 0x0000000100000000)
  region size 1024K, 15 young (15360K), 2 survivors (2048K)
 Metaspace       used 42363K, committed 42752K, reserved 1114112K
  class space    used 5833K, committed 6016K, reserved 1048576K
}
Event: 56.323 GC heap after
{Heap after GC invocations=31 (full 0):
 garbage-first heap   total 63488K, used 35000K [0x0000000081600000, 0x0000000100000000)
  region size 1024K, 1 young (1024K), 1 survivors (1024K)
 Metaspace       used 42363K, committed 42752K, reserved 1114112K
  class space    used 5833K, committed 6016K, reserved 1048576K
}
Event: 57.632 GC heap before
{Heap before GC invocations=31 (full 0):
 garbage-first heap   total 63488K, used 49336K [0x0000000081600000, 0x0000000100000000)
  region size 1024K, 15 young (15360K), 1 survivors (1024K)
 Metaspace       used 42998K, committed 43456K, reserved 1114112K
  class space    used 5932K, committed 6144K, reserved 1048576K
}
Event: 57.637 GC heap after
{Heap after GC invocations=32 (full 0):
 garbage-first heap   total 63488K, used 35570K [0x0000000081600000, 0x0000000100000000)
  region size 1024K, 2 young (2048K), 2 survivors (2048K)
 Metaspace       used 42998K, committed 43456K, reserved 1114112K
  class space    used 5932K, committed 6144K, reserved 1048576K
}
Event: 60.676 GC heap before
{Heap before GC invocations=33 (full 0):
 garbage-first heap   total 63488K, used 49906K [0x0000000081600000, 0x0000000100000000)
  region size 1024K, 16 young (16384K), 2 survivors (2048K)
 Metaspace       used 43565K, committed 44032K, reserved 1114112K
  class space    used 6019K, committed 6208K, reserved 1048576K
}
Event: 60.681 GC heap after
{Heap after GC invocations=34 (full 0):
 garbage-first heap   total 63488K, used 36072K [0x0000000081600000, 0x0000000100000000)
  region size 1024K, 2 young (2048K), 2 survivors (2048K)
 Metaspace       used 43565K, committed 44032K, reserved 1114112K
  class space    used 6019K, committed 6208K, reserved 1048576K
}
Event: 61.514 GC heap before
{Heap before GC invocations=34 (full 0):
 garbage-first heap   total 63488K, used 49384K [0x0000000081600000, 0x0000000100000000)
  region size 1024K, 16 young (16384K), 2 survivors (2048K)
 Metaspace       used 44840K, committed 45312K, reserved 1114112K
  class space    used 6171K, committed 6400K, reserved 1048576K
}
Event: 61.519 GC heap after
{Heap after GC invocations=35 (full 0):
 garbage-first heap   total 63488K, used 36490K [0x0000000081600000, 0x0000000100000000)
  region size 1024K, 1 young (1024K), 1 survivors (1024K)
 Metaspace       used 44840K, committed 45312K, reserved 1114112K
  class space    used 6171K, committed 6400K, reserved 1048576K
}
Event: 64.468 GC heap before
{Heap before GC invocations=36 (full 0):
 garbage-first heap   total 63488K, used 51850K [0x0000000081600000, 0x0000000100000000)
  region size 1024K, 16 young (16384K), 1 survivors (1024K)
 Metaspace       used 46029K, committed 46528K, reserved 1114112K
  class space    used 6361K, committed 6592K, reserved 1048576K
}
Event: 64.473 GC heap after
{Heap after GC invocations=37 (full 0):
 garbage-first heap   total 63488K, used 36741K [0x0000000081600000, 0x0000000100000000)
  region size 1024K, 2 young (2048K), 2 survivors (2048K)
 Metaspace       used 46029K, committed 46528K, reserved 1114112K
  class space    used 6361K, committed 6592K, reserved 1048576K
}
Event: 64.726 GC heap before
{Heap before GC invocations=37 (full 0):
 garbage-first heap   total 63488K, used 37765K [0x0000000081600000, 0x0000000100000000)
  region size 1024K, 3 young (3072K), 2 survivors (2048K)
 Metaspace       used 46100K, committed 46592K, reserved 1114112K
  class space    used 6373K, committed 6592K, reserved 1048576K
}
Event: 64.732 GC heap after
{Heap after GC invocations=38 (full 0):
 garbage-first heap   total 63488K, used 36333K [0x0000000081600000, 0x0000000100000000)
  region size 1024K, 1 young (1024K), 1 survivors (1024K)
 Metaspace       used 46100K, committed 46592K, reserved 1114112K
  class space    used 6373K, committed 6592K, reserved 1048576K
}
Event: 66.578 GC heap before
{Heap before GC invocations=38 (full 0):
 garbage-first heap   total 63488K, used 50669K [0x0000000081600000, 0x0000000100000000)
  region size 1024K, 16 young (16384K), 1 survivors (1024K)
 Metaspace       used 47478K, committed 47936K, reserved 1114112K
  class space    used 6595K, committed 6848K, reserved 1048576K
}
Event: 66.580 GC heap after
{Heap after GC invocations=39 (full 0):
 garbage-first heap   total 63488K, used 36463K [0x0000000081600000, 0x0000000100000000)
  region size 1024K, 1 young (1024K), 1 survivors (1024K)
 Metaspace       used 47478K, committed 47936K, reserved 1114112K
  class space    used 6595K, committed 6848K, reserved 1048576K
}
Event: 67.526 GC heap before
{Heap before GC invocations=40 (full 0):
 garbage-first heap   total 66560K, used 51823K [0x0000000081600000, 0x0000000100000000)
  region size 1024K, 17 young (17408K), 1 survivors (1024K)
 Metaspace       used 48854K, committed 49408K, reserved 1114112K
  class space    used 6824K, committed 7104K, reserved 1048576K
}
Event: 67.532 GC heap after
{Heap after GC invocations=41 (full 0):
 garbage-first heap   total 66560K, used 36607K [0x0000000081600000, 0x0000000100000000)
  region size 1024K, 1 young (1024K), 1 survivors (1024K)
 Metaspace       used 48854K, committed 49408K, reserved 1114112K
  class space    used 6824K, committed 7104K, reserved 1048576K
}
Event: 67.711 GC heap before
{Heap before GC invocations=41 (full 0):
 garbage-first heap   total 66560K, used 37631K [0x0000000081600000, 0x0000000100000000)
  region size 1024K, 3 young (3072K), 1 survivors (1024K)
 Metaspace       used 49014K, committed 49536K, reserved 1114112K
  class space    used 6860K, committed 7104K, reserved 1048576K
}
Event: 67.717 GC heap after
{Heap after GC invocations=42 (full 0):
 garbage-first heap   total 66560K, used 36220K [0x0000000081600000, 0x0000000100000000)
  region size 1024K, 1 young (1024K), 1 survivors (1024K)
 Metaspace       used 49014K, committed 49536K, reserved 1114112K
  class space    used 6860K, committed 7104K, reserved 1048576K
}
Event: 69.321 GC heap before
{Heap before GC invocations=42 (full 0):
 garbage-first heap   total 66560K, used 55676K [0x0000000081600000, 0x0000000100000000)
  region size 1024K, 20 young (20480K), 1 survivors (1024K)
 Metaspace       used 50886K, committed 51392K, reserved 1114112K
  class space    used 7081K, committed 7360K, reserved 1048576K
}
Event: 69.324 GC heap after
{Heap after GC invocations=43 (full 0):
 garbage-first heap   total 66560K, used 37168K [0x0000000081600000, 0x0000000100000000)
  region size 1024K, 2 young (2048K), 2 survivors (2048K)
 Metaspace       used 50886K, committed 51392K, reserved 1114112K
  class space    used 7081K, committed 7360K, reserved 1048576K
}

Deoptimization events (20 events):
Event: 68.589 Thread 0x0000019c7e95dae0 DEOPT PACKING pc=0x0000019c332154fc sp=0x0000007675bfef10
Event: 68.589 Thread 0x0000019c7e95dae0 DEOPT UNPACKING pc=0x0000019c32bf2b43 sp=0x0000007675bfe3b0 mode 1
Event: 68.589 Thread 0x0000019c7e95dae0 DEOPT PACKING pc=0x0000019c33515004 sp=0x0000007675bfef60
Event: 68.589 Thread 0x0000019c7e95dae0 DEOPT UNPACKING pc=0x0000019c32bf2b43 sp=0x0000007675bfe450 mode 1
Event: 68.839 Thread 0x0000019c7e958900 DEOPT PACKING pc=0x0000019c32eefa5c sp=0x00000076761fa630
Event: 68.839 Thread 0x0000019c7e958900 DEOPT UNPACKING pc=0x0000019c32bf2b43 sp=0x00000076761f9ac8 mode 1
Event: 68.839 Thread 0x0000019c7e958900 DEOPT PACKING pc=0x0000019c32ee0c7c sp=0x00000076761fa700
Event: 68.839 Thread 0x0000019c7e958900 DEOPT UNPACKING pc=0x0000019c32bf2b43 sp=0x00000076761f9bb8 mode 1
Event: 68.905 Thread 0x0000019c7e958900 DEOPT PACKING pc=0x0000019c32eefa5c sp=0x00000076761fa6f0
Event: 68.905 Thread 0x0000019c7e958900 DEOPT UNPACKING pc=0x0000019c32bf2b43 sp=0x00000076761f9b88 mode 1
Event: 68.905 Thread 0x0000019c7e958900 DEOPT PACKING pc=0x0000019c32ee0c7c sp=0x00000076761fa7c0
Event: 68.905 Thread 0x0000019c7e958900 DEOPT UNPACKING pc=0x0000019c32bf2b43 sp=0x00000076761f9c78 mode 1
Event: 68.907 Thread 0x0000019c7e958900 DEOPT PACKING pc=0x0000019c32eefa5c sp=0x00000076761fa7c0
Event: 68.907 Thread 0x0000019c7e958900 DEOPT UNPACKING pc=0x0000019c32bf2b43 sp=0x00000076761f9c58 mode 1
Event: 68.907 Thread 0x0000019c7e958900 DEOPT PACKING pc=0x0000019c32ee0c7c sp=0x00000076761fa890
Event: 68.907 Thread 0x0000019c7e958900 DEOPT UNPACKING pc=0x0000019c32bf2b43 sp=0x00000076761f9d48 mode 1
Event: 69.548 Thread 0x0000019c7e95dae0 DEOPT PACKING pc=0x0000019c332154fc sp=0x0000007675bfef10
Event: 69.551 Thread 0x0000019c7e95dae0 DEOPT UNPACKING pc=0x0000019c32bf2b43 sp=0x0000007675bfe3b0 mode 1
Event: 69.551 Thread 0x0000019c7e95dae0 DEOPT PACKING pc=0x0000019c33515004 sp=0x0000007675bfef60
Event: 69.551 Thread 0x0000019c7e95dae0 DEOPT UNPACKING pc=0x0000019c32bf2b43 sp=0x0000007675bfe450 mode 1

Classes unloaded (20 events):
Event: 51.084 Thread 0x0000019c3c978990 Unloading class 0x0000019c3e0cb400 'java/lang/invoke/LambdaForm$MH+0x0000019c3e0cb400'
Event: 51.084 Thread 0x0000019c3c978990 Unloading class 0x0000019c3e0c9c00 'java/lang/invoke/LambdaForm$MH+0x0000019c3e0c9c00'
Event: 51.084 Thread 0x0000019c3c978990 Unloading class 0x0000019c3e0c9800 'java/lang/invoke/LambdaForm$MH+0x0000019c3e0c9800'
Event: 51.084 Thread 0x0000019c3c978990 Unloading class 0x0000019c3e0c9000 'java/lang/invoke/LambdaForm$MH+0x0000019c3e0c9000'
Event: 51.084 Thread 0x0000019c3c978990 Unloading class 0x0000019c3e0c8c00 'jdk/internal/reflect/GeneratedSerializationConstructorAccessor7'
Event: 51.084 Thread 0x0000019c3c978990 Unloading class 0x0000019c3e0c8800 'jdk/internal/reflect/GeneratedSerializationConstructorAccessor6'
Event: 51.084 Thread 0x0000019c3c978990 Unloading class 0x0000019c3e0c8400 'jdk/internal/reflect/GeneratedSerializationConstructorAccessor5'
Event: 51.084 Thread 0x0000019c3c978990 Unloading class 0x0000019c3e0c8000 'jdk/internal/reflect/GeneratedSerializationConstructorAccessor4'
Event: 51.084 Thread 0x0000019c3c978990 Unloading class 0x0000019c3e0c5800 'java/lang/invoke/LambdaForm$MH+0x0000019c3e0c5800'
Event: 51.084 Thread 0x0000019c3c978990 Unloading class 0x0000019c3e0c5400 'java/lang/invoke/LambdaForm$MH+0x0000019c3e0c5400'
Event: 51.084 Thread 0x0000019c3c978990 Unloading class 0x0000019c3e0c5000 'java/lang/invoke/LambdaForm$MH+0x0000019c3e0c5000'
Event: 51.084 Thread 0x0000019c3c978990 Unloading class 0x0000019c3e0c4c00 'java/lang/invoke/LambdaForm$MH+0x0000019c3e0c4c00'
Event: 51.084 Thread 0x0000019c3c978990 Unloading class 0x0000019c3e0c4800 'java/lang/invoke/LambdaForm$MH+0x0000019c3e0c4800'
Event: 51.084 Thread 0x0000019c3c978990 Unloading class 0x0000019c3e0c1800 'jdk/internal/reflect/GeneratedSerializationConstructorAccessor3'
Event: 51.084 Thread 0x0000019c3c978990 Unloading class 0x0000019c3e0c1400 'jdk/internal/reflect/GeneratedSerializationConstructorAccessor2'
Event: 51.084 Thread 0x0000019c3c978990 Unloading class 0x0000019c3e0c1000 'jdk/internal/reflect/GeneratedSerializationConstructorAccessor1'
Event: 54.828 Thread 0x0000019c3c978990 Unloading class 0x0000019c3e2a8000 'java/lang/invoke/LambdaForm$DMH+0x0000019c3e2a8000'
Event: 61.622 Thread 0x0000019c3c978990 Unloading class 0x0000019c3e0cb000 'java/lang/invoke/LambdaForm$MH+0x0000019c3e0cb000'
Event: 61.622 Thread 0x0000019c3c978990 Unloading class 0x0000019c3e0c4400 'java/lang/invoke/LambdaForm$MH+0x0000019c3e0c4400'
Event: 66.689 Thread 0x0000019c3c978990 Unloading class 0x0000019c3e365c00 'jdk/internal/reflect/GeneratedConstructorAccessor13'

Classes redefined (0 events):
No events

Internal exceptions (20 events):
Event: 51.484 Thread 0x0000019c7e958900 Exception <a 'sun/nio/fs/WindowsException'{0x00000000848ea368}> (0x00000000848ea368) 
thrown [s\open\src\hotspot\share\prims\jni.cpp, line 516]
Event: 51.486 Thread 0x0000019c7e958900 Exception <a 'sun/nio/fs/WindowsException'{0x00000000848efd50}> (0x00000000848efd50) 
thrown [s\open\src\hotspot\share\prims\jni.cpp, line 516]
Event: 51.486 Thread 0x0000019c7e958900 Exception <a 'sun/nio/fs/WindowsException'{0x00000000848f0040}> (0x00000000848f0040) 
thrown [s\open\src\hotspot\share\prims\jni.cpp, line 516]
Event: 51.487 Thread 0x0000019c7e958900 Exception <a 'sun/nio/fs/WindowsException'{0x00000000848f0e10}> (0x00000000848f0e10) 
thrown [s\open\src\hotspot\share\prims\jni.cpp, line 516]
Event: 51.487 Thread 0x0000019c7e958900 Exception <a 'sun/nio/fs/WindowsException'{0x00000000848f1168}> (0x00000000848f1168) 
thrown [s\open\src\hotspot\share\prims\jni.cpp, line 516]
Event: 51.570 Thread 0x0000019c7e958900 Exception <a 'java/lang/NoSuchMethodError'{0x000000008457c820}: 'java.lang.Object java.lang.invoke.DirectMethodHandle$Holder.invokeSpecial(java.lang.Object, java.lang.Object, long, java.lang.Object, java.lang.Object, java.lang.Object, java.lang.Object, java.lang.Object, java.lang.Object)'> (0x000000008457c820) 
thrown [s\open\src\hotspot\share\interpreter\linkResolver.cpp, line 759]
Event: 51.570 Thread 0x0000019c7e958900 Exception <a 'java/lang/NoSuchMethodError'{0x0000000084581348}: 'java.lang.Object java.lang.invoke.DelegatingMethodHandle$Holder.reinvoke_L(java.lang.Object, long, java.lang.Object, java.lang.Object, java.lang.Object, java.lang.Object, java.lang.Object, java.lang.Object)'> (0x0000000084581348) 
thrown [s\open\src\hotspot\share\interpreter\linkResolver.cpp, line 759]
Event: 51.795 Thread 0x0000019c7e958900 Exception <a 'java/io/FileNotFoundException'{0x0000000084275d08}> (0x0000000084275d08) 
thrown [s\open\src\hotspot\share\prims\jni.cpp, line 516]
Event: 52.432 Thread 0x0000019c7e958900 Exception <a 'java/lang/NoSuchMethodError'{0x00000000893e60b8}: 'int java.lang.invoke.DirectMethodHandle$Holder.invokeInterface(java.lang.Object, java.lang.Object, java.lang.Object, java.lang.Object)'> (0x00000000893e60b8) 
thrown [s\open\src\hotspot\share\interpreter\linkResolver.cpp, line 759]
Event: 53.207 Thread 0x0000019c7e958900 Exception <a 'sun/nio/fs/WindowsException'{0x00000000849be080}> (0x00000000849be080) 
thrown [s\open\src\hotspot\share\prims\jni.cpp, line 516]
Event: 53.278 Thread 0x0000019c7e958900 Exception <a 'java/lang/NoSuchMethodError'{0x0000000084800118}: 'int java.lang.invoke.DirectMethodHandle$Holder.invokeStaticInit(java.lang.Object, java.lang.Object, java.lang.Object, java.lang.Object)'> (0x0000000084800118) 
thrown [s\open\src\hotspot\share\interpreter\linkResolver.cpp, line 759]
Event: 55.924 Thread 0x0000019c7e958900 Exception <a 'java/lang/NoSuchMethodError'{0x0000000084805680}: 'java.lang.Object java.lang.invoke.DirectMethodHandle$Holder.invokeStaticInit(java.lang.Object, java.lang.Object, java.lang.Object, java.lang.Object)'> (0x0000000084805680) 
thrown [s\open\src\hotspot\share\interpreter\linkResolver.cpp, line 759]
Event: 55.926 Thread 0x0000019c7e958900 Exception <a 'java/lang/IncompatibleClassChangeError'{0x000000008482fa18}: Found class java.lang.Object, but interface was expected> (0x000000008482fa18) 
thrown [s\open\src\hotspot\share\interpreter\linkResolver.cpp, line 826]
Event: 55.927 Thread 0x0000019c7e958900 Exception <a 'java/lang/IncompatibleClassChangeError'{0x000000008484af58}: Found class java.lang.Object, but interface was expected> (0x000000008484af58) 
thrown [s\open\src\hotspot\share\interpreter\linkResolver.cpp, line 826]
Event: 56.174 Thread 0x0000019c7e958900 Exception <a 'java/lang/IncompatibleClassChangeError'{0x000000008489a390}: Found class java.lang.Object, but interface was expected> (0x000000008489a390) 
thrown [s\open\src\hotspot\share\interpreter\linkResolver.cpp, line 826]
Event: 57.335 Thread 0x0000019c7e958900 Exception <a 'java/lang/NoSuchMethodError'{0x0000000084975698}: 'java.lang.Object java.lang.invoke.DirectMethodHandle$Holder.invokeStatic(java.lang.Object, java.lang.Object, int, java.lang.Object)'> (0x0000000084975698) 
thrown [s\open\src\hotspot\share\interpreter\linkResolver.cpp, line 759]
Event: 57.336 Thread 0x0000019c7e958900 Exception <a 'java/lang/NoSuchMethodError'{0x000000008497c710}: 'java.lang.Object java.lang.invoke.DirectMethodHandle$Holder.newInvokeSpecial(java.lang.Object, java.lang.Object, int)'> (0x000000008497c710) 
thrown [s\open\src\hotspot\share\interpreter\linkResolver.cpp, line 759]
Event: 57.859 Thread 0x0000019c7e958900 Exception <a 'java/lang/NoSuchMethodError'{0x00000000875b1848}: 'long java.lang.invoke.DirectMethodHandle$Holder.invokeVirtual(java.lang.Object, java.lang.Object)'> (0x00000000875b1848) 
thrown [s\open\src\hotspot\share\interpreter\linkResolver.cpp, line 759]
Event: 59.028 Thread 0x0000019c7e958900 Exception <a 'java/io/FileNotFoundException'{0x0000000087429968}> (0x0000000087429968) 
thrown [s\open\src\hotspot\share\prims\jni.cpp, line 516]
Event: 61.027 Thread 0x0000019c7e958900 Exception <a 'sun/nio/fs/WindowsException'{0x000000008757baf0}> (0x000000008757baf0) 
thrown [s\open\src\hotspot\share\prims\jni.cpp, line 516]

VM Operations (20 events):
Event: 64.726 Executing VM operation: G1CollectForAllocation
Event: 64.732 Executing VM operation: G1CollectForAllocation done
Event: 65.743 Executing VM operation: Cleanup
Event: 65.743 Executing VM operation: Cleanup done
Event: 66.578 Executing VM operation: G1CollectForAllocation
Event: 66.581 Executing VM operation: G1CollectForAllocation done
Event: 66.688 Executing VM operation: G1Concurrent
Event: 66.698 Executing VM operation: G1Concurrent done
Event: 66.744 Executing VM operation: G1Concurrent
Event: 66.761 Executing VM operation: G1Concurrent done
Event: 67.526 Executing VM operation: G1CollectForAllocation
Event: 67.532 Executing VM operation: G1CollectForAllocation done
Event: 67.711 Executing VM operation: G1CollectForAllocation
Event: 67.717 Executing VM operation: G1CollectForAllocation done
Event: 69.321 Executing VM operation: G1CollectForAllocation
Event: 69.325 Executing VM operation: G1CollectForAllocation done
Event: 69.435 Executing VM operation: G1Concurrent
Event: 69.444 Executing VM operation: G1Concurrent done
Event: 69.493 Executing VM operation: G1Concurrent
Event: 69.493 Executing VM operation: G1Concurrent done

Events (20 events):
Event: 68.786 loading class java/util/concurrent/atomic/AtomicIntegerFieldUpdater
Event: 68.786 loading class java/util/concurrent/atomic/AtomicIntegerFieldUpdater done
Event: 68.786 loading class java/util/concurrent/atomic/AtomicIntegerFieldUpdater$AtomicIntegerFieldUpdaterImpl
Event: 68.787 loading class java/util/concurrent/atomic/AtomicIntegerFieldUpdater$AtomicIntegerFieldUpdaterImpl done
Event: 68.787 loading class java/util/concurrent/atomic/AtomicIntegerFieldUpdater$AtomicIntegerFieldUpdaterImpl$1
Event: 68.787 loading class java/util/concurrent/atomic/AtomicIntegerFieldUpdater$AtomicIntegerFieldUpdaterImpl$1 done
Event: 68.908 loading class java/math/MathContext
Event: 68.909 loading class java/math/MathContext done
Event: 68.912 loading class java/util/Collections$UnmodifiableMap$UnmodifiableEntrySet$UnmodifiableEntrySetSpliterator
Event: 68.912 loading class java/util/Collections$UnmodifiableMap$UnmodifiableEntrySet$UnmodifiableEntrySetSpliterator done
Event: 69.472 loading class java/util/LinkedList$LLSpliterator
Event: 69.473 loading class java/util/LinkedList$LLSpliterator done
Event: 69.573 loading class java/net/SocksSocketImpl
Event: 69.573 loading class java/net/SocksConsts
Event: 69.574 loading class java/net/SocksConsts done
Event: 69.574 loading class java/net/DelegatingSocketImpl
Event: 69.574 loading class java/net/DelegatingSocketImpl done
Event: 69.574 loading class java/net/SocksSocketImpl done
Event: 69.575 loading class java/net/SocksSocketImpl$3
Event: 69.576 loading class java/net/SocksSocketImpl$3 done


Dynamic libraries:
0x00007ff760570000 - 0x00007ff760580000 	C:\Program Files\Java\jdk-17\bin\javaw.exe
0x00007ff9aefb0000 - 0x00007ff9af1a8000 	C:\Windows\SYSTEM32\ntdll.dll
0x00007ff9ae1d0000 - 0x00007ff9ae28d000 	C:\Windows\System32\KERNEL32.DLL
0x00007ff9acbc0000 - 0x00007ff9aceb6000 	C:\Windows\System32\KERNELBASE.dll
0x00007ff9ac660000 - 0x00007ff9ac760000 	C:\Windows\System32\ucrtbase.dll
0x00007ff9a7fe0000 - 0x00007ff9a7ff9000 	C:\Program Files\Java\jdk-17\bin\jli.dll
0x00007ff9ad840000 - 0x00007ff9ad8f0000 	C:\Windows\System32\ADVAPI32.dll
0x00007ff9ad170000 - 0x00007ff9ad20e000 	C:\Windows\System32\msvcrt.dll
0x00007ff9ad420000 - 0x00007ff9ad4c0000 	C:\Windows\System32\sechost.dll
0x00007ff9ae0a0000 - 0x00007ff9ae1c3000 	C:\Windows\System32\RPCRT4.dll
0x00007ff9ac7b0000 - 0x00007ff9ac7d7000 	C:\Windows\System32\bcrypt.dll
0x00007ff9ad220000 - 0x00007ff9ad3bf000 	C:\Windows\System32\USER32.dll
0x00007ff9ac7e0000 - 0x00007ff9ac802000 	C:\Windows\System32\win32u.dll
0x00007ff9ae070000 - 0x00007ff9ae09b000 	C:\Windows\System32\GDI32.dll
0x00007ff9acec0000 - 0x00007ff9acfd7000 	C:\Windows\System32\gdi32full.dll
0x00007ff9ac810000 - 0x00007ff9ac8ad000 	C:\Windows\System32\msvcp_win.dll
0x00007ff998e00000 - 0x00007ff99909a000 	C:\Windows\WinSxS\amd64_microsoft.windows.common-controls_6595b64144ccf1df_6.0.19041.3636_none_60b6a03d71f818d5\COMCTL32.dll
0x00007ff9a0520000 - 0x00007ff9a052a000 	C:\Windows\SYSTEM32\VERSION.dll
0x00007ff99a7d0000 - 0x00007ff99a7eb000 	C:\Program Files\Java\jdk-17\bin\VCRUNTIME140.dll
0x00007ff9ad9a0000 - 0x00007ff9ad9d2000 	C:\Windows\System32\IMM32.DLL
0x00007ff9a8040000 - 0x00007ff9a804c000 	C:\Program Files\Java\jdk-17\bin\vcruntime140_1.dll
0x00007ff995e10000 - 0x00007ff995e9e000 	C:\Program Files\Java\jdk-17\bin\msvcp140.dll
0x00007ff944260000 - 0x00007ff944e41000 	C:\Program Files\Java\jdk-17\bin\server\jvm.dll
0x00007ff9aed30000 - 0x00007ff9aed38000 	C:\Windows\System32\PSAPI.DLL
0x00007ff9a7fd0000 - 0x00007ff9a7fd9000 	C:\Windows\SYSTEM32\WSOCK32.dll
0x00007ff9ae000000 - 0x00007ff9ae06b000 	C:\Windows\System32\WS2_32.dll
0x00007ff9a5890000 - 0x00007ff9a58b7000 	C:\Windows\SYSTEM32\WINMM.dll
0x00007ff9aa4b0000 - 0x00007ff9aa4c2000 	C:\Windows\SYSTEM32\kernel.appcore.dll
0x00007ff9a5420000 - 0x00007ff9a542a000 	C:\Program Files\Java\jdk-17\bin\jimage.dll
0x00007ff99bde0000 - 0x00007ff99bfc4000 	C:\Windows\SYSTEM32\DBGHELP.DLL
0x00007ff996920000 - 0x00007ff996954000 	C:\Windows\SYSTEM32\dbgcore.DLL
0x00007ff9ac920000 - 0x00007ff9ac9a2000 	C:\Windows\System32\bcryptPrimitives.dll
0x00007ff997920000 - 0x00007ff99795b000 	C:\Program Files\Java\jdk-17\bin\jdwp.dll
0x00007ff99f1e0000 - 0x00007ff99f1ee000 	C:\Program Files\Java\jdk-17\bin\instrument.dll
0x00007ff9987c0000 - 0x00007ff9987e5000 	C:\Program Files\Java\jdk-17\bin\java.dll
0x00007ff995bc0000 - 0x00007ff995c97000 	C:\Program Files\Java\jdk-17\bin\jsvml.dll
0x00007ff9ae2f0000 - 0x00007ff9aea5b000 	C:\Windows\System32\SHELL32.dll
0x00007ff9aa6b0000 - 0x00007ff9aae4e000 	C:\Windows\SYSTEM32\windows.storage.dll
0x00007ff9ad4e0000 - 0x00007ff9ad833000 	C:\Windows\System32\combase.dll
0x00007ff9abee0000 - 0x00007ff9abf0e000 	C:\Windows\SYSTEM32\Wldp.dll
0x00007ff9adac0000 - 0x00007ff9adb8d000 	C:\Windows\System32\OLEAUT32.dll
0x00007ff9aed40000 - 0x00007ff9aeded000 	C:\Windows\System32\SHCORE.dll
0x00007ff9ad110000 - 0x00007ff9ad165000 	C:\Windows\System32\shlwapi.dll
0x00007ff9ac590000 - 0x00007ff9ac5b3000 	C:\Windows\SYSTEM32\profapi.dll
0x00007ff9a56f0000 - 0x00007ff9a56fc000 	C:\Program Files\Java\jdk-17\bin\dt_socket.dll
0x00007ff9ab9c0000 - 0x00007ff9ab9fb000 	C:\Windows\SYSTEM32\IPHLPAPI.DLL
0x00007ff9abcc0000 - 0x00007ff9abd2a000 	C:\Windows\system32\mswsock.dll
0x00007ff9aba00000 - 0x00007ff9abacb000 	C:\Windows\SYSTEM32\DNSAPI.dll
0x00007ff9aea60000 - 0x00007ff9aea68000 	C:\Windows\System32\NSI.dll
0x00007ff9a3f40000 - 0x00007ff9a3f4a000 	C:\Windows\System32\rasadhlp.dll
0x00007ff9a3cd0000 - 0x00007ff9a3d50000 	C:\Windows\System32\fwpuclnt.dll
0x00007ff9975c0000 - 0x00007ff9975d8000 	C:\Program Files\Java\jdk-17\bin\zip.dll
0x00007ff997320000 - 0x00007ff997339000 	C:\Program Files\Java\jdk-17\bin\net.dll
0x00007ff9a5da0000 - 0x00007ff9a5eaa000 	C:\Windows\SYSTEM32\WINHTTP.dll
0x00007ff996300000 - 0x00007ff996316000 	C:\Program Files\Java\jdk-17\bin\nio.dll
0x00007ff99a6c0000 - 0x00007ff99a6ca000 	C:\Program Files\Java\jdk-17\bin\management.dll
0x00007ff998790000 - 0x00007ff99879b000 	C:\Program Files\Java\jdk-17\bin\management_ext.dll
0x00007ff95d830000 - 0x00007ff95d847000 	C:\Windows\system32\napinsp.dll
0x00007ff95d850000 - 0x00007ff95d86b000 	C:\Windows\system32\pnrpnsp.dll
0x00007ff990890000 - 0x00007ff9908a5000 	C:\Windows\system32\wshbth.dll
0x00007ff9a7fb0000 - 0x00007ff9a7fcd000 	C:\Windows\system32\NLAapi.dll
0x00007ff95d870000 - 0x00007ff95d882000 	C:\Windows\System32\winrnr.dll
0x00007ff9ac2a0000 - 0x00007ff9ac2b8000 	C:\Windows\SYSTEM32\CRYPTSP.dll
0x00007ff9ab600000 - 0x00007ff9ab634000 	C:\Windows\system32\rsaenh.dll
0x00007ff9ac550000 - 0x00007ff9ac57e000 	C:\Windows\SYSTEM32\USERENV.dll
0x00007ff9abe50000 - 0x00007ff9abe5c000 	C:\Windows\SYSTEM32\CRYPTBASE.dll
0x00007ff9a66f0000 - 0x00007ff9a6707000 	C:\Windows\SYSTEM32\dhcpcsvc6.DLL
0x00007ff9a67c0000 - 0x00007ff9a67dd000 	C:\Windows\SYSTEM32\dhcpcsvc.DLL
0x00007ff99a7c0000 - 0x00007ff99a7d0000 	C:\Program Files\Java\jdk-17\bin\verify.dll
0x00007ff99a710000 - 0x00007ff99a71e000 	C:\Program Files\Java\jdk-17\bin\sunmscapi.dll
0x00007ff9ac9b0000 - 0x00007ff9acb0e000 	C:\Windows\System32\CRYPT32.dll
0x00007ff9abf50000 - 0x00007ff9abf78000 	C:\Windows\SYSTEM32\ncrypt.dll
0x00007ff9abf10000 - 0x00007ff9abf4b000 	C:\Windows\SYSTEM32\NTASN1.dll

dbghelp: loaded successfully - version: 4.0.5 - missing functions: none
symbol engine: initialized successfully - sym options: 0x614 - pdb path: .;C:\Program Files\Java\jdk-17\bin;C:\Windows\SYSTEM32;C:\Windows\WinSxS\amd64_microsoft.windows.common-controls_6595b64144ccf1df_6.0.19041.3636_none_60b6a03d71f818d5;C:\Program Files\Java\jdk-17\bin\server

VM Arguments:
jvm_args: -XX:+ShowCodeDetailsInExceptionMessages -agentlib:jdwp=transport=dt_socket,suspend=y,address=localhost:59782 -Dcom.sun.management.jmxremote -Dcom.sun.management.jmxremote.port=58614 -Dcom.sun.management.jmxremote.authenticate=false -Dcom.sun.management.jmxremote.ssl=false -Djava.rmi.server.hostname=localhost -Dspring.jmx.enabled=true -Dmanagement.endpoints.jmx.exposure.include=* -Dspring.application.admin.enabled=true -XX:TieredStopAtLevel=1 -Dspring.boot.project.name=rap-service -javaagent:C:\Users\anh12\eclipse\jee-2023-12\eclipse\configuration\org.eclipse.osgi\434\0\.cp\lib\javaagent-shaded.jar -Dfile.encoding=UTF-8 -Dstdout.encoding=UTF-8 -Dstderr.encoding=UTF-8 
java_command: com.jpn2018.rapservice.RapServiceApplication --spring.output.ansi.enabled=always
java_class_path (initial): D:\ptpmthdv\ms\rap-service\target\classes;C:\Users\anh12\.m2\repository\org\springframework\boot\spring-boot-starter-actuator\3.2.4\spring-boot-starter-actuator-3.2.4.jar;C:\Users\anh12\.m2\repository\org\springframework\boot\spring-boot-starter\3.2.4\spring-boot-starter-3.2.4.jar;C:\Users\anh12\.m2\repository\org\springframework\boot\spring-boot-starter-logging\3.2.4\spring-boot-starter-logging-3.2.4.jar;C:\Users\anh12\.m2\repository\ch\qos\logback\logback-classic\1.4.14\logback-classic-1.4.14.jar;C:\Users\anh12\.m2\repository\ch\qos\logback\logback-core\1.4.14\logback-core-1.4.14.jar;C:\Users\anh12\.m2\repository\org\apache\logging\log4j\log4j-to-slf4j\2.21.1\log4j-to-slf4j-2.21.1.jar;C:\Users\anh12\.m2\repository\org\apache\logging\log4j\log4j-api\2.21.1\log4j-api-2.21.1.jar;C:\Users\anh12\.m2\repository\org\slf4j\jul-to-slf4j\2.0.12\jul-to-slf4j-2.0.12.jar;C:\Users\anh12\.m2\repository\jakarta\annotation\jakarta.annotation-api\2.1.1\jakarta.annotation-api-2.1.1.jar;C:\Users\anh12\.m2\repository\org\yaml\snakeyaml\2.2\snakeyaml-2.2.jar;C:\Users\anh12\.m2\repository\org\springframework\boot\spring-boot-actuator-autoconfigure\3.2.4\spring-boot-actuator-autoconfigure-3.2.4.jar;C:\Users\anh12\.m2\repository\org\springframework\boot\spring-boot-actuator\3.2.4\spring-boot-actuator-3.2.4.jar;C:\Users\anh12\.m2\repository\com\fasterxml\jackson\datatype\jackson-datatype-jsr310\2.15.4\jackson-datatype-jsr310-2.15.4.jar;C:\Users\anh12\.m2\repository\io\micrometer\micrometer-observation\1.12.4\micrometer-observation-1.12.4.jar;C:\Users\anh12\.m2\repository\io\micrometer\micrometer-commons\1.12.4\micrometer-commons-1.12.4.jar;C:\Users\anh12\.m2\repository\io\micrometer\micrometer-jakarta9\1.12.4\micrometer-jakarta9-1.12.4.jar;C:\Users\anh12\.m2\repository\io\micrometer\micrometer-core\1.12.4\micrometer-core-1.12.4.jar;C:\Users\anh12\.m2\repository\org\hdrhistogram\HdrHistogram\2.1.12\HdrHistogram-2.1.12.jar;C:\Users\anh12\.m2\repository\org\latenc
Launcher Type: SUN_STANDARD

[Global flags]
     intx CICompilerCount                          = 3                                         {product} {ergonomic}
     uint ConcGCThreads                            = 1                                         {product} {ergonomic}
     uint G1ConcRefinementThreads                  = 4                                         {product} {ergonomic}
   size_t G1HeapRegionSize                         = 1048576                                   {product} {ergonomic}
    uintx GCDrainStackTargetSize                   = 64                                        {product} {ergonomic}
   size_t InitialHeapSize                          = 134217728                                 {product} {ergonomic}
     bool ManagementServer                         = true                                      {product} {command line}
   size_t MarkStackSize                            = 4194304                                   {product} {ergonomic}
   size_t MaxHeapSize                              = 2124414976                                {product} {ergonomic}
   size_t MaxNewSize                               = 1274019840                                {product} {ergonomic}
   size_t MinHeapDeltaBytes                        = 1048576                                   {product} {ergonomic}
   size_t MinHeapSize                              = 8388608                                   {product} {ergonomic}
    uintx NonProfiledCodeHeapSize                  = 0                                      {pd product} {ergonomic}
     bool ProfileInterpreter                       = false                                  {pd product} {command line}
    uintx ProfiledCodeHeapSize                     = 0                                      {pd product} {ergonomic}
     bool ShowCodeDetailsInExceptionMessages       = true                                   {manageable} {command line}
   size_t SoftMaxHeapSize                          = 2124414976                             {manageable} {ergonomic}
     intx TieredStopAtLevel                        = 1                                         {product} {command line}
     bool UseCompressedClassPointers               = true                           {product lp64_product} {ergonomic}
     bool UseCompressedOops                        = true                           {product lp64_product} {ergonomic}
     bool UseG1GC                                  = true                                      {product} {ergonomic}
     bool UseLargePagesIndividualAllocation        = false                                  {pd product} {ergonomic}

Logging:
Log output configuration:
 #0: stdout all=warning uptime,level,tags
 #1: stderr all=off uptime,level,tags

Environment Variables:
JAVA_HOME=C:\Program Files\Java\jdk-17
PATH=C:\Python312\Scripts\;C:\Python312\;C:\Program Files\Common Files\Oracle\Java\javapath;C:\Windows\system32;C:\Windows;C:\Windows\System32\Wbem;C:\Windows\System32\WindowsPowerShell\v1.0\;C:\Windows\System32\OpenSSH\;D:\tool\git\Git\cmd;C:\Program Files\nodejs\;C:\ProgramData\chocolatey\bin;D:\tool\maven\apache-maven-3.8.8\bin;D:\tool\maven\apache-maven-3.8.8\bin;D:\android-sdk\platform-tools;;C:\Program Files\Docker\Docker\resources\bin;C:\Users\anh12\AppData\Local\Microsoft\WindowsApps;D:\tool\vsc\Microsoft VS Code\bin;C:\Users\anh12\AppData\Roaming\npm;D:\tool\maven\apache-maven-3.8.8\bin;C:\Users\anh12\AppData\Local\Android\sdk\platform-tools;D:\android-sdk\platform-tools;
USERNAME=anh12
OS=Windows_NT
PROCESSOR_IDENTIFIER=Intel64 Family 6 Model 69 Stepping 1, GenuineIntel



---------------  S Y S T E M  ---------------

OS:
 Windows 10 , 64 bit Build 19041 (10.0.19041.3636)
OS uptime: 0 days 5:40 hours
Hyper-V role detected

CPU: total 4 (initial active 4) (2 cores per cpu, 2 threads per core) family 6 model 69 stepping 1 microcode 0x25, cx8, cmov, fxsr, ht, mmx, sse, sse2, sse3, ssse3, sse4.1, sse4.2, popcnt, lzcnt, tsc, tscinvbit, avx, avx2, aes, erms, clmul, bmi1, bmi2, fma, vzeroupper, clflush, hv

Memory: 4k page, system-wide physical 8097M (247M free)
TotalPageFile size 14031M (AvailPageFile size 0M)
current process WorkingSet (physical memory assigned to process): 196M, peak: 196M
current process commit charge ("private bytes"): 231M, peak: 241M

vm_info: Java HotSpot(TM) 64-Bit Server VM (17.0.9+11-LTS-201) for windows-amd64 JRE (17.0.9+11-LTS-201), built on Oct 10 2023 23:16:06 by "mach5one" with MS VC++ 17.1 (VS2022)

END.
